#
# A fatal error has been detected by the Java Runtime Environment:
#
#  SIGSEGV (0xb) at pc=0x00007f81f85c6401, pid=569, tid=776
#
# JRE version: OpenJDK Runtime Environment (11.0.8+10) (build 11.0.8+10-post-Ubuntu-0ubuntu118.04.1)
# Java VM: OpenJDK 64-Bit Server VM (11.0.8+10-post-Ubuntu-0ubuntu118.04.1, mixed mode, sharing, tiered, compressed oops, serial gc, linux-amd64)
# Problematic frame:
# C  [libjimage.so+0x2401]
#
# Core dump will be written. Default location: Core dumps may be processed with "/usr/share/apport/apport %p %s %c %d %P %E" (or dumping to /home/runner/programming-summative-2/core.569)
#
# If you would like to submit a bug report, please visit:
#   https://bugs.launchpad.net/ubuntu/+source/openjdk-lts
#

---------------  S U M M A R Y ------------

Command Line: Sketch

Host: Intel(R) Xeon(R) CPU @ 2.30GHz, 4 cores, 512M, Ubuntu 18.04.5 LTS
Time: Fri Nov 13 12:49:22 2020 UTC elapsed time: 482 seconds (0d 0h 8m 2s)

---------------  T H R E A D  ---------------

Current thread (0x00007f819c01a000):  JavaThread "XToolkt-Shutdown-Thread" [_thread_in_vm, id=776, stack(0x00007f81f3eff000,0x00007f81f4000000)]

Stack: [0x00007f81f3eff000,0x00007f81f4000000],  sp=0x00007f81f3ffd060,  free space=1016k
Native frames: (J=compiled Java code, A=aot compiled Java code, j=interpreted, Vv=VM code, C=native code)
C  [libjimage.so+0x2401]
C  [libjimage.so+0x30ea]
C  [libjimage.so+0x35c6]  JIMAGE_FindResource+0xd6
V  [libjvm.so+0x59097e]
V  [libjvm.so+0x5936e0]
V  [libjvm.so+0xd50b85]
V  [libjvm.so+0xd4e51a]
V  [libjvm.so+0xd51112]
V  [libjvm.so+0x647127]
V  [libjvm.so+0xa3c57a]
V  [libjvm.so+0x844136]
V  [libjvm.so+0x84502d]
j  sun.awt.X11.XToolkit.lambda$init$0()V+0 java.desktop@11.0.8
j  sun.awt.X11.XToolkit$$Lambda$11.run()V+4 java.desktop@11.0.8
j  java.lang.Thread.run()V+11 java.base@11.0.8
v  ~StubRoutines::call_stub
V  [libjvm.so+0x84eb09]
V  [libjvm.so+0x84cc4d]
V  [libjvm.so+0x8f6c9c]
V  [libjvm.so+0xd8996f]
V  [libjvm.so+0xd860bf]
V  [libjvm.so+0xbd632e]

Java frames: (J=compiled Java code, j=interpreted, Vv=VM code)
j  sun.awt.X11.XToolkit.lambda$init$0()V+0 java.desktop@11.0.8
j  sun.awt.X11.XToolkit$$Lambda$11.run()V+4 java.desktop@11.0.8
j  java.lang.Thread.run()V+11 java.base@11.0.8
v  ~StubRoutines::call_stub

siginfo: si_signo: 11 (SIGSEGV), si_code: 1 (SEGV_MAPERR), si_addr: 0x00007f81eb904ca8

Register to memory mapping:

RAX=0x0000000000000b23 is an unknown value
RBX=0x00007f81f3ffd111 is pointing into the stack for thread: 0x00007f819c01a000
RCX=0x00007f81eb90201c is an unknown value
RDX=0x0000000000000b23 is an unknown value
RSP=0x00007f81f3ffd060 is pointing into the stack for thread: 0x00007f819c01a000
RBP=0x00007f81f3ffd080 is pointing into the stack for thread: 0x00007f819c01a000
RSI=0x00007f81f3ffd110 is pointing into the stack for thread: 0x00007f819c01a000
RDI=0x00007f81f87c9030: <offset 0x0000000000205030> in /usr/lib/jvm/java-11-openjdk-amd64/lib/libjimage.so at 0x00007f81f85c4000
R8 =0x0 is NULL
R9 =0x00000000ca0d71f0 is an unknown value
R10=0x00007f81f3ffd134 is pointing into the stack for thread: 0x00007f819c01a000
R11=0x00007f81fa5ff07d: <offset 0x0000000000eb307d> in /usr/lib/jvm/java-11-openjdk-amd64/lib/server/libjvm.so at 0x00007f81f974c000
R12=0x00007f81f3ffd110 is pointing into the stack for thread: 0x00007f819c01a000
R13=0x00000000000083bc is an unknown value
R14=0x00007f81f3ffe1a8 is pointing into the stack for thread: 0x00007f819c01a000
R15=0x00007f81c807e610 points into unknown readable memory: 73 75 6e 2f 61 77 74 2f


Registers:
RAX=0x0000000000000b23, RBX=0x00007f81f3ffd111, RCX=0x00007f81eb90201c, RDX=0x0000000000000b23
RSP=0x00007f81f3ffd060, RBP=0x00007f81f3ffd080, RSI=0x00007f81f3ffd110, RDI=0x00007f81f87c9030
R8 =0x0000000000000000, R9 =0x00000000ca0d71f0, R10=0x00007f81f3ffd134, R11=0x00007f81fa5ff07d
R12=0x00007f81f3ffd110, R13=0x00000000000083bc, R14=0x00007f81f3ffe1a8, R15=0x00007f81c807e610
RIP=0x00007f81f85c6401, EFLAGS=0x0000000000010246, CSGSFS=0x002b000000000033, ERR=0x0000000000000004
  TRAPNO=0x000000000000000e

Top of Stack: (sp=0x00007f81f3ffd060)
0x00007f81f3ffd060:   0000000000000000 00007f81f4009600
0x00007f81f3ffd070:   0000000000000000 00007f81f3ffd110
0x00007f81f3ffd080:   00007f81f3ffd0f0 00007f81f85c70ea
0x00007f81f3ffd090:   0000000000000000 0000000000000000 

Instructions: (pc=0x00007f81f85c6401)
0x00007f81f85c6301:   c5 4c 01 e3 48 89 ce e8 d3 f3 ff ff e9 69 fd ff
0x00007f81f85c6311:   ff 89 d1 0f b7 74 08 fe 66 41 89 74 0e fe e9 7a
0x00007f81f85c6321:   fe ff ff 0f 1f 40 00 8b 08 49 8d 1c 16 41 89 0e
0x00007f81f85c6331:   89 d1 8b 74 08 fc 41 89 74 0e fc 48 8d 34 10 48
0x00007f81f85c6341:   89 75 b8 e9 0b fe ff ff 0f 1f 80 00 00 00 00 0f
0x00007f81f85c6351:   b6 17 55 89 f0 48 89 e5 84 d2 74 22 48 8d 4f 01
0x00007f81f85c6361:   0f 1f 80 00 00 00 00 48 83 c1 01 0f b6 f2 0f b6
0x00007f81f85c6371:   51 ff 69 c0 93 01 00 01 31 f0 84 d2 75 e9 25 ff
0x00007f81f85c6381:   ff ff 7f 5d c3 66 2e 0f 1f 84 00 00 00 00 00 48
0x00007f81f85c6391:   85 d2 0f 84 dd 00 00 00 85 c9 0f 84 d5 00 00 00
0x00007f81f85c63a1:   55 48 89 e5 41 55 41 54 53 48 8d 5e 01 48 83 ec
0x00007f81f85c63b1:   08 44 0f b6 06 45 84 c0 0f 84 a9 00 00 00 49 89
0x00007f81f85c63c1:   da b8 93 01 00 01 66 0f 1f 84 00 00 00 00 00 49
0x00007f81f85c63d1:   83 c2 01 44 69 c8 93 01 00 01 41 0f b6 c0 45 0f
0x00007f81f85c63e1:   b6 42 ff 44 31 c8 45 84 c0 75 e4 25 ff ff ff 7f
0x00007f81f85c63f1:   41 89 cd 48 89 d1 31 d2 41 f7 f5 49 89 f4 89 d0
0x00007f81f85c6401:   8b 34 81 48 8b 07 ff 50 20 83 f8 00 7e 41 41 0f
0x00007f81f85c6411:   b6 14 24 84 d2 74 1c 0f 1f 84 00 00 00 00 00 69
0x00007f81f85c6421:   c0 93 01 00 01 48 83 c3 01 31 d0 0f b6 53 ff 84
0x00007f81f85c6431:   d2 75 ec 25 ff ff ff 7f 31 d2 41 f7 f5 48 83 c4
0x00007f81f85c6441:   08 89 d0 5b 41 5c 41 5d 5d c3 0f 1f 44 00 00 74
0x00007f81f85c6451:   1d f7 d0 48 83 c4 08 89 c2 5b 89 d0 41 5c 41 5d
0x00007f81f85c6461:   5d c3 0f 1f 44 00 00 b8 93 01 00 01 eb 82 ba ff
0x00007f81f85c6471:   ff ff ff eb c8 83 ca ff 89 d0 c3 0f 1f 40 00 0f
0x00007f81f85c6481:   b6 17 55 48 89 f8 48 89 e5 84 d2 75 15 eb 1a 38
0x00007f81f85c6491:   ca 75 1c 48 83 c0 01 0f b6 10 48 83 c6 01 84 d2
0x00007f81f85c64a1:   74 07 0f b6 0e 84 c9 75 e6 5d c3 0f 1f 40 00 31
0x00007f81f85c64b1:   c0 5d c3 66 90 66 2e 0f 1f 84 00 00 00 00 00 55
0x00007f81f85c64c1:   48 85 f6 48 89 e5 74 57 0f 1f 80 00 00 00 00 0f
0x00007f81f85c64d1:   b6 06 84 c0 74 49 0f b6 d0 83 e0 07 c1 fa 03 44
0x00007f81f85c64e1:   8d 50 01 0f b6 c0 41 89 d1 48 8d 56 01 4c 8d 44
0x00007f81f85c64f1:   06 02 31 c0 0f 1f 00 0f b6 0a 48 c1 e0 08 48 83 


Stack slot to memory mapping:
stack at sp + 0 slots: 0x0 is NULL
stack at sp + 1 slots: 0x00007f81f4009600 points into unknown readable memory: 50 0f 00 98 81 7f 00 00
stack at sp + 2 slots: 0x0 is NULL
stack at sp + 3 slots: 0x00007f81f3ffd110 is pointing into the stack for thread: 0x00007f819c01a000
stack at sp + 4 slots: 0x00007f81f3ffd0f0 is pointing into the stack for thread: 0x00007f819c01a000
stack at sp + 5 slots: 0x00007f81f85c70ea: <offset 0x00000000000030ea> in /usr/lib/jvm/java-11-openjdk-amd64/lib/libjimage.so at 0x00007f81f85c4000
stack at sp + 6 slots: 0x0 is NULL
stack at sp + 7 slots: 0x0 is NULL


---------------  P R O C E S S  ---------------

Threads class SMR info:
_java_thread_list=0x00007f819c01b650, length=17, elements={
0x00007f81f4051000, 0x00007f81f4053000, 0x00007f81f4059000, 0x00007f81f405b800,
0x00007f81f405d800, 0x00007f81f405f800, 0x00007f81f40a2000, 0x00007f81f40ac000,
0x00007f81f41f4800, 0x00007f81f41f6800, 0x00007f81f433b800, 0x00007f81f433d800,
0x00007f81f4342800, 0x00007f81f4016000, 0x00007f81c4001800, 0x00007f81c4002800,
0x00007f819c01a000
}

Java Threads: ( => current thread )
  0x00007f81f4051000 JavaThread "Reference Handler" daemon [_thread_blocked, id=572, stack(0x00007f81db75f000,0x00007f81db860000)]
  0x00007f81f4053000 JavaThread "Finalizer" daemon [_thread_blocked, id=573, stack(0x00007f81db65e000,0x00007f81db75f000)]
  0x00007f81f4059000 JavaThread "Signal Dispatcher" daemon [_thread_blocked, id=574, stack(0x00007f81db3c2000,0x00007f81db4c3000)]
  0x00007f81f405b800 JavaThread "C2 CompilerThread0" daemon [_thread_blocked, id=575, stack(0x00007f81db2c1000,0x00007f81db3c2000)]
  0x00007f81f405d800 JavaThread "C1 CompilerThread0" daemon [_thread_blocked, id=576, stack(0x00007f81db1c0000,0x00007f81db2c1000)]
  0x00007f81f405f800 JavaThread "Sweeper thread" daemon [_thread_blocked, id=577, stack(0x00007f81db0bf000,0x00007f81db1c0000)]
  0x00007f81f40a2000 JavaThread "Service Thread" daemon [_thread_blocked, id=578, stack(0x00007f81dafbe000,0x00007f81db0bf000)]
  0x00007f81f40ac000 JavaThread "Common-Cleaner" daemon [_thread_blocked, id=580, stack(0x00007f81dadbb000,0x00007f81daebc000)]
  0x00007f81f41f4800 JavaThread "Java2D Disposer" daemon [_thread_blocked, id=616, stack(0x00007f81b1460000,0x00007f81b1561000)]
  0x00007f81f41f6800 JavaThread "AWT-XAWT" daemon [_thread_in_native, id=617, stack(0x00007f81b135f000,0x00007f81b1460000)]
  0x00007f81f433b800 JavaThread "AWT-Shutdown" [_thread_blocked, id=620, stack(0x00007f81b105c000,0x00007f81b115d000)]
  0x00007f81f433d800 JavaThread "AWT-EventQueue-0" [_thread_blocked, id=621, stack(0x00007f81b0f5b000,0x00007f81b105c000)]
  0x00007f81f4342800 JavaThread "Animation Thread" [_thread_blocked, id=622, stack(0x00007f81b0e5a000,0x00007f81b0f5b000)]
  0x00007f81f4016000 JavaThread "DestroyJavaVM" [_thread_blocked, id=570, stack(0x00007f81fb8b9000,0x00007f81fb9ba000)]
  0x00007f81c4001800 JavaThread "SIGTERM handler" daemon [_thread_blocked, id=774, stack(0x00007f81b125e000,0x00007f81b135f000)]
  0x00007f81c4002800 JavaThread "SIGHUP handler" daemon [_thread_blocked, id=775, stack(0x00007f81b115d000,0x00007f81b125e000)]
=>0x00007f819c01a000 JavaThread "XToolkt-Shutdown-Thread" [_thread_in_vm, id=776, stack(0x00007f81f3eff000,0x00007f81f4000000)]

Other Threads:
  0x00007f81f404e000 VMThread "VM Thread" [stack: 0x00007f81db862000,0x00007f81db962000] [id=571]
  0x00007f81f40a4800 WatcherThread [stack: 0x00007f81daebe000,0x00007f81dafbe000] [id=579]

Threads with active compile tasks:

VM state:not at safepoint (normal execution)

VM Mutex/Monitor currently owned by a thread: None

Heap address: 0x00000000f8000000, size: 128 MB, Compressed Oops mode: 32-bit
Narrow klass base: 0x0000000800000000, Narrow klass shift: 3
Compressed class space size: 1073741824 Address: 0x0000000840000000

Heap:
 def new generation   total 2432K, used 825K [0x00000000f8000000, 0x00000000f82a0000, 0x00000000faaa0000)
  eden space 2176K,  36% used [0x00000000f8000000, 0x00000000f80c6de0, 0x00000000f8220000)
  from space 256K,  11% used [0x00000000f8260000, 0x00000000f8267a18, 0x00000000f82a0000)
  to   space 256K,   0% used [0x00000000f8220000, 0x00000000f8220000, 0x00000000f8260000)
 tenured generation   total 5504K, used 5115K [0x00000000faaa0000, 0x00000000fb000000, 0x0000000100000000)
   the space 5504K,  92% used [0x00000000faaa0000, 0x00000000faf9ed70, 0x00000000faf9ee00, 0x00000000fb000000)
 Metaspace       used 9430K, capacity 9796K, committed 10112K, reserved 1058816K
  class space    used 912K, capacity 1092K, committed 1152K, reserved 1048576K

Card table byte_map: [0x00007f81fb878000,0x00007f81fb8b9000] _byte_map_base: 0x00007f81fb0b8000

Polling page: 0x00007f81fb9d6000

Metaspace:

Usage:
  Non-class:      8.50 MB capacity,     8.32 MB ( 98%) used,   150.59 KB (  2%) free+waste,    35.50 KB ( <1%) overhead. 
      Class:      1.07 MB capacity,   912.96 KB ( 84%) used,   158.29 KB ( 14%) free+waste,    20.75 KB (  2%) overhead. 
       Both:      9.57 MB capacity,     9.21 MB ( 96%) used,   308.88 KB (  3%) free+waste,    56.25 KB ( <1%) overhead. 

Virtual space:
  Non-class space:       10.00 MB reserved,       8.75 MB ( 88%) committed 
      Class space:        1.00 GB reserved,       1.12 MB ( <1%) committed 
             Both:        1.01 GB reserved,       9.88 MB ( <1%) committed 

Chunk freelists:
   Non-Class:  108.00 KB
       Class:  28.00 KB
        Both:  136.00 KB

MaxMetaspaceSize: unlimited
CompressedClassSpaceSize: 1.00 GB

CodeHeap 'non-profiled nmethods': size=120036Kb used=1095Kb max_used=1095Kb free=118940Kb
 bounds [0x00007f81e3d95000, 0x00007f81e4005000, 0x00007f81eb2ce000]
CodeHeap 'profiled nmethods': size=120032Kb used=3554Kb max_used=3554Kb free=116477Kb
 bounds [0x00007f81dc85d000, 0x00007f81dcbdd000, 0x00007f81e3d95000]
CodeHeap 'non-nmethods': size=5692Kb used=1239Kb max_used=1276Kb free=4452Kb
 bounds [0x00007f81dc2ce000, 0x00007f81dc53e000, 0x00007f81dc85d000]
 total_blobs=2486 nmethods=1846 adapters=554
 compilation: enabled
              stopped_count=0, restarted_count=0
 full_count=0

Compilation events (20 events):
Event: 300.204 Thread 0x00007f81f405b800 1857   !   4       sun.java2d.SurfaceDataProxy::replaceData (329 bytes)
Event: 300.219 Thread 0x00007f81f405b800 nmethod 1857 0x00007f81e3e9a910 code [0x00007f81e3e9aae0, 0x00007f81e3e9b598]
Event: 300.238 Thread 0x00007f81f405b800 1858   !   4       processing.core.PApplet::dequeueEvents (88 bytes)
Event: 300.320 Thread 0x00007f81f405b800 nmethod 1858 0x00007f81e3e9ba90 code [0x00007f81e3e9bd00, 0x00007f81e3e9cd10]
Event: 300.320 Thread 0x00007f81f405b800 1859       4       processing.awt.PGraphicsJava2D::beginDraw (77 bytes)
Event: 300.410 Thread 0x00007f81f405b800 nmethod 1859 0x00007f81e3e9d890 code [0x00007f81e3e9db40, 0x00007f81e3e9e390]
Event: 324.237 Thread 0x00007f81f405b800 1860       4       java.lang.Thread::sleep (61 bytes)
Event: 324.239 Thread 0x00007f81f405b800 nmethod 1860 0x00007f81e3e9ee90 code [0x00007f81e3e9f040, 0x00007f81e3e9f128]
Event: 327.537 Thread 0x00007f81f405b800 1861       4       java.util.concurrent.locks.AbstractQueuedSynchronizer$Node::compareAndSetWaitStatus (10 bytes)
Event: 327.539 Thread 0x00007f81f405b800 nmethod 1861 0x00007f81e3e9f210 code [0x00007f81e3e9f3a0, 0x00007f81e3e9f418]
Event: 330.168 Thread 0x00007f81f405b800 1862   !   4       processing.core.PSurfaceNone::checkPause (34 bytes)
Event: 330.169 Thread 0x00007f81f405b800 nmethod 1862 0x00007f81e3e9f490 code [0x00007f81e3e9f620, 0x00007f81e3e9f6b8]
Event: 330.169 Thread 0x00007f81f405b800 1863       4       processing.awt.PSurfaceAWT$12::callDraw (18 bytes)
Event: 330.803 Thread 0x00007f81f405b800 nmethod 1863 0x00007f81e3e9f790 code [0x00007f81e3e9fd80, 0x00007f81e3ea2bd8]
Event: 330.804 Thread 0x00007f81f405b800 1865       4       Sketch::draw (175 bytes)
Event: 330.908 Thread 0x00007f81f405b800 nmethod 1865 0x00007f81e3ea4c10 code [0x00007f81e3ea4fc0, 0x00007f81e3ea5fe8]
Event: 330.909 Thread 0x00007f81f405b800 1864       4       processing.awt.PGraphicsJava2D::endDraw (23 bytes)
Event: 330.910 Thread 0x00007f81f405b800 nmethod 1864 0x00007f81e3ea6990 code [0x00007f81e3ea6b20, 0x00007f81e3ea6c38]
Event: 339.637 Thread 0x00007f81f405d800 1866       3       sun.java2d.marlin.DCurve::xPoints (26 bytes)
Event: 339.638 Thread 0x00007f81f405d800 nmethod 1866 0x00007f81dcbd5590 code [0x00007f81dcbd5760, 0x00007f81dcbd58e0]

GC Heap History (20 events):
Event: 201.703 GC heap before
{Heap before GC invocations=13 (full 0):
 def new generation   total 2432K, used 2224K [0x00000000f8000000, 0x00000000f82a0000, 0x00000000faaa0000)
  eden space 2176K, 100% used [0x00000000f8000000, 0x00000000f8220000, 0x00000000f8220000)
  from space 256K,  18% used [0x00000000f8260000, 0x00000000f826c090, 0x00000000f82a0000)
  to   space 256K,   0% used [0x00000000f8220000, 0x00000000f8220000, 0x00000000f8260000)
 tenured generation   total 5504K, used 5095K [0x00000000faaa0000, 0x00000000fb000000, 0x0000000100000000)
   the space 5504K,  92% used [0x00000000faaa0000, 0x00000000faf99f78, 0x00000000faf9a000, 0x00000000fb000000)
 Metaspace       used 9427K, capacity 9796K, committed 10112K, reserved 1058816K
  class space    used 912K, capacity 1092K, committed 1152K, reserved 1048576K
}
Event: 201.704 GC heap after
{Heap after GC invocations=14 (full 0):
 def new generation   total 2432K, used 48K [0x00000000f8000000, 0x00000000f82a0000, 0x00000000faaa0000)
  eden space 2176K,   0% used [0x00000000f8000000, 0x00000000f8000000, 0x00000000f8220000)
  from space 256K,  18% used [0x00000000f8220000, 0x00000000f822c090, 0x00000000f8260000)
  to   space 256K,   0% used [0x00000000f8260000, 0x00000000f8260000, 0x00000000f82a0000)
 tenured generation   total 5504K, used 5095K [0x00000000faaa0000, 0x00000000fb000000, 0x0000000100000000)
   the space 5504K,  92% used [0x00000000faaa0000, 0x00000000faf99f78, 0x00000000faf9a000, 0x00000000fb000000)
 Metaspace       used 9427K, capacity 9796K, committed 10112K, reserved 1058816K
  class space    used 912K, capacity 1092K, committed 1152K, reserved 1048576K
}
Event: 243.002 GC heap before
{Heap before GC invocations=14 (full 0):
 def new generation   total 2432K, used 2224K [0x00000000f8000000, 0x00000000f82a0000, 0x00000000faaa0000)
  eden space 2176K, 100% used [0x00000000f8000000, 0x00000000f8220000, 0x00000000f8220000)
  from space 256K,  18% used [0x00000000f8220000, 0x00000000f822c090, 0x00000000f8260000)
  to   space 256K,   0% used [0x00000000f8260000, 0x00000000f8260000, 0x00000000f82a0000)
 tenured generation   total 5504K, used 5095K [0x00000000faaa0000, 0x00000000fb000000, 0x0000000100000000)
   the space 5504K,  92% used [0x00000000faaa0000, 0x00000000faf99f78, 0x00000000faf9a000, 0x00000000fb000000)
 Metaspace       used 9427K, capacity 9796K, committed 10112K, reserved 1058816K
  class space    used 912K, capacity 1092K, committed 1152K, reserved 1048576K
}
Event: 243.004 GC heap after
{Heap after GC invocations=15 (full 0):
 def new generation   total 2432K, used 48K [0x00000000f8000000, 0x00000000f82a0000, 0x00000000faaa0000)
  eden space 2176K,   0% used [0x00000000f8000000, 0x00000000f8000000, 0x00000000f8220000)
  from space 256K,  18% used [0x00000000f8260000, 0x00000000f826c090, 0x00000000f82a0000)
  to   space 256K,   0% used [0x00000000f8220000, 0x00000000f8220000, 0x00000000f8260000)
 tenured generation   total 5504K, used 5095K [0x00000000faaa0000, 0x00000000fb000000, 0x0000000100000000)
   the space 5504K,  92% used [0x00000000faaa0000, 0x00000000faf99f78, 0x00000000faf9a000, 0x00000000fb000000)
 Metaspace       used 9427K, capacity 9796K, committed 10112K, reserved 1058816K
  class space    used 912K, capacity 1092K, committed 1152K, reserved 1048576K
}
Event: 281.618 GC heap before
{Heap before GC invocations=15 (full 0):
 def new generation   total 2432K, used 2224K [0x00000000f8000000, 0x00000000f82a0000, 0x00000000faaa0000)
  eden space 2176K, 100% used [0x00000000f8000000, 0x00000000f8220000, 0x00000000f8220000)
  from space 256K,  18% used [0x00000000f8260000, 0x00000000f826c090, 0x00000000f82a0000)
  to   space 256K,   0% used [0x00000000f8220000, 0x00000000f8220000, 0x00000000f8260000)
 tenured generation   total 5504K, used 5095K [0x00000000faaa0000, 0x00000000fb000000, 0x0000000100000000)
   the space 5504K,  92% used [0x00000000faaa0000, 0x00000000faf99f78, 0x00000000faf9a000, 0x00000000fb000000)
 Metaspace       used 9427K, capacity 9796K, committed 10112K, reserved 1058816K
  class space    used 912K, capacity 1092K, committed 1152K, reserved 1048576K
}
Event: 281.621 GC heap after
{Heap after GC invocations=16 (full 0):
 def new generation   total 2432K, used 48K [0x00000000f8000000, 0x00000000f82a0000, 0x00000000faaa0000)
  eden space 2176K,   0% used [0x00000000f8000000, 0x00000000f8000000, 0x00000000f8220000)
  from space 256K,  18% used [0x00000000f8220000, 0x00000000f822c218, 0x00000000f8260000)
  to   space 256K,   0% used [0x00000000f8260000, 0x00000000f8260000, 0x00000000f82a0000)
 tenured generation   total 5504K, used 5095K [0x00000000faaa0000, 0x00000000fb000000, 0x0000000100000000)
   the space 5504K,  92% used [0x00000000faaa0000, 0x00000000faf99f78, 0x00000000faf9a000, 0x00000000fb000000)
 Metaspace       used 9427K, capacity 9796K, committed 10112K, reserved 1058816K
  class space    used 912K, capacity 1092K, committed 1152K, reserved 1048576K
}
Event: 307.603 GC heap before
{Heap before GC invocations=16 (full 0):
 def new generation   total 2432K, used 2224K [0x00000000f8000000, 0x00000000f82a0000, 0x00000000faaa0000)
  eden space 2176K, 100% used [0x00000000f8000000, 0x00000000f8220000, 0x00000000f8220000)
  from space 256K,  18% used [0x00000000f8220000, 0x00000000f822c218, 0x00000000f8260000)
  to   space 256K,   0% used [0x00000000f8260000, 0x00000000f8260000, 0x00000000f82a0000)
 tenured generation   total 5504K, used 5095K [0x00000000faaa0000, 0x00000000fb000000, 0x0000000100000000)
   the space 5504K,  92% used [0x00000000faaa0000, 0x00000000faf99f78, 0x00000000faf9a000, 0x00000000fb000000)
 Metaspace       used 9427K, capacity 9796K, committed 10112K, reserved 1058816K
  class space    used 912K, capacity 1092K, committed 1152K, reserved 1048576K
}
Event: 307.604 GC heap after
{Heap after GC invocations=17 (full 0):
 def new generation   total 2432K, used 49K [0x00000000f8000000, 0x00000000f82a0000, 0x00000000faaa0000)
  eden space 2176K,   0% used [0x00000000f8000000, 0x00000000f8000000, 0x00000000f8220000)
  from space 256K,  19% used [0x00000000f8260000, 0x00000000f826c5a0, 0x00000000f82a0000)
  to   space 256K,   0% used [0x00000000f8220000, 0x00000000f8220000, 0x00000000f8260000)
 tenured generation   total 5504K, used 5095K [0x00000000faaa0000, 0x00000000fb000000, 0x0000000100000000)
   the space 5504K,  92% used [0x00000000faaa0000, 0x00000000faf99f78, 0x00000000faf9a000, 0x00000000fb000000)
 Metaspace       used 9427K, capacity 9796K, committed 10112K, reserved 1058816K
  class space    used 912K, capacity 1092K, committed 1152K, reserved 1048576K
}
Event: 334.268 GC heap before
{Heap before GC invocations=17 (full 0):
 def new generation   total 2432K, used 2225K [0x00000000f8000000, 0x00000000f82a0000, 0x00000000faaa0000)
  eden space 2176K, 100% used [0x00000000f8000000, 0x00000000f8220000, 0x00000000f8220000)
  from space 256K,  19% used [0x00000000f8260000, 0x00000000f826c5a0, 0x00000000f82a0000)
  to   space 256K,   0% used [0x00000000f8220000, 0x00000000f8220000, 0x00000000f8260000)
 tenured generation   total 5504K, used 5095K [0x00000000faaa0000, 0x00000000fb000000, 0x0000000100000000)
   the space 5504K,  92% used [0x00000000faaa0000, 0x00000000faf99f78, 0x00000000faf9a000, 0x00000000fb000000)
 Metaspace       used 9427K, capacity 9796K, committed 10112K, reserved 1058816K
  class space    used 912K, capacity 1092K, committed 1152K, reserved 1048576K
}
Event: 334.269 GC heap after
{Heap after GC invocations=18 (full 0):
 def new generation   total 2432K, used 50K [0x00000000f8000000, 0x00000000f82a0000, 0x00000000faaa0000)
  eden space 2176K,   0% used [0x00000000f8000000, 0x00000000f8000000, 0x00000000f8220000)
  from space 256K,  19% used [0x00000000f8220000, 0x00000000f822c810, 0x00000000f8260000)
  to   space 256K,   0% used [0x00000000f8260000, 0x00000000f8260000, 0x00000000f82a0000)
 tenured generation   total 5504K, used 5095K [0x00000000faaa0000, 0x00000000fb000000, 0x0000000100000000)
   the space 5504K,  92% used [0x00000000faaa0000, 0x00000000faf99f78, 0x00000000faf9a000, 0x00000000fb000000)
 Metaspace       used 9427K, capacity 9796K, committed 10112K, reserved 1058816K
  class space    used 912K, capacity 1092K, committed 1152K, reserved 1048576K
}
Event: 362.237 GC heap before
{Heap before GC invocations=18 (full 0):
 def new generation   total 2432K, used 2226K [0x00000000f8000000, 0x00000000f82a0000, 0x00000000faaa0000)
  eden space 2176K, 100% used [0x00000000f8000000, 0x00000000f8220000, 0x00000000f8220000)
  from space 256K,  19% used [0x00000000f8220000, 0x00000000f822c810, 0x00000000f8260000)
  to   space 256K,   0% used [0x00000000f8260000, 0x00000000f8260000, 0x00000000f82a0000)
 tenured generation   total 5504K, used 5095K [0x00000000faaa0000, 0x00000000fb000000, 0x0000000100000000)
   the space 5504K,  92% used [0x00000000faaa0000, 0x00000000faf99f78, 0x00000000faf9a000, 0x00000000fb000000)
 Metaspace       used 9427K, capacity 9796K, committed 10112K, reserved 1058816K
  class space    used 912K, capacity 1092K, committed 1152K, reserved 1048576K
}
Event: 362.238 GC heap after
{Heap after GC invocations=19 (full 0):
 def new generation   total 2432K, used 50K [0x00000000f8000000, 0x00000000f82a0000, 0x00000000faaa0000)
  eden space 2176K,   0% used [0x00000000f8000000, 0x00000000f8000000, 0x00000000f8220000)
  from space 256K,  19% used [0x00000000f8260000, 0x00000000f826c8e0, 0x00000000f82a0000)
  to   space 256K,   0% used [0x00000000f8220000, 0x00000000f8220000, 0x00000000f8260000)
 tenured generation   total 5504K, used 5095K [0x00000000faaa0000, 0x00000000fb000000, 0x0000000100000000)
   the space 5504K,  92% used [0x00000000faaa0000, 0x00000000faf99f78, 0x00000000faf9a000, 0x00000000fb000000)
 Metaspace       used 9427K, capacity 9796K, committed 10112K, reserved 1058816K
  class space    used 912K, capacity 1092K, committed 1152K, reserved 1048576K
}
Event: 388.947 GC heap before
{Heap before GC invocations=19 (full 0):
 def new generation   total 2432K, used 2226K [0x00000000f8000000, 0x00000000f82a0000, 0x00000000faaa0000)
  eden space 2176K, 100% used [0x00000000f8000000, 0x00000000f8220000, 0x00000000f8220000)
  from space 256K,  19% used [0x00000000f8260000, 0x00000000f826c8e0, 0x00000000f82a0000)
  to   space 256K,   0% used [0x00000000f8220000, 0x00000000f8220000, 0x00000000f8260000)
 tenured generation   total 5504K, used 5095K [0x00000000faaa0000, 0x00000000fb000000, 0x0000000100000000)
   the space 5504K,  92% used [0x00000000faaa0000, 0x00000000faf99f78, 0x00000000faf9a000, 0x00000000fb000000)
 Metaspace       used 9427K, capacity 9796K, committed 10112K, reserved 1058816K
  class space    used 912K, capacity 1092K, committed 1152K, reserved 1048576K
}
Event: 388.948 GC heap after
{Heap after GC invocations=20 (full 0):
 def new generation   total 2432K, used 50K [0x00000000f8000000, 0x00000000f82a0000, 0x00000000faaa0000)
  eden space 2176K,   0% used [0x00000000f8000000, 0x00000000f8000000, 0x00000000f8220000)
  from space 256K,  19% used [0x00000000f8220000, 0x00000000f822c810, 0x00000000f8260000)
  to   space 256K,   0% used [0x00000000f8260000, 0x00000000f8260000, 0x00000000f82a0000)
 tenured generation   total 5504K, used 5095K [0x00000000faaa0000, 0x00000000fb000000, 0x0000000100000000)
   the space 5504K,  92% used [0x00000000faaa0000, 0x00000000faf99f78, 0x00000000faf9a000, 0x00000000fb000000)
 Metaspace       used 9427K, capacity 9796K, committed 10112K, reserved 1058816K
  class space    used 912K, capacity 1092K, committed 1152K, reserved 1048576K
}
Event: 415.524 GC heap before
{Heap before GC invocations=20 (full 0):
 def new generation   total 2432K, used 2226K [0x00000000f8000000, 0x00000000f82a0000, 0x00000000faaa0000)
  eden space 2176K, 100% used [0x00000000f8000000, 0x00000000f8220000, 0x00000000f8220000)
  from space 256K,  19% used [0x00000000f8220000, 0x00000000f822c810, 0x00000000f8260000)
  to   space 256K,   0% used [0x00000000f8260000, 0x00000000f8260000, 0x00000000f82a0000)
 tenured generation   total 5504K, used 5095K [0x00000000faaa0000, 0x00000000fb000000, 0x0000000100000000)
   the space 5504K,  92% used [0x00000000faaa0000, 0x00000000faf99f78, 0x00000000faf9a000, 0x00000000fb000000)
 Metaspace       used 9427K, capacity 9796K, committed 10112K, reserved 1058816K
  class space    used 912K, capacity 1092K, committed 1152K, reserved 1048576K
}
Event: 415.525 GC heap after
{Heap after GC invocations=21 (full 0):
 def new generation   total 2432K, used 50K [0x00000000f8000000, 0x00000000f82a0000, 0x00000000faaa0000)
  eden space 2176K,   0% used [0x00000000f8000000, 0x00000000f8000000, 0x00000000f8220000)
  from space 256K,  19% used [0x00000000f8260000, 0x00000000f826c810, 0x00000000f82a0000)
  to   space 256K,   0% used [0x00000000f8220000, 0x00000000f8220000, 0x00000000f8260000)
 tenured generation   total 5504K, used 5095K [0x00000000faaa0000, 0x00000000fb000000, 0x0000000100000000)
   the space 5504K,  92% used [0x00000000faaa0000, 0x00000000faf99f78, 0x00000000faf9a000, 0x00000000fb000000)
 Metaspace       used 9427K, capacity 9796K, committed 10112K, reserved 1058816K
  class space    used 912K, capacity 1092K, committed 1152K, reserved 1048576K
}
Event: 441.990 GC heap before
{Heap before GC invocations=21 (full 0):
 def new generation   total 2432K, used 2226K [0x00000000f8000000, 0x00000000f82a0000, 0x00000000faaa0000)
  eden space 2176K, 100% used [0x00000000f8000000, 0x00000000f8220000, 0x00000000f8220000)
  from space 256K,  19% used [0x00000000f8260000, 0x00000000f826c810, 0x00000000f82a0000)
  to   space 256K,   0% used [0x00000000f8220000, 0x00000000f8220000, 0x00000000f8260000)
 tenured generation   total 5504K, used 5095K [0x00000000faaa0000, 0x00000000fb000000, 0x0000000100000000)
   the space 5504K,  92% used [0x00000000faaa0000, 0x00000000faf99f78, 0x00000000faf9a000, 0x00000000fb000000)
 Metaspace       used 9427K, capacity 9796K, committed 10112K, reserved 1058816K
  class space    used 912K, capacity 1092K, committed 1152K, reserved 1048576K
}
Event: 441.991 GC heap after
{Heap after GC invocations=22 (full 0):
 def new generation   total 2432K, used 50K [0x00000000f8000000, 0x00000000f82a0000, 0x00000000faaa0000)
  eden space 2176K,   0% used [0x00000000f8000000, 0x00000000f8000000, 0x00000000f8220000)
  from space 256K,  19% used [0x00000000f8220000, 0x00000000f822c810, 0x00000000f8260000)
  to   space 256K,   0% used [0x00000000f8260000, 0x00000000f8260000, 0x00000000f82a0000)
 tenured generation   total 5504K, used 5095K [0x00000000faaa0000, 0x00000000fb000000, 0x0000000100000000)
   the space 5504K,  92% used [0x00000000faaa0000, 0x00000000faf99f78, 0x00000000faf9a000, 0x00000000fb000000)
 Metaspace       used 9427K, capacity 9796K, committed 10112K, reserved 1058816K
  class space    used 912K, capacity 1092K, committed 1152K, reserved 1048576K
}
Event: 472.521 GC heap before
{Heap before GC invocations=22 (full 0):
 def new generation   total 2432K, used 2226K [0x00000000f8000000, 0x00000000f82a0000, 0x00000000faaa0000)
  eden space 2176K, 100% used [0x00000000f8000000, 0x00000000f8220000, 0x00000000f8220000)
  from space 256K,  19% used [0x00000000f8220000, 0x00000000f822c810, 0x00000000f8260000)
  to   space 256K,   0% used [0x00000000f8260000, 0x00000000f8260000, 0x00000000f82a0000)
 tenured generation   total 5504K, used 5095K [0x00000000faaa0000, 0x00000000fb000000, 0x0000000100000000)
   the space 5504K,  92% used [0x00000000faaa0000, 0x00000000faf99f78, 0x00000000faf9a000, 0x00000000fb000000)
 Metaspace       used 9427K, capacity 9796K, committed 10112K, reserved 1058816K
  class space    used 912K, capacity 1092K, committed 1152K, reserved 1048576K
}
Event: 472.597 GC heap after
{Heap after GC invocations=23 (full 0):
 def new generation   total 2432K, used 30K [0x00000000f8000000, 0x00000000f82a0000, 0x00000000faaa0000)
  eden space 2176K,   0% used [0x00000000f8000000, 0x00000000f8000000, 0x00000000f8220000)
  from space 256K,  11% used [0x00000000f8260000, 0x00000000f8267a18, 0x00000000f82a0000)
  to   space 256K,   0% used [0x00000000f8220000, 0x00000000f8220000, 0x00000000f8260000)
 tenured generation   total 5504K, used 5115K [0x00000000faaa0000, 0x00000000fb000000, 0x0000000100000000)
   the space 5504K,  92% used [0x00000000faaa0000, 0x00000000faf9ed70, 0x00000000faf9ee00, 0x00000000fb000000)
 Metaspace       used 9427K, capacity 9796K, committed 10112K, reserved 1058816K
  class space    used 912K, capacity 1092K, committed 1152K, reserved 1048576K
}

Deoptimization events (20 events):
Event: 16.005 Thread 0x00007f81f4342800 Uncommon trap: trap_request=0xffffff4d fr.pc=0x00007f81e3dffc74 relative=0x00000000000000d4
Event: 16.005 Thread 0x00007f81f4342800 Uncommon trap: reason=unstable_if action=reinterpret pc=0x00007f81e3dffc74 method=sun.java2d.marlin.DHelpers.outcode(DD[D)I @ 39 c2
Event: 16.005 Thread 0x00007f81f4342800 DEOPT PACKING pc=0x00007f81e3dffc74 sp=0x00007f81b0f59050
Event: 16.005 Thread 0x00007f81f4342800 DEOPT UNPACKING pc=0x00007f81dc2f41a5 sp=0x00007f81b0f58ff0 mode 2
Event: 16.053 Thread 0x00007f81f4342800 DEOPT PACKING pc=0x00007f81dc9cc017 sp=0x00007f81b0f591b0
Event: 16.053 Thread 0x00007f81f4342800 DEOPT UNPACKING pc=0x00007f81dc2f3fba sp=0x00007f81b0f585d0 mode 0
Event: 16.212 Thread 0x00007f81f4342800 DEOPT PACKING pc=0x00007f81dc9ef0f5 sp=0x00007f81b0f59240
Event: 16.212 Thread 0x00007f81f4342800 DEOPT UNPACKING pc=0x00007f81dc2f3fba sp=0x00007f81b0f58730 mode 0
Event: 141.805 Thread 0x00007f81f4342800 Uncommon trap: trap_request=0xffffff4d fr.pc=0x00007f81e3e34498 relative=0x0000000000000478
Event: 141.805 Thread 0x00007f81f4342800 Uncommon trap: reason=unstable_if action=reinterpret pc=0x00007f81e3e34498 method=java.util.concurrent.locks.ReentrantLock$Sync.nonfairTryAcquire(I)Z @ 19 c2
Event: 141.805 Thread 0x00007f81f4342800 DEOPT PACKING pc=0x00007f81e3e34498 sp=0x00007f81b0f59140
Event: 141.805 Thread 0x00007f81f4342800 DEOPT UNPACKING pc=0x00007f81dc2f41a5 sp=0x00007f81b0f58f80 mode 2
Event: 149.314 Thread 0x00007f81f4342800 Uncommon trap: trap_request=0xffffff4d fr.pc=0x00007f81e3e15760 relative=0x0000000000000120
Event: 149.314 Thread 0x00007f81f4342800 Uncommon trap: reason=unstable_if action=reinterpret pc=0x00007f81e3e15760 method=java.util.concurrent.locks.ReentrantLock$Sync.nonfairTryAcquire(I)Z @ 19 c2
Event: 149.314 Thread 0x00007f81f4342800 DEOPT PACKING pc=0x00007f81e3e15760 sp=0x00007f81b0f590f0
Event: 149.314 Thread 0x00007f81f4342800 DEOPT UNPACKING pc=0x00007f81dc2f41a5 sp=0x00007f81b0f59020 mode 2
Event: 156.406 Thread 0x00007f81f4342800 Uncommon trap: trap_request=0xffffff4d fr.pc=0x00007f81e3e2b9d4 relative=0x0000000000000034
Event: 156.406 Thread 0x00007f81f4342800 Uncommon trap: reason=unstable_if action=reinterpret pc=0x00007f81e3e2b9d4 method=sun.java2d.marlin.DHelpers.isort([DI)V @ 4 c2
Event: 156.406 Thread 0x00007f81f4342800 DEOPT PACKING pc=0x00007f81e3e2b9d4 sp=0x00007f81b0f59280
Event: 156.406 Thread 0x00007f81f4342800 DEOPT UNPACKING pc=0x00007f81dc2f41a5 sp=0x00007f81b0f59208 mode 2

Classes redefined (0 events):
No events

Internal exceptions (20 events):
Event: 0.429 Thread 0x00007f81f4016000 Exception <a 'java/lang/ClassNotFoundException'{0x00000000f81634a8}: sun/awt/resources/spi/awtProvider> (0x00000000f81634a8) thrown at [./src/hotspot/share/classfile/systemDictionary.cpp, line 231]
Event: 0.703 Thread 0x00007f81f4016000 Exception <a 'java/io/FileNotFoundException'{0x00000000f8202e38}> (0x00000000f8202e38) thrown at [./src/hotspot/share/prims/jni.cpp, line 615]
Event: 0.810 Thread 0x00007f81f4016000 Exception <a 'java/lang/NoSuchMethodError'{0x00000000f8044ac8}: 'java.lang.Object java.lang.invoke.DirectMethodHandle$Holder.invokeStatic(java.lang.Object, java.lang.Object, java.lang.Object, java.lang.Object, java.lang.Object, java.lang.Object, java.lang.Object, java.lang.Object, java.lang.Object, java.lang.Object, java.lang.Object, java.lang.Object, java.lang.Object, java.lang.Object, java.lang.Object)'> (0x00000000f8044ac8) thrown at [./src/hotspot/share/interpreter/linkResolver.cpp, line 773]
Event: 0.815 Thread 0x00007f81f4016000 Exception <a 'java/lang/NoSuchMethodError'{0x00000000f8052d98}: 'java.lang.Object java.lang.invoke.DirectMethodHandle$Holder.invokeStatic(java.lang.Object, java.lang.Object, java.lang.Object, java.lang.Object, java.lang.Object, java.lang.Object, java.lang.Object, java.lang.Object, java.lang.Object, java.lang.Object, java.lang.Object, java.lang.Object, java.lang.Object, java.lang.Object, java.lang.Object, java.lang.Object)'> (0x00000000f8052d98) thrown at [./src/hotspot/share/interpreter/linkResolver.cpp, l
Event: 0.822 Thread 0x00007f81f4016000 Exception <a 'java/lang/NoSuchMethodError'{0x00000000f8060cc8}: 'java.lang.Object java.lang.invoke.DirectMethodHandle$Holder.invokeSpecial(java.lang.Object, java.lang.Object, int, int, java.lang.Object, java.lang.Object, java.lang.Object)'> (0x00000000f8060cc8) thrown at [./src/hotspot/share/interpreter/linkResolver.cpp, line 773]
Event: 0.823 Thread 0x00007f81f4016000 Exception <a 'java/lang/NoSuchMethodError'{0x00000000f8064258}: 'java.lang.Object java.lang.invoke.DelegatingMethodHandle$Holder.reinvoke_L(java.lang.Object, int, int, java.lang.Object, java.lang.Object, java.lang.Object)'> (0x00000000f8064258) thrown at [./src/hotspot/share/interpreter/linkResolver.cpp, line 773]
Event: 0.824 Thread 0x00007f81f4016000 Exception <a 'java/lang/NoSuchMethodError'{0x00000000f8068588}: 'java.lang.Object java.lang.invoke.DirectMethodHandle$Holder.invokeStatic(java.lang.Object, java.lang.Object, java.lang.Object, java.lang.Object, int)'> (0x00000000f8068588) thrown at [./src/hotspot/share/interpreter/linkResolver.cpp, line 773]
Event: 8.041 Thread 0x00007f81f4016000 Exception <a 'java/lang/NoSuchMethodError'{0x00000000f81c7e28}: 'java.lang.Object java.lang.invoke.DirectMethodHandle$Holder.invokeStatic(java.lang.Object, java.lang.Object, java.lang.Object, java.lang.Object, java.lang.Object, java.lang.Object, java.lang.Object, java.lang.Object, int)'> (0x00000000f81c7e28) thrown at [./src/hotspot/share/interpreter/linkResolver.cpp, line 773]
Event: 8.045 Thread 0x00007f81f4016000 Exception <a 'java/lang/NoSuchMethodError'{0x00000000f81e2708}: 'java.lang.Object java.lang.invoke.DirectMethodHandle$Holder.invokeStatic(java.lang.Object, java.lang.Object, java.lang.Object, java.lang.Object, java.lang.Object, java.lang.Object, java.lang.Object, java.lang.Object, int, int)'> (0x00000000f81e2708) thrown at [./src/hotspot/share/interpreter/linkResolver.cpp, line 773]
Event: 8.098 Thread 0x00007f81f4016000 Exception <a 'java/lang/NoSuchMethodError'{0x00000000f81eeb00}: 'void java.lang.invoke.DirectMethodHandle$Holder.invokeSpecial(java.lang.Object, java.lang.Object)'> (0x00000000f81eeb00) thrown at [./src/hotspot/share/interpreter/linkResolver.cpp, line 773]
Event: 8.516 Thread 0x00007f81f4016000 Exception <a 'java/lang/NoSuchMethodError'{0x00000000f81e8b30}: 'java.lang.Object java.lang.invoke.DirectMethodHandle$Holder.invokeStatic(java.lang.Object, int, java.lang.Object, java.lang.Object, java.lang.Object, java.lang.Object)'> (0x00000000f81e8b30) thrown at [./src/hotspot/share/interpreter/linkResolver.cpp, line 773]
Event: 8.517 Thread 0x00007f81f4016000 Exception <a 'java/lang/NoSuchMethodError'{0x00000000f81efbf0}: 'java.lang.Object java.lang.invoke.DirectMethodHandle$Holder.invokeStatic(java.lang.Object, int, java.lang.Object, java.lang.Object, java.lang.Object)'> (0x00000000f81efbf0) thrown at [./src/hotspot/share/interpreter/linkResolver.cpp, line 773]
Event: 8.517 Thread 0x00007f81f4016000 Exception <a 'java/lang/NoSuchMethodError'{0x00000000f81f3980}: 'java.lang.Object java.lang.invoke.DirectMethodHandle$Holder.invokeSpecial(java.lang.Object, java.lang.Object, int, java.lang.Object, java.lang.Object, java.lang.Object)'> (0x00000000f81f3980) thrown at [./src/hotspot/share/interpreter/linkResolver.cpp, line 773]
Event: 8.521 Thread 0x00007f81f4016000 Exception <a 'java/lang/NoSuchMethodError'{0x00000000f820b670}: 'java.lang.Object java.lang.invoke.DirectMethodHandle$Holder.invokeStatic(java.lang.Object, int, java.lang.Object)'> (0x00000000f820b670) thrown at [./src/hotspot/share/interpreter/linkResolver.cpp, line 773]
Event: 8.901 Thread 0x00007f81f4016000 Exception <a 'java/lang/NoSuchMethodError'{0x00000000f80e4f48}: 'java.lang.Object java.lang.invoke.Invokers$Holder.linkToTargetMethod(java.lang.Object, int, java.lang.Object)'> (0x00000000f80e4f48) thrown at [./src/hotspot/share/interpreter/linkResolver.cpp, line 773]
Event: 8.920 Thread 0x00007f81f4016000 Exception <a 'java/lang/ClassNotFoundException'{0x00000000f80ed370}: com/sun/swing/internal/plaf/metal/resources/spi/metalProvider> (0x00000000f80ed370) thrown at [./src/hotspot/share/classfile/systemDictionary.cpp, line 231]
Event: 8.932 Thread 0x00007f81f4016000 Exception <a 'java/lang/ClassNotFoundException'{0x00000000f80f1af0}: com/sun/swing/internal/plaf/basic/resources/spi/basicProvider> (0x00000000f80f1af0) thrown at [./src/hotspot/share/classfile/systemDictionary.cpp, line 231]
Event: 9.253 Thread 0x00007f81f4016000 Exception <a 'java/lang/NoSuchMethodError'{0x00000000f81827f8}: 'void java.lang.invoke.DirectMethodHandle$Holder.invokeStaticInit(java.lang.Object)'> (0x00000000f81827f8) thrown at [./src/hotspot/share/interpreter/linkResolver.cpp, line 773]
Event: 9.297 Thread 0x00007f81f4016000 Exception <a 'java/lang/NoSuchMethodError'{0x00000000f81bfaf0}: 'java.lang.Object java.lang.invoke.DirectMethodHandle$Holder.invokeStatic(java.lang.Object, java.lang.Object, java.lang.Object, java.lang.Object, java.lang.Object, java.lang.Object, java.lang.Object, java.lang.Object, java.lang.Object, java.lang.Object, java.lang.Object, java.lang.Object, java.lang.Object, int)'> (0x00000000f81bfaf0) thrown at [./src/hotspot/share/interpreter/linkResolver.cpp, line 773]
Event: 9.300 Thread 0x00007f81f4016000 Exception <a 'java/lang/NoSuchMethodError'{0x00000000f81cc730}: 'java.lang.Object java.lang.invoke.DirectMethodHandle$Holder.invokeStatic(java.lang.Object, java.lang.Object, java.lang.Object, java.lang.Object, java.lang.Object, java.lang.Object, java.lang.Object, java.lang.Object, java.lang.Object, java.lang.Object, java.lang.Object, java.lang.Object, java.lang.Object, int, int)'> (0x00000000f81cc730) thrown at [./src/hotspot/share/interpreter/linkResolver.cpp, line 773]

Events (20 events):
Event: 415.525 Executing VM operation: GenCollectForAllocation done
Event: 441.990 Executing VM operation: GenCollectForAllocation
Event: 441.991 Executing VM operation: GenCollectForAllocation done
Event: 472.499 Executing VM operation: GenCollectForAllocation
Event: 472.597 Executing VM operation: GenCollectForAllocation done
Event: 482.419 loading class jdk/internal/misc/Signal$1
Event: 482.419 loading class jdk/internal/misc/Signal$1 done
Event: 482.420 Thread 0x00007f81c4001800 Thread added: 0x00007f81c4001800
Event: 482.420 Protecting memory [0x00007f81b125e000,0x00007f81b1262000] with protection modes 0
Event: 482.420 Executing VM operation: RevokeBias
Event: 482.420 Thread 0x00007f81c4002800 Thread added: 0x00007f81c4002800
Event: 482.424 Protecting memory [0x00007f81b115d000,0x00007f81b1161000] with protection modes 0
Event: 482.497 Executing VM operation: RevokeBias done
Event: 482.497 Executing VM operation: RevokeBias
Event: 482.502 Executing VM operation: RevokeBias done
Event: 482.509 Thread 0x00007f819c01a000 Thread added: 0x00007f819c01a000
Event: 482.510 Executing VM operation: RevokeBias
Event: 482.510 Protecting memory [0x00007f81f3eff000,0x00007f81f3f03000] with protection modes 0
Event: 482.510 Executing VM operation: RevokeBias done
Event: 482.511 loading class sun/awt/X11/XSystemTrayPeer


Dynamic libraries:
f8000000-f82a0000 rw-p 00000000 00:00 0 
f82a0000-faaa0000 ---p 00000000 00:00 0 
faaa0000-fb000000 rw-p 00000000 00:00 0 
fb000000-100000000 ---p 00000000 00:00 0 
800000000-800002000 rwxp 00001000 08:01 2329427                          /usr/lib/jvm/java-11-openjdk-amd64/lib/server/classes.jsa
800002000-8003b8000 rw-p 00003000 08:01 2329427                          /usr/lib/jvm/java-11-openjdk-amd64/lib/server/classes.jsa
8003b8000-800a93000 r--p 003b9000 08:01 2329427                          /usr/lib/jvm/java-11-openjdk-amd64/lib/server/classes.jsa
800a93000-800a94000 rw-p 00a94000 08:01 2329427                          /usr/lib/jvm/java-11-openjdk-amd64/lib/server/classes.jsa
800a94000-8010a0000 r--p 00a95000 08:01 2329427                          /usr/lib/jvm/java-11-openjdk-amd64/lib/server/classes.jsa
840000000-840120000 rw-p 00000000 00:00 0 
840120000-880000000 ---p 00000000 00:00 0 
55848c15a000-55848c15b000 r-xp 00000000 08:01 2329059                    /usr/lib/jvm/java-11-openjdk-amd64/bin/java
55848c35b000-55848c35c000 r--p 00001000 08:01 2329059                    /usr/lib/jvm/java-11-openjdk-amd64/bin/java
55848c35c000-55848c35d000 rw-p 00002000 08:01 2329059                    /usr/lib/jvm/java-11-openjdk-amd64/bin/java
55848d097000-55848d0b8000 rw-p 00000000 00:00 0                          [heap]
7f8188000000-7f81881a5000 rw-p 00000000 00:00 0 
7f81881a5000-7f818c000000 ---p 00000000 00:00 0 
7f818c000000-7f818c03e000 rw-p 00000000 00:00 0 
7f818c03e000-7f8190000000 ---p 00000000 00:00 0 
7f8190000000-7f8190021000 rw-p 00000000 00:00 0 
7f8190021000-7f8194000000 ---p 00000000 00:00 0 
7f8194000000-7f8194021000 rw-p 00000000 00:00 0 
7f8194021000-7f8198000000 ---p 00000000 00:00 0 
7f8198000000-7f8198021000 rw-p 00000000 00:00 0 
7f8198021000-7f819c000000 ---p 00000000 00:00 0 
7f819c000000-7f819c053000 rw-p 00000000 00:00 0 
7f819c053000-7f81a0000000 ---p 00000000 00:00 0 
7f81a0000000-7f81a0021000 rw-p 00000000 00:00 0 
7f81a0021000-7f81a4000000 ---p 00000000 00:00 0 
7f81a4000000-7f81a4021000 rw-p 00000000 00:00 0 
7f81a4021000-7f81a8000000 ---p 00000000 00:00 0 
7f81a8000000-7f81a8021000 rw-p 00000000 00:00 0 
7f81a8021000-7f81ac000000 ---p 00000000 00:00 0 
7f81ac000000-7f81ac021000 rw-p 00000000 00:00 0 
7f81ac021000-7f81b0000000 ---p 00000000 00:00 0 
7f81b0b65000-7f81b0c25000 rw-p 00000000 00:00 0 
7f81b0c25000-7f81b0d65000 ---p 00000000 00:00 0 
7f81b0d65000-7f81b0e5a000 rw-s 00000000 00:01 30                         /SYSV00000000 (deleted)
7f81b0e5a000-7f81b0e5e000 ---p 00000000 00:00 0 
7f81b0e5e000-7f81b0f5b000 rw-p 00000000 00:00 0 
7f81b0f5b000-7f81b0f5f000 ---p 00000000 00:00 0 
7f81b0f5f000-7f81b105c000 rw-p 00000000 00:00 0 
7f81b105c000-7f81b1060000 ---p 00000000 00:00 0 
7f81b1060000-7f81b115d000 rw-p 00000000 00:00 0 
7f81b115d000-7f81b1161000 ---p 00000000 00:00 0 
7f81b1161000-7f81b125e000 rw-p 00000000 00:00 0 
7f81b125e000-7f81b1262000 ---p 00000000 00:00 0 
7f81b1262000-7f81b135f000 rw-p 00000000 00:00 0 
7f81b135f000-7f81b1363000 ---p 00000000 00:00 0 
7f81b1363000-7f81b1460000 rw-p 00000000 00:00 0 
7f81b1460000-7f81b1464000 ---p 00000000 00:00 0 
7f81b1464000-7f81b1561000 rw-p 00000000 00:00 0 
7f81b1561000-7f81b1566000 r-xp 00000000 08:01 1299792                    /usr/lib/x86_64-linux-gnu/libXfixes.so.3.1.0
7f81b1566000-7f81b1765000 ---p 00005000 08:01 1299792                    /usr/lib/x86_64-linux-gnu/libXfixes.so.3.1.0
7f81b1765000-7f81b1766000 r--p 00004000 08:01 1299792                    /usr/lib/x86_64-linux-gnu/libXfixes.so.3.1.0
7f81b1766000-7f81b1767000 rw-p 00005000 08:01 1299792                    /usr/lib/x86_64-linux-gnu/libXfixes.so.3.1.0
7f81b1767000-7f81b1770000 r-xp 00000000 08:01 1299784                    /usr/lib/x86_64-linux-gnu/libXcursor.so.1.0.2
7f81b1770000-7f81b196f000 ---p 00009000 08:01 1299784                    /usr/lib/x86_64-linux-gnu/libXcursor.so.1.0.2
7f81b196f000-7f81b1970000 r--p 00008000 08:01 1299784                    /usr/lib/x86_64-linux-gnu/libXcursor.so.1.0.2
7f81b1970000-7f81b1971000 rw-p 00009000 08:01 1299784                    /usr/lib/x86_64-linux-gnu/libXcursor.so.1.0.2
7f81b1971000-7f81b1972000 ---p 00000000 00:00 0 
7f81b1972000-7f81b2172000 rw-p 00000000 00:00 0 
7f81b2172000-7f81b2173000 ---p 00000000 00:00 0 
7f81b2173000-7f81b2973000 rw-p 00000000 00:00 0 
7f81b2973000-7f81b297f000 r-xp 00000000 08:01 1299538                    /usr/lib/x86_64-linux-gnu/gio/modules/libdconfsettings.so
7f81b297f000-7f81b2b7e000 ---p 0000c000 08:01 1299538                    /usr/lib/x86_64-linux-gnu/gio/modules/libdconfsettings.so
7f81b2b7e000-7f81b2b7f000 r--p 0000b000 08:01 1299538                    /usr/lib/x86_64-linux-gnu/gio/modules/libdconfsettings.so
7f81b2b7f000-7f81b2b80000 rw-p 0000c000 08:01 1299538                    /usr/lib/x86_64-linux-gnu/gio/modules/libdconfsettings.so
7f81b2b80000-7f81b2b86000 r-xp 00000000 08:01 779637                     /lib/x86_64-linux-gnu/libuuid.so.1.3.0
7f81b2b86000-7f81b2d85000 ---p 00006000 08:01 779637                     /lib/x86_64-linux-gnu/libuuid.so.1.3.0
7f81b2d85000-7f81b2d86000 r--p 00005000 08:01 779637                     /lib/x86_64-linux-gnu/libuuid.so.1.3.0
7f81b2d86000-7f81b2d87000 rw-p 00006000 08:01 779637                     /lib/x86_64-linux-gnu/libuuid.so.1.3.0
7f81b2d87000-7f81b2dce000 r-xp 00000000 08:01 779542                     /lib/x86_64-linux-gnu/libblkid.so.1.1.0
7f81b2dce000-7f81b2fce000 ---p 00047000 08:01 779542                     /lib/x86_64-linux-gnu/libblkid.so.1.1.0
7f81b2fce000-7f81b2fd2000 r--p 00047000 08:01 779542                     /lib/x86_64-linux-gnu/libblkid.so.1.1.0
7f81b2fd2000-7f81b2fd3000 rw-p 0004b000 08:01 779542                     /lib/x86_64-linux-gnu/libblkid.so.1.1.0
7f81b2fd3000-7f81b2fd4000 rw-p 00000000 00:00 0 
7f81b2fd4000-7f81b3044000 r-xp 00000000 08:01 779609                     /lib/x86_64-linux-gnu/libpcre.so.3.13.3
7f81b3044000-7f81b3244000 ---p 00070000 08:01 779609                     /lib/x86_64-linux-gnu/libpcre.so.3.13.3
7f81b3244000-7f81b3245000 r--p 00070000 08:01 779609                     /lib/x86_64-linux-gnu/libpcre.so.3.13.3
7f81b3245000-7f81b3246000 rw-p 00071000 08:01 779609                     /lib/x86_64-linux-gnu/libpcre.so.3.13.3
7f81b3246000-7f81b324d000 r-xp 00000000 08:01 780324                     /usr/lib/x86_64-linux-gnu/libffi.so.6.0.4
7f81b324d000-7f81b344c000 ---p 00007000 08:01 780324                     /usr/lib/x86_64-linux-gnu/libffi.so.6.0.4
7f81b344c000-7f81b344d000 r--p 00006000 08:01 780324                     /usr/lib/x86_64-linux-gnu/libffi.so.6.0.4
7f81b344d000-7f81b344e000 rw-p 00007000 08:01 780324                     /usr/lib/x86_64-linux-gnu/libffi.so.6.0.4
7f81b344e000-7f81b349f000 r-xp 00000000 08:01 779578                     /lib/x86_64-linux-gnu/libmount.so.1.1.0
7f81b349f000-7f81b369e000 ---p 00051000 08:01 779578                     /lib/x86_64-linux-gnu/libmount.so.1.1.0
7f81b369e000-7f81b36a0000 r--p 00050000 08:01 779578                     /lib/x86_64-linux-gnu/libmount.so.1.1.0
7f81b36a0000-7f81b36a1000 rw-p 00052000 08:01 779578                     /lib/x86_64-linux-gnu/libmount.so.1.1.0
7f81b36a1000-7f81b36a2000 rw-p 00000000 00:00 0 
7f81b36a2000-7f81b36b9000 r-xp 00000000 08:01 779614                     /lib/x86_64-linux-gnu/libresolv-2.27.so
7f81b36b9000-7f81b38b9000 ---p 00017000 08:01 779614                     /lib/x86_64-linux-gnu/libresolv-2.27.so
7f81b38b9000-7f81b38ba000 r--p 00017000 08:01 779614                     /lib/x86_64-linux-gnu/libresolv-2.27.so
7f81b38ba000-7f81b38bb000 rw-p 00018000 08:01 779614                     /lib/x86_64-linux-gnu/libresolv-2.27.so
7f81b38bb000-7f81b38bd000 rw-p 00000000 00:00 0 
7f81b38bd000-7f81b38e2000 r-xp 00000000 08:01 779620                     /lib/x86_64-linux-gnu/libselinux.so.1
7f81b38e2000-7f81b3ae1000 ---p 00025000 08:01 779620                     /lib/x86_64-linux-gnu/libselinux.so.1
7f81b3ae1000-7f81b3ae2000 r--p 00024000 08:01 779620                     /lib/x86_64-linux-gnu/libselinux.so.1
7f81b3ae2000-7f81b3ae3000 rw-p 00025000 08:01 779620                     /lib/x86_64-linux-gnu/libselinux.so.1
7f81b3ae3000-7f81b3ae5000 rw-p 00000000 00:00 0 
7f81b3ae5000-7f81b3bf9000 r-xp 00000000 08:01 1300168                    /usr/lib/x86_64-linux-gnu/libglib-2.0.so.0.5600.4
7f81b3bf9000-7f81b3df9000 ---p 00114000 08:01 1300168                    /usr/lib/x86_64-linux-gnu/libglib-2.0.so.0.5600.4
7f81b3df9000-7f81b3dfa000 r--p 00114000 08:01 1300168                    /usr/lib/x86_64-linux-gnu/libglib-2.0.so.0.5600.4
7f81b3dfa000-7f81b3dfb000 rw-p 00115000 08:01 1300168                    /usr/lib/x86_64-linux-gnu/libglib-2.0.so.0.5600.4
7f81b3dfb000-7f81b3dfc000 rw-p 00000000 00:00 0 
7f81b3dfc000-7f81b3dff000 r-xp 00000000 08:01 1300174                    /usr/lib/x86_64-linux-gnu/libgmodule-2.0.so.0.5600.4
7f81b3dff000-7f81b3ffe000 ---p 00003000 08:01 1300174                    /usr/lib/x86_64-linux-gnu/libgmodule-2.0.so.0.5600.4
7f81b3ffe000-7f81b3fff000 r--p 00002000 08:01 1300174                    /usr/lib/x86_64-linux-gnu/libgmodule-2.0.so.0.5600.4
7f81b3fff000-7f81b4000000 rw-p 00003000 08:01 1300174                    /usr/lib/x86_64-linux-gnu/libgmodule-2.0.so.0.5600.4
7f81b4000000-7f81b4021000 rw-p 00000000 00:00 0 
7f81b4021000-7f81b8000000 ---p 00000000 00:00 0 
7f81b8000000-7f81b8021000 rw-p 00000000 00:00 0 
7f81b8021000-7f81bc000000 ---p 00000000 00:00 0 
7f81bc000000-7f81bc396000 rw-p 00000000 00:00 0 
7f81bc396000-7f81c0000000 ---p 00000000 00:00 0 
7f81c0000000-7f81c0021000 rw-p 00000000 00:00 0 
7f81c0021000-7f81c4000000 ---p 00000000 00:00 0 
7f81c4000000-7f81c4021000 rw-p 00000000 00:00 0 
7f81c4021000-7f81c8000000 ---p 00000000 00:00 0 
7f81c8000000-7f81c954b000 rw-p 00000000 00:00 0 
7f81c954b000-7f81cc000000 ---p 00000000 00:00 0 
7f81cc000000-7f81cc021000 rw-p 00000000 00:00 0 
7f81cc021000-7f81d0000000 ---p 00000000 00:00 0 
7f81d0000000-7f81d0021000 rw-p 00000000 00:00 0 
7f81d0021000-7f81d4000000 ---p 00000000 00:00 0 
7f81d4000000-7f81d4021000 rw-p 00000000 00:00 0 
7f81d4021000-7f81d8000000 ---p 00000000 00:00 0 
7f81d8092000-7f81d80e4000 r-xp 00000000 08:01 1300178                    /usr/lib/x86_64-linux-gnu/libgobject-2.0.so.0.5600.4
7f81d80e4000-7f81d82e4000 ---p 00052000 08:01 1300178                    /usr/lib/x86_64-linux-gnu/libgobject-2.0.so.0.5600.4
7f81d82e4000-7f81d82e5000 r--p 00052000 08:01 1300178                    /usr/lib/x86_64-linux-gnu/libgobject-2.0.so.0.5600.4
7f81d82e5000-7f81d82e6000 rw-p 00053000 08:01 1300178                    /usr/lib/x86_64-linux-gnu/libgobject-2.0.so.0.5600.4
7f81d82e6000-7f81d847b000 r-xp 00000000 08:01 1300160                    /usr/lib/x86_64-linux-gnu/libgio-2.0.so.0.5600.4
7f81d847b000-7f81d867b000 ---p 00195000 08:01 1300160                    /usr/lib/x86_64-linux-gnu/libgio-2.0.so.0.5600.4
7f81d867b000-7f81d8682000 r--p 00195000 08:01 1300160                    /usr/lib/x86_64-linux-gnu/libgio-2.0.so.0.5600.4
7f81d8682000-7f81d8683000 rw-p 0019c000 08:01 1300160                    /usr/lib/x86_64-linux-gnu/libgio-2.0.so.0.5600.4
7f81d8683000-7f81d8685000 rw-p 00000000 00:00 0 
7f81d8685000-7f81d868f000 r-xp 00000000 08:01 1299808                    /usr/lib/x86_64-linux-gnu/libXrandr.so.2.2.0
7f81d868f000-7f81d888e000 ---p 0000a000 08:01 1299808                    /usr/lib/x86_64-linux-gnu/libXrandr.so.2.2.0
7f81d888e000-7f81d888f000 r--p 00009000 08:01 1299808                    /usr/lib/x86_64-linux-gnu/libXrandr.so.2.2.0
7f81d888f000-7f81d8890000 rw-p 0000a000 08:01 1299808                    /usr/lib/x86_64-linux-gnu/libXrandr.so.2.2.0
7f81d8890000-7f81d88c1000 r-xp 00000000 08:01 1300467                    /usr/lib/x86_64-linux-gnu/libpng16.so.16.34.0
7f81d88c1000-7f81d8ac0000 ---p 00031000 08:01 1300467                    /usr/lib/x86_64-linux-gnu/libpng16.so.16.34.0
7f81d8ac0000-7f81d8ac1000 r--p 00030000 08:01 1300467                    /usr/lib/x86_64-linux-gnu/libpng16.so.16.34.0
7f81d8ac1000-7f81d8ac2000 rw-p 00031000 08:01 1300467                    /usr/lib/x86_64-linux-gnu/libpng16.so.16.34.0
7f81d8ac2000-7f81d8b6f000 r-xp 00000000 08:01 1300141                    /usr/lib/x86_64-linux-gnu/libfreetype.so.6.15.0
7f81d8b6f000-7f81d8d6e000 ---p 000ad000 08:01 1300141                    /usr/lib/x86_64-linux-gnu/libfreetype.so.6.15.0
7f81d8d6e000-7f81d8d75000 r--p 000ac000 08:01 1300141                    /usr/lib/x86_64-linux-gnu/libfreetype.so.6.15.0
7f81d8d75000-7f81d8d76000 rw-p 000b3000 08:01 1300141                    /usr/lib/x86_64-linux-gnu/libfreetype.so.6.15.0
7f81d8d76000-7f81d8eaa000 r-xp 00000000 08:01 2329388                    /usr/lib/jvm/java-11-openjdk-amd64/lib/libfontmanager.so
7f81d8eaa000-7f81d90aa000 ---p 00134000 08:01 2329388                    /usr/lib/jvm/java-11-openjdk-amd64/lib/libfontmanager.so
7f81d90aa000-7f81d90ab000 r--p 00134000 08:01 2329388                    /usr/lib/jvm/java-11-openjdk-amd64/lib/libfontmanager.so
7f81d90ab000-7f81d90ac000 rw-p 00135000 08:01 2329388                    /usr/lib/jvm/java-11-openjdk-amd64/lib/libfontmanager.so
7f81d90ac000-7f81d90af000 rw-p 00000000 00:00 0 
7f81d90af000-7f81d90c2000 r-xp 00000000 08:01 1033846                    /lib/x86_64-linux-gnu/libbsd.so.0.8.7
7f81d90c2000-7f81d92c1000 ---p 00013000 08:01 1033846                    /lib/x86_64-linux-gnu/libbsd.so.0.8.7
7f81d92c1000-7f81d92c2000 r--p 00012000 08:01 1033846                    /lib/x86_64-linux-gnu/libbsd.so.0.8.7
7f81d92c2000-7f81d92c3000 rw-p 00013000 08:01 1033846                    /lib/x86_64-linux-gnu/libbsd.so.0.8.7
7f81d92c3000-7f81d92c4000 rw-p 00000000 00:00 0 
7f81d92c4000-7f81d92c9000 r-xp 00000000 08:01 1299788                    /usr/lib/x86_64-linux-gnu/libXdmcp.so.6.0.0
7f81d92c9000-7f81d94c8000 ---p 00005000 08:01 1299788                    /usr/lib/x86_64-linux-gnu/libXdmcp.so.6.0.0
7f81d94c8000-7f81d94c9000 r--p 00004000 08:01 1299788                    /usr/lib/x86_64-linux-gnu/libXdmcp.so.6.0.0
7f81d94c9000-7f81d94ca000 rw-p 00005000 08:01 1299788                    /usr/lib/x86_64-linux-gnu/libXdmcp.so.6.0.0
7f81d94ca000-7f81d94cc000 r-xp 00000000 08:01 1299777                    /usr/lib/x86_64-linux-gnu/libXau.so.6.0.0
7f81d94cc000-7f81d96cc000 ---p 00002000 08:01 1299777                    /usr/lib/x86_64-linux-gnu/libXau.so.6.0.0
7f81d96cc000-7f81d96cd000 r--p 00002000 08:01 1299777                    /usr/lib/x86_64-linux-gnu/libXau.so.6.0.0
7f81d96cd000-7f81d96ce000 rw-p 00003000 08:01 1299777                    /usr/lib/x86_64-linux-gnu/libXau.so.6.0.0
7f81d96ce000-7f81d96f4000 r-xp 00000000 08:01 1300670                    /usr/lib/x86_64-linux-gnu/libxcb.so.1.1.0
7f81d96f4000-7f81d98f4000 ---p 00026000 08:01 1300670                    /usr/lib/x86_64-linux-gnu/libxcb.so.1.1.0
7f81d98f4000-7f81d98f5000 r--p 00026000 08:01 1300670                    /usr/lib/x86_64-linux-gnu/libxcb.so.1.1.0
7f81d98f5000-7f81d98f6000 rw-p 00027000 08:01 1300670                    /usr/lib/x86_64-linux-gnu/libxcb.so.1.1.0
7f81d98f6000-7f81d9905000 r-xp 00000000 08:01 1299798                    /usr/lib/x86_64-linux-gnu/libXi.so.6.1.0
7f81d9905000-7f81d9b04000 ---p 0000f000 08:01 1299798                    /usr/lib/x86_64-linux-gnu/libXi.so.6.1.0
7f81d9b04000-7f81d9b05000 r--p 0000e000 08:01 1299798                    /usr/lib/x86_64-linux-gnu/libXi.so.6.1.0
7f81d9b05000-7f81d9b06000 rw-p 0000f000 08:01 1299798                    /usr/lib/x86_64-linux-gnu/libXi.so.6.1.0
7f81d9b06000-7f81d9b0b000 r-xp 00000000 08:01 1299816                    /usr/lib/x86_64-linux-gnu/libXtst.so.6.1.0
7f81d9b0b000-7f81d9d0a000 ---p 00005000 08:01 1299816                    /usr/lib/x86_64-linux-gnu/libXtst.so.6.1.0
7f81d9d0a000-7f81d9d0b000 r--p 00004000 08:01 1299816                    /usr/lib/x86_64-linux-gnu/libXtst.so.6.1.0
7f81d9d0b000-7f81d9d0c000 rw-p 00005000 08:01 1299816                    /usr/lib/x86_64-linux-gnu/libXtst.so.6.1.0
7f81d9d0c000-7f81d9d15000 r-xp 00000000 08:01 1299810                    /usr/lib/x86_64-linux-gnu/libXrender.so.1.3.0
7f81d9d15000-7f81d9f14000 ---p 00009000 08:01 1299810                    /usr/lib/x86_64-linux-gnu/libXrender.so.1.3.0
7f81d9f14000-7f81d9f15000 r--p 00008000 08:01 1299810                    /usr/lib/x86_64-linux-gnu/libXrender.so.1.3.0
7f81d9f15000-7f81d9f16000 rw-p 00009000 08:01 1299810                    /usr/lib/x86_64-linux-gnu/libXrender.so.1.3.0
7f81d9f16000-7f81da049000 r-xp 00000000 08:01 1299775                    /usr/lib/x86_64-linux-gnu/libX11.so.6.3.0
7f81da049000-7f81da249000 ---p 00133000 08:01 1299775                    /usr/lib/x86_64-linux-gnu/libX11.so.6.3.0
7f81da249000-7f81da24a000 r--p 00133000 08:01 1299775                    /usr/lib/x86_64-linux-gnu/libX11.so.6.3.0
7f81da24a000-7f81da24e000 rw-p 00134000 08:01 1299775                    /usr/lib/x86_64-linux-gnu/libX11.so.6.3.0
7f81da24e000-7f81da25f000 r-xp 00000000 08:01 1299790                    /usr/lib/x86_64-linux-gnu/libXext.so.6.4.0
7f81da25f000-7f81da45e000 ---p 00011000 08:01 1299790                    /usr/lib/x86_64-linux-gnu/libXext.so.6.4.0
7f81da45e000-7f81da45f000 r--p 00010000 08:01 1299790                    /usr/lib/x86_64-linux-gnu/libXext.so.6.4.0
7f81da45f000-7f81da460000 rw-p 00011000 08:01 1299790                    /usr/lib/x86_64-linux-gnu/libXext.so.6.4.0
7f81da460000-7f81da4bf000 r-xp 00000000 08:01 2329385                    /usr/lib/jvm/java-11-openjdk-amd64/lib/libawt_xawt.so
7f81da4bf000-7f81da6bf000 ---p 0005f000 08:01 2329385                    /usr/lib/jvm/java-11-openjdk-amd64/lib/libawt_xawt.so
7f81da6bf000-7f81da6c0000 r--p 0005f000 08:01 2329385                    /usr/lib/jvm/java-11-openjdk-amd64/lib/libawt_xawt.so
7f81da6c0000-7f81da6c2000 rw-p 00060000 08:01 2329385                    /usr/lib/jvm/java-11-openjdk-amd64/lib/libawt_xawt.so
7f81da6c2000-7f81da6c4000 rw-p 00000000 00:00 0 
7f81da6c4000-7f81da762000 r-xp 00000000 08:01 2329383                    /usr/lib/jvm/java-11-openjdk-amd64/lib/libawt.so
7f81da762000-7f81da962000 ---p 0009e000 08:01 2329383                    /usr/lib/jvm/java-11-openjdk-amd64/lib/libawt.so
7f81da962000-7f81da963000 r--p 0009e000 08:01 2329383                    /usr/lib/jvm/java-11-openjdk-amd64/lib/libawt.so
7f81da963000-7f81da96e000 rw-p 0009f000 08:01 2329383                    /usr/lib/jvm/java-11-openjdk-amd64/lib/libawt.so
7f81da96e000-7f81da993000 rw-p 00000000 00:00 0 
7f81da993000-7f81da9a9000 r-xp 00000000 08:01 2329406                    /usr/lib/jvm/java-11-openjdk-amd64/lib/libnet.so
7f81da9a9000-7f81daba8000 ---p 00016000 08:01 2329406                    /usr/lib/jvm/java-11-openjdk-amd64/lib/libnet.so
7f81daba8000-7f81daba9000 r--p 00015000 08:01 2329406                    /usr/lib/jvm/java-11-openjdk-amd64/lib/libnet.so
7f81daba9000-7f81dabaa000 rw-p 00016000 08:01 2329406                    /usr/lib/jvm/java-11-openjdk-amd64/lib/libnet.so
7f81dabaa000-7f81dabba000 r-xp 00000000 08:01 2329407                    /usr/lib/jvm/java-11-openjdk-amd64/lib/libnio.so
7f81dabba000-7f81dadb9000 ---p 00010000 08:01 2329407                    /usr/lib/jvm/java-11-openjdk-amd64/lib/libnio.so
7f81dadb9000-7f81dadba000 r--p 0000f000 08:01 2329407                    /usr/lib/jvm/java-11-openjdk-amd64/lib/libnio.so
7f81dadba000-7f81dadbb000 rw-p 00010000 08:01 2329407                    /usr/lib/jvm/java-11-openjdk-amd64/lib/libnio.so
7f81dadbb000-7f81dadbf000 ---p 00000000 00:00 0 
7f81dadbf000-7f81daebc000 rw-p 00000000 00:00 0 
7f81daebc000-7f81daebd000 ---p 00000000 00:00 0 
7f81daebd000-7f81dafbe000 rw-p 00000000 00:00 0 
7f81dafbe000-7f81dafc2000 ---p 00000000 00:00 0 
7f81dafc2000-7f81db0bf000 rw-p 00000000 00:00 0 
7f81db0bf000-7f81db0c3000 ---p 00000000 00:00 0 
7f81db0c3000-7f81db1c0000 rw-p 00000000 00:00 0 
7f81db1c0000-7f81db1c4000 ---p 00000000 00:00 0 
7f81db1c4000-7f81db2c1000 rw-p 00000000 00:00 0 
7f81db2c1000-7f81db2c5000 ---p 00000000 00:00 0 
7f81db2c5000-7f81db3c2000 rw-p 00000000 00:00 0 
7f81db3c2000-7f81db3c6000 ---p 00000000 00:00 0 
7f81db3c6000-7f81db4c3000 rw-p 00000000 00:00 0 
7f81db4c3000-7f81db65e000 r--p 00000000 08:01 1295820                    /usr/lib/locale/locale-archive
7f81db65e000-7f81db662000 ---p 00000000 00:00 0 
7f81db662000-7f81db75f000 rw-p 00000000 00:00 0 
7f81db75f000-7f81db763000 ---p 00000000 00:00 0 
7f81db763000-7f81db860000 rw-p 00000000 00:00 0 
7f81db860000-7f81db861000 ---p 00000000 00:00 0 
7f81db861000-7f81dc1e3000 rw-p 00000000 00:00 0 
7f81dc1e3000-7f81dc1e8000 rw-p 00000000 00:00 0 
7f81dc1e8000-7f81dc2ce000 ---p 00000000 00:00 0 
7f81dc2ce000-7f81dc53e000 rwxp 00000000 00:00 0 
7f81dc53e000-7f81dc85d000 ---p 00000000 00:00 0 
7f81dc85d000-7f81dcbdd000 rwxp 00000000 00:00 0 
7f81dcbdd000-7f81e3d95000 ---p 00000000 00:00 0 
7f81e3d95000-7f81e4005000 rwxp 00000000 00:00 0 
7f81e4005000-7f81eb2ce000 ---p 00000000 00:00 0 
7f81eb2ce000-7f81eb2d5000 r-xp 00000000 08:01 2329416                    /usr/lib/jvm/java-11-openjdk-amd64/lib/libzip.so
7f81eb2d5000-7f81eb4d4000 ---p 00007000 08:01 2329416                    /usr/lib/jvm/java-11-openjdk-amd64/lib/libzip.so
7f81eb4d4000-7f81eb4d5000 r--p 00006000 08:01 2329416                    /usr/lib/jvm/java-11-openjdk-amd64/lib/libzip.so
7f81eb4d5000-7f81eb4d6000 rw-p 00007000 08:01 2329416                    /usr/lib/jvm/java-11-openjdk-amd64/lib/libzip.so
7f81eb4d6000-7f81eb4e1000 r-xp 00000000 08:01 779593                     /lib/x86_64-linux-gnu/libnss_files-2.27.so
7f81eb4e1000-7f81eb6e0000 ---p 0000b000 08:01 779593                     /lib/x86_64-linux-gnu/libnss_files-2.27.so
7f81eb6e0000-7f81eb6e1000 r--p 0000a000 08:01 779593                     /lib/x86_64-linux-gnu/libnss_files-2.27.so
7f81eb6e1000-7f81eb6e2000 rw-p 0000b000 08:01 779593                     /lib/x86_64-linux-gnu/libnss_files-2.27.so
7f81eb6e2000-7f81eb6e8000 rw-p 00000000 00:00 0 
7f81eb6e8000-7f81eb6ff000 r-xp 00000000 08:01 779575                     /lib/x86_64-linux-gnu/libnsl-2.27.so
7f81eb6ff000-7f81eb8fe000 ---p 00017000 08:01 779575                     /lib/x86_64-linux-gnu/libnsl-2.27.so
7f81eb8fe000-7f81eb8ff000 r--p 00016000 08:01 779575                     /lib/x86_64-linux-gnu/libnsl-2.27.so
7f81eb8ff000-7f81eb900000 rw-p 00017000 08:01 779575                     /lib/x86_64-linux-gnu/libnsl-2.27.so
7f81eb900000-7f81eb902000 rw-p 00000000 00:00 0 
7f81ec000000-7f81ec021000 rw-p 00000000 00:00 0 
7f81ec021000-7f81f0000000 ---p 00000000 00:00 0 
7f81f3eff000-7f81f3f03000 ---p 00000000 00:00 0 
7f81f3f03000-7f81f4000000 rw-p 00000000 00:00 0 
7f81f4000000-7f81f43cc000 rw-p 00000000 00:00 0 
7f81f43cc000-7f81f8000000 ---p 00000000 00:00 0 
7f81f805f000-7f81f8068000 r--p 00000000 08:01 1549875                    /usr/share/glib-2.0/schemas/gschemas.compiled
7f81f8068000-7f81f80ca000 rw-p 00000000 00:00 0 
7f81f80ca000-7f81f81ae000 ---p 00000000 00:00 0 
7f81f81ae000-7f81f81b9000 r-xp 00000000 08:01 779597                     /lib/x86_64-linux-gnu/libnss_nis-2.27.so
7f81f81b9000-7f81f83b8000 ---p 0000b000 08:01 779597                     /lib/x86_64-linux-gnu/libnss_nis-2.27.so
7f81f83b8000-7f81f83b9000 r--p 0000a000 08:01 779597                     /lib/x86_64-linux-gnu/libnss_nis-2.27.so
7f81f83b9000-7f81f83ba000 rw-p 0000b000 08:01 779597                     /lib/x86_64-linux-gnu/libnss_nis-2.27.so
7f81f83ba000-7f81f83c2000 r-xp 00000000 08:01 779589                     /lib/x86_64-linux-gnu/libnss_compat-2.27.so
7f81f83c2000-7f81f85c2000 ---p 00008000 08:01 779589                     /lib/x86_64-linux-gnu/libnss_compat-2.27.so
7f81f85c2000-7f81f85c3000 r--p 00008000 08:01 779589                     /lib/x86_64-linux-gnu/libnss_compat-2.27.so
7f81f85c3000-7f81f85c4000 rw-p 00009000 08:01 779589                     /lib/x86_64-linux-gnu/libnss_compat-2.27.so
7f81f85c4000-7f81f85c9000 r-xp 00000000 08:01 2329398                    /usr/lib/jvm/java-11-openjdk-amd64/lib/libjimage.so
7f81f85c9000-7f81f87c8000 ---p 00005000 08:01 2329398                    /usr/lib/jvm/java-11-openjdk-amd64/lib/libjimage.so
7f81f87c8000-7f81f87c9000 r--p 00004000 08:01 2329398                    /usr/lib/jvm/java-11-openjdk-amd64/lib/libjimage.so
7f81f87c9000-7f81f87ca000 rw-p 00005000 08:01 2329398                    /usr/lib/jvm/java-11-openjdk-amd64/lib/libjimage.so
7f81f87ca000-7f81f87f3000 r-xp 00000000 08:01 2329394                    /usr/lib/jvm/java-11-openjdk-amd64/lib/libjava.so
7f81f87f3000-7f81f89f3000 ---p 00029000 08:01 2329394                    /usr/lib/jvm/java-11-openjdk-amd64/lib/libjava.so
7f81f89f3000-7f81f89f4000 r--p 00029000 08:01 2329394                    /usr/lib/jvm/java-11-openjdk-amd64/lib/libjava.so
7f81f89f4000-7f81f89f5000 rw-p 0002a000 08:01 2329394                    /usr/lib/jvm/java-11-openjdk-amd64/lib/libjava.so
7f81f89f5000-7f81f89f6000 rw-p 00000000 00:00 0 
7f81f89f6000-7f81f8a03000 r-xp 00000000 08:01 2329415                    /usr/lib/jvm/java-11-openjdk-amd64/lib/libverify.so
7f81f8a03000-7f81f8c02000 ---p 0000d000 08:01 2329415                    /usr/lib/jvm/java-11-openjdk-amd64/lib/libverify.so
7f81f8c02000-7f81f8c04000 r--p 0000c000 08:01 2329415                    /usr/lib/jvm/java-11-openjdk-amd64/lib/libverify.so
7f81f8c04000-7f81f8c05000 rw-p 0000e000 08:01 2329415                    /usr/lib/jvm/java-11-openjdk-amd64/lib/libverify.so
7f81f8c05000-7f81f8c0c000 r-xp 00000000 08:01 779616                     /lib/x86_64-linux-gnu/librt-2.27.so
7f81f8c0c000-7f81f8e0b000 ---p 00007000 08:01 779616                     /lib/x86_64-linux-gnu/librt-2.27.so
7f81f8e0b000-7f81f8e0c000 r--p 00006000 08:01 779616                     /lib/x86_64-linux-gnu/librt-2.27.so
7f81f8e0c000-7f81f8e0d000 rw-p 00007000 08:01 779616                     /lib/x86_64-linux-gnu/librt-2.27.so
7f81f8e0d000-7f81f8e24000 r-xp 00000000 08:01 779566                     /lib/x86_64-linux-gnu/libgcc_s.so.1
7f81f8e24000-7f81f9023000 ---p 00017000 08:01 779566                     /lib/x86_64-linux-gnu/libgcc_s.so.1
7f81f9023000-7f81f9024000 r--p 00016000 08:01 779566                     /lib/x86_64-linux-gnu/libgcc_s.so.1
7f81f9024000-7f81f9025000 rw-p 00017000 08:01 779566                     /lib/x86_64-linux-gnu/libgcc_s.so.1
7f81f9025000-7f81f91c2000 r-xp 00000000 08:01 779574                     /lib/x86_64-linux-gnu/libm-2.27.so
7f81f91c2000-7f81f93c1000 ---p 0019d000 08:01 779574                     /lib/x86_64-linux-gnu/libm-2.27.so
7f81f93c1000-7f81f93c2000 r--p 0019c000 08:01 779574                     /lib/x86_64-linux-gnu/libm-2.27.so
7f81f93c2000-7f81f93c3000 rw-p 0019d000 08:01 779574                     /lib/x86_64-linux-gnu/libm-2.27.so
7f81f93c3000-7f81f953c000 r-xp 00000000 08:01 780356                     /usr/lib/x86_64-linux-gnu/libstdc++.so.6.0.25
7f81f953c000-7f81f973c000 ---p 00179000 08:01 780356                     /usr/lib/x86_64-linux-gnu/libstdc++.so.6.0.25
7f81f973c000-7f81f9746000 r--p 00179000 08:01 780356                     /usr/lib/x86_64-linux-gnu/libstdc++.so.6.0.25
7f81f9746000-7f81f9748000 rw-p 00183000 08:01 780356                     /usr/lib/x86_64-linux-gnu/libstdc++.so.6.0.25
7f81f9748000-7f81f974c000 rw-p 00000000 00:00 0 
7f81f974c000-7f81fa82a000 r-xp 00000000 08:01 2329429                    /usr/lib/jvm/java-11-openjdk-amd64/lib/server/libjvm.so
7f81fa82a000-7f81faa29000 ---p 010de000 08:01 2329429                    /usr/lib/jvm/java-11-openjdk-amd64/lib/server/libjvm.so
7f81faa29000-7f81faae6000 r--p 010dd000 08:01 2329429                    /usr/lib/jvm/java-11-openjdk-amd64/lib/server/libjvm.so
7f81faae6000-7f81fab1f000 rw-p 0119a000 08:01 2329429                    /usr/lib/jvm/java-11-openjdk-amd64/lib/server/libjvm.so
7f81fab1f000-7f81fab76000 rw-p 00000000 00:00 0 
7f81fab76000-7f81fab90000 r-xp 00000000 08:01 779612                     /lib/x86_64-linux-gnu/libpthread-2.27.so
7f81fab90000-7f81fad8f000 ---p 0001a000 08:01 779612                     /lib/x86_64-linux-gnu/libpthread-2.27.so
7f81fad8f000-7f81fad90000 r--p 00019000 08:01 779612                     /lib/x86_64-linux-gnu/libpthread-2.27.so
7f81fad90000-7f81fad91000 rw-p 0001a000 08:01 779612                     /lib/x86_64-linux-gnu/libpthread-2.27.so
7f81fad91000-7f81fad95000 rw-p 00000000 00:00 0 
7f81fad95000-7f81fad98000 r-xp 00000000 08:01 779558                     /lib/x86_64-linux-gnu/libdl-2.27.so
7f81fad98000-7f81faf97000 ---p 00003000 08:01 779558                     /lib/x86_64-linux-gnu/libdl-2.27.so
7f81faf97000-7f81faf98000 r--p 00002000 08:01 779558                     /lib/x86_64-linux-gnu/libdl-2.27.so
7f81faf98000-7f81faf99000 rw-p 00003000 08:01 779558                     /lib/x86_64-linux-gnu/libdl-2.27.so
7f81faf99000-7f81fafb5000 r-xp 00000000 08:01 779639                     /lib/x86_64-linux-gnu/libz.so.1.2.11
7f81fafb5000-7f81fb1b4000 ---p 0001c000 08:01 779639                     /lib/x86_64-linux-gnu/libz.so.1.2.11
7f81fb1b4000-7f81fb1b5000 r--p 0001b000 08:01 779639                     /lib/x86_64-linux-gnu/libz.so.1.2.11
7f81fb1b5000-7f81fb1b6000 rw-p 0001c000 08:01 779639                     /lib/x86_64-linux-gnu/libz.so.1.2.11
7f81fb1b6000-7f81fb39d000 r-xp 00000000 08:01 779546                     /lib/x86_64-linux-gnu/libc-2.27.so
7f81fb39d000-7f81fb59d000 ---p 001e7000 08:01 779546                     /lib/x86_64-linux-gnu/libc-2.27.so
7f81fb59d000-7f81fb5a1000 r--p 001e7000 08:01 779546                     /lib/x86_64-linux-gnu/libc-2.27.so
7f81fb5a1000-7f81fb5a3000 rw-p 001eb000 08:01 779546                     /lib/x86_64-linux-gnu/libc-2.27.so
7f81fb5a3000-7f81fb5a7000 rw-p 00000000 00:00 0 
7f81fb5a7000-7f81fb5b7000 r-xp 00000000 08:01 2329376                    /usr/lib/jvm/java-11-openjdk-amd64/lib/jli/libjli.so
7f81fb5b7000-7f81fb7b6000 ---p 00010000 08:01 2329376                    /usr/lib/jvm/java-11-openjdk-amd64/lib/jli/libjli.so
7f81fb7b6000-7f81fb7b7000 r--p 0000f000 08:01 2329376                    /usr/lib/jvm/java-11-openjdk-amd64/lib/jli/libjli.so
7f81fb7b7000-7f81fb7b8000 rw-p 00010000 08:01 2329376                    /usr/lib/jvm/java-11-openjdk-amd64/lib/jli/libjli.so
7f81fb7b8000-7f81fb7df000 r-xp 00000000 08:01 779528                     /lib/x86_64-linux-gnu/ld-2.27.so
7f81fb7e3000-7f81fb850000 rw-p 00000000 00:00 0 
7f81fb850000-7f81fb878000 ---p 00000000 00:00 0 
7f81fb878000-7f81fb87a000 rw-p 00000000 00:00 0 
7f81fb87a000-7f81fb88d000 ---p 00000000 00:00 0 
7f81fb88d000-7f81fb890000 rw-p 00000000 00:00 0 
7f81fb890000-7f81fb8b8000 ---p 00000000 00:00 0 
7f81fb8b8000-7f81fb8b9000 rw-p 00000000 00:00 0 
7f81fb8b9000-7f81fb8bd000 ---p 00000000 00:00 0 
7f81fb8bd000-7f81fb9bf000 rw-p 00000000 00:00 0 
7f81fb9bf000-7f81fb9c0000 r--s 00000000 08:01 4938173                    /home/runner/.cache/dconf/user
7f81fb9c0000-7f81fb9c5000 rw-p 00000000 00:00 0 
7f81fb9c5000-7f81fb9cc000 ---p 00000000 00:00 0 
7f81fb9cc000-7f81fb9ce000 r--s 00007000 08:01 3106345                    /usr/share/java/java-atk-wrapper.jar
7f81fb9ce000-7f81fb9d6000 rw-s 00000000 08:01 8557910                    /tmp/hsperfdata_runner/569
7f81fb9d6000-7f81fb9d7000 ---p 00000000 00:00 0 
7f81fb9d7000-7f81fb9d8000 r--p 00000000 00:00 0 
7f81fb9d8000-7f81fb9d9000 r--p 00000000 08:01 2080369                    /usr/local/lib/repl.so
7f81fb9d9000-7f81fb9da000 r-xp 00001000 08:01 2080369                    /usr/local/lib/repl.so
7f81fb9da000-7f81fb9db000 r--p 00002000 08:01 2080369                    /usr/local/lib/repl.so
7f81fb9db000-7f81fb9dc000 r--p 00002000 08:01 2080369                    /usr/local/lib/repl.so
7f81fb9dc000-7f81fb9dd000 rw-p 00003000 08:01 2080369                    /usr/local/lib/repl.so
7f81fb9dd000-7f81fb9df000 rw-p 00000000 00:00 0 
7f81fb9df000-7f81fb9e0000 r--p 00027000 08:01 779528                     /lib/x86_64-linux-gnu/ld-2.27.so
7f81fb9e0000-7f81fb9e1000 rw-p 00028000 08:01 779528                     /lib/x86_64-linux-gnu/ld-2.27.so
7f81fb9e1000-7f81fb9e2000 rw-p 00000000 00:00 0 
7ffef888f000-7ffef88b0000 rw-p 00000000 00:00 0                          [stack]
7ffef88e6000-7ffef88e9000 r--p 00000000 00:00 0                          [vvar]
7ffef88e9000-7ffef88ea000 r-xp 00000000 00:00 0                          [vdso]
ffffffffff600000-ffffffffff601000 r-xp 00000000 00:00 0                  [vsyscall]


VM Arguments:
java_command: Sketch
java_class_path (initial): /home/runner/programming-summative-2/lib/core.jar:/home/runner/programming-summative-2/build/
Launcher Type: SUN_STANDARD

[Global flags]
     intx CICompilerCount                          = 2                                         {product} {ergonomic}
   size_t InitialHeapSize                          = 8388608                                   {product} {ergonomic}
   size_t MaxHeapSize                              = 134217728                                 {product} {ergonomic}
   size_t MaxNewSize                               = 44695552                                  {product} {ergonomic}
   size_t MinHeapDeltaBytes                        = 196608                                    {product} {ergonomic}
   size_t NewSize                                  = 2752512                                   {product} {ergonomic}
    uintx NonNMethodCodeHeapSize                   = 5825164                                {pd product} {ergonomic}
    uintx NonProfiledCodeHeapSize                  = 122916538                              {pd product} {ergonomic}
   size_t OldSize                                  = 5636096                                   {product} {ergonomic}
    uintx ProfiledCodeHeapSize                     = 122916538                              {pd product} {ergonomic}
    uintx ReservedCodeCacheSize                    = 251658240                              {pd product} {ergonomic}
     bool SegmentedCodeCache                       = true                                      {product} {ergonomic}
     bool UseCompressedClassPointers               = true                                 {lp64_product} {ergonomic}
     bool UseCompressedOops                        = true                                 {lp64_product} {ergonomic}
     bool UseSerialGC                              = true                                      {product} {ergonomic}

Logging:
Log output configuration:
 #0: stdout all=warning uptime,level,tags
 #1: stderr all=off uptime,level,tags

Environment Variables:
CLASSPATH=/home/runner/programming-summative-2/lib/core.jar:/home/runner/programming-summative-2/build/
PATH=/home/runner/.apt/usr/bin:/usr/local/go/bin:/opt/virtualenvs/python3/bin:/usr/GNUstep/System/Tools:/usr/GNUstep/Local/Tools:/usr/local/sbin:/usr/local/bin:/usr/sbin:/usr/bin:/sbin:/bin
LD_LIBRARY_PATH=/home/runner/.apt/usr/lib/x86_64-linux-gnu:/home/runner/.apt/usr/lib/i386-linux-gnu:/home/runner/.apt/usr/lib:
LD_PRELOAD=/usr/local/lib/repl.so
DISPLAY=MAGIC
LANG=en_US.UTF-8
LC_ALL=en_US.UTF-8

Signal Handlers:
SIGSEGV: [libjvm.so+0xdf9610], sa_mask[0]=11111111011111111101111111111110, sa_flags=SA_RESTART|SA_SIGINFO
SIGBUS: [libjvm.so+0xdf9610], sa_mask[0]=11111111011111111101111111111110, sa_flags=SA_RESTART|SA_SIGINFO
SIGFPE: [libjvm.so+0xdf9610], sa_mask[0]=11111111011111111101111111111110, sa_flags=SA_RESTART|SA_SIGINFO
SIGPIPE: SIG_IGN, sa_mask[0]=00000000000010000000000000000000, sa_flags=SA_RESTART
SIGXFSZ: [libjvm.so+0xbcc360], sa_mask[0]=11111111011111111101111111111110, sa_flags=SA_RESTART|SA_SIGINFO
SIGILL: [libjvm.so+0xdf9610], sa_mask[0]=11111111011111111101111111111110, sa_flags=SA_RESTART|SA_SIGINFO
SIGUSR2: [libjvm.so+0xbcc200], sa_mask[0]=00000000000000000000000000000000, sa_flags=SA_RESTART|SA_SIGINFO
SIGHUP: [libjvm.so+0xbcc560], sa_mask[0]=11111111011111111101111111111110, sa_flags=SA_RESTART|SA_SIGINFO
SIGINT: [libjvm.so+0xbcc560], sa_mask[0]=11111111011111111101111111111110, sa_flags=SA_RESTART|SA_SIGINFO
SIGTERM: [libjvm.so+0xbcc560], sa_mask[0]=11111111011111111101111111111110, sa_flags=SA_RESTART|SA_SIGINFO
SIGQUIT: [libjvm.so+0xbcc560], sa_mask[0]=11111111011111111101111111111110, sa_flags=SA_RESTART|SA_SIGINFO


---------------  S Y S T E M  ---------------

OS:DISTRIB_ID=Ubuntu
DISTRIB_RELEASE=18.04
DISTRIB_CODENAME=bionic
DISTRIB_DESCRIPTION="Ubuntu 18.04.5 LTS"
uname:Linux 5.4.0-1019-gcp #19-Ubuntu SMP Tue Jun 23 15:46:40 UTC 2020 x86_64
OS uptime: 0 days 20:06 hours
libc:glibc 2.27 NPTL 2.27 
rlimit (soft/hard): STACK 8192k/infinity , CORE infinity/infinity , NPROC infinity/infinity , NOFILE 512/512 , AS infinity/infinity , CPU infinity/infinity , DATA infinity/infinity , FSIZE infinity/infinity , MEMLOCK 64k/64k
load average:6.17 6.01 4.76

/proc/meminfo:
MemTotal:       26694660 kB
MemFree:          353572 kB
MemAvailable:   16201336 kB
Buffers:          250476 kB
Cached:         12828848 kB
SwapCached:            0 kB
Active:         16483532 kB
Inactive:        5220692 kB
Active(anon):    6896648 kB
Inactive(anon):    17444 kB
Active(file):    9586884 kB
Inactive(file):  5203248 kB
Unevictable:       51960 kB
Mlocked:           51960 kB
SwapTotal:             0 kB
SwapFree:              0 kB
Dirty:              4808 kB
Writeback:             0 kB
AnonPages:       8676784 kB
Mapped:           924436 kB
Shmem:             29704 kB
KReclaimable:    1475208 kB
Slab:            3768572 kB
SReclaimable:    1475208 kB
SUnreclaim:      2293364 kB
KernelStack:      380048 kB
PageTables:       150916 kB
NFS_Unstable:          0 kB
Bounce:                0 kB
WritebackTmp:          0 kB
CommitLimit:    13347328 kB
Committed_AS:   86939260 kB
VmallocTotal:   34359738367 kB
VmallocUsed:      401264 kB
VmallocChunk:          0 kB
Percpu:            46112 kB
HardwareCorrupted:     0 kB
AnonHugePages:    296960 kB
ShmemHugePages:        0 kB
ShmemPmdMapped:        0 kB
FileHugePages:         0 kB
FilePmdMapped:         0 kB
CmaTotal:              0 kB
CmaFree:               0 kB
HugePages_Total:       0
HugePages_Free:        0
HugePages_Rsvd:        0
HugePages_Surp:        0
Hugepagesize:       2048 kB
Hugetlb:               0 kB
DirectMap4k:     6903016 kB
DirectMap2M:    20359168 kB
DirectMap1G:     2097152 kB

/sys/kernel/mm/transparent_hugepage/enabled:
always [madvise] never

/sys/kernel/mm/transparent_hugepage/defrag (defrag/compaction efforts parameter):
always defer defer+madvise [madvise] never


/proc/sys/kernel/threads-max (system-wide limit on the number of threads):
208489


/proc/sys/vm/max_map_count (maximum number of memory map areas a process may have):
65530


/proc/sys/kernel/pid_max (system-wide limit on number of process identifiers):
4194304



container (cgroup) information:
container_type: cgroupv1
cpu_cpuset_cpus: 0-3
cpu_memory_nodes: 0
active_processor_count: 1
cpu_quota: 50000
cpu_period: 100000
cpu_shares: 512
memory_limit_in_bytes: 536870912
memory_and_swap_limit_in_bytes: -2
memory_soft_limit_in_bytes: -1
memory_usage_in_bytes: 513720320
memory_max_usage_in_bytes: 536870912

KVM virtualization detected
Steal ticks since vm start: 0
Steal ticks percentage since vm start:  0.000

CPU:total 4 (initial active 1) (2 cores per cpu, 2 threads per core) family 6 model 63 stepping 0, cmov, cx8, fxsr, mmx, sse, sse2, sse3, ssse3, sse4.1, sse4.2, popcnt, avx, avx2, aes, clmul, erms, lzcnt, ht, tsc, tscinvbit, bmi1, bmi2, fma
CPU Model and flags from /proc/cpuinfo:
model name	: Intel(R) Xeon(R) CPU @ 2.30GHz
flags		: fpu vme de pse tsc msr pae mce cx8 apic sep mtrr pge mca cmov pat pse36 clflush mmx fxsr sse sse2 ss ht syscall nx pdpe1gb rdtscp lm constant_tsc rep_good nopl xtopology nonstop_tsc cpuid tsc_known_freq pni pclmulqdq ssse3 fma cx16 pcid sse4_1 sse4_2 x2apic movbe popcnt aes xsave avx f16c rdrand hypervisor lahf_lm abm invpcid_single pti ssbd ibrs ibpb stibp fsgsbase tsc_adjust bmi1 avx2 smep bmi2 erms invpcid xsaveopt arat md_clear arch_capabilities

Memory: 4k page, physical 524288k(22608k free), swap 0k(0k free)

vm_info: OpenJDK 64-Bit Server VM (11.0.8+10-post-Ubuntu-0ubuntu118.04.1) for linux-amd64 JRE (11.0.8+10-post-Ubuntu-0ubuntu118.04.1), built on Jul 15 2020 20:45:24 by "unknown" with gcc 7.5.0

END.
