#
# A fatal error has been detected by the Java Runtime Environment:
#
#  SIGSEGV (0xb) at pc=0x00007fb16a106401, pid=869, tid=965
#
# JRE version: OpenJDK Runtime Environment (11.0.8+10) (build 11.0.8+10-post-Ubuntu-0ubuntu118.04.1)
# Java VM: OpenJDK 64-Bit Server VM (11.0.8+10-post-Ubuntu-0ubuntu118.04.1, mixed mode, sharing, tiered, compressed oops, serial gc, linux-amd64)
# Problematic frame:
# C  [libjimage.so+0x2401]
#
# Core dump will be written. Default location: Core dumps may be processed with "/usr/share/apport/apport %p %s %c %d %P %E" (or dumping to /home/runner/programming-summative-2/core.869)
#
# If you would like to submit a bug report, please visit:
#   https://bugs.launchpad.net/ubuntu/+source/openjdk-lts
#

---------------  S U M M A R Y ------------

Command Line: Sketch

Host: Intel(R) Xeon(R) CPU @ 2.30GHz, 4 cores, 512M, Ubuntu 18.04.5 LTS
Time: Fri Nov 13 12:50:23 2020 UTC elapsed time: 30 seconds (0d 0h 0m 30s)

---------------  T H R E A D  ---------------

Current thread (0x00007fb10c02f000):  JavaThread "XToolkt-Shutdown-Thread" [_thread_in_vm, id=965, stack(0x00007fb163eff000,0x00007fb164000000)]

Stack: [0x00007fb163eff000,0x00007fb164000000],  sp=0x00007fb163ffd060,  free space=1016k
Native frames: (J=compiled Java code, A=aot compiled Java code, j=interpreted, Vv=VM code, C=native code)
C  [libjimage.so+0x2401]
C  [libjimage.so+0x30ea]
C  [libjimage.so+0x35c6]  JIMAGE_FindResource+0xd6
V  [libjvm.so+0x59097e]
V  [libjvm.so+0x5936e0]
V  [libjvm.so+0xd50b85]
V  [libjvm.so+0xd4e51a]
V  [libjvm.so+0xd51112]
V  [libjvm.so+0x647127]
V  [libjvm.so+0xa3c57a]
V  [libjvm.so+0x844136]
V  [libjvm.so+0x84502d]
j  sun.awt.X11.XToolkit.lambda$init$0()V+0 java.desktop@11.0.8
j  sun.awt.X11.XToolkit$$Lambda$11.run()V+4 java.desktop@11.0.8
j  java.lang.Thread.run()V+11 java.base@11.0.8
v  ~StubRoutines::call_stub
V  [libjvm.so+0x84eb09]
V  [libjvm.so+0x84cc4d]
V  [libjvm.so+0x8f6c9c]
V  [libjvm.so+0xd8996f]
V  [libjvm.so+0xd860bf]
V  [libjvm.so+0xbd632e]

Java frames: (J=compiled Java code, j=interpreted, Vv=VM code)
j  sun.awt.X11.XToolkit.lambda$init$0()V+0 java.desktop@11.0.8
j  sun.awt.X11.XToolkit$$Lambda$11.run()V+4 java.desktop@11.0.8
j  java.lang.Thread.run()V+11 java.base@11.0.8
v  ~StubRoutines::call_stub

siginfo: si_signo: 11 (SIGSEGV), si_code: 1 (SEGV_MAPERR), si_addr: 0x00007fb15b904ca8

Register to memory mapping:

RAX=0x0000000000000b23 is an unknown value
RBX=0x00007fb163ffd111 is pointing into the stack for thread: 0x00007fb10c02f000
RCX=0x00007fb15b90201c is an unknown value
RDX=0x0000000000000b23 is an unknown value
RSP=0x00007fb163ffd060 is pointing into the stack for thread: 0x00007fb10c02f000
RBP=0x00007fb163ffd080 is pointing into the stack for thread: 0x00007fb10c02f000
RSI=0x00007fb163ffd110 is pointing into the stack for thread: 0x00007fb10c02f000
RDI=0x00007fb16a309030: <offset 0x0000000000205030> in /usr/lib/jvm/java-11-openjdk-amd64/lib/libjimage.so at 0x00007fb16a104000
R8 =0x0 is NULL
R9 =0x00000000ca0d71f0 is an unknown value
R10=0x00007fb163ffd134 is pointing into the stack for thread: 0x00007fb10c02f000
R11=0x00007fb16c13f07d: <offset 0x0000000000eb307d> in /usr/lib/jvm/java-11-openjdk-amd64/lib/server/libjvm.so at 0x00007fb16b28c000
R12=0x00007fb163ffd110 is pointing into the stack for thread: 0x00007fb10c02f000
R13=0x00000000000083bc is an unknown value
R14=0x00007fb163ffe1a8 is pointing into the stack for thread: 0x00007fb10c02f000
R15=0x00007fb1303c9d30 points into unknown readable memory: 73 75 6e 2f 61 77 74 2f


Registers:
RAX=0x0000000000000b23, RBX=0x00007fb163ffd111, RCX=0x00007fb15b90201c, RDX=0x0000000000000b23
RSP=0x00007fb163ffd060, RBP=0x00007fb163ffd080, RSI=0x00007fb163ffd110, RDI=0x00007fb16a309030
R8 =0x0000000000000000, R9 =0x00000000ca0d71f0, R10=0x00007fb163ffd134, R11=0x00007fb16c13f07d
R12=0x00007fb163ffd110, R13=0x00000000000083bc, R14=0x00007fb163ffe1a8, R15=0x00007fb1303c9d30
RIP=0x00007fb16a106401, EFLAGS=0x0000000000010246, CSGSFS=0x002b000000000033, ERR=0x0000000000000004
  TRAPNO=0x000000000000000e

Top of Stack: (sp=0x00007fb163ffd060)
0x00007fb163ffd060:   0000000000000000 00007fb164009600
0x00007fb163ffd070:   0000000000000000 00007fb163ffd110
0x00007fb163ffd080:   00007fb163ffd0f0 00007fb16a1070ea
0x00007fb163ffd090:   0000000000000000 0000000000000000 

Instructions: (pc=0x00007fb16a106401)
0x00007fb16a106301:   c5 4c 01 e3 48 89 ce e8 d3 f3 ff ff e9 69 fd ff
0x00007fb16a106311:   ff 89 d1 0f b7 74 08 fe 66 41 89 74 0e fe e9 7a
0x00007fb16a106321:   fe ff ff 0f 1f 40 00 8b 08 49 8d 1c 16 41 89 0e
0x00007fb16a106331:   89 d1 8b 74 08 fc 41 89 74 0e fc 48 8d 34 10 48
0x00007fb16a106341:   89 75 b8 e9 0b fe ff ff 0f 1f 80 00 00 00 00 0f
0x00007fb16a106351:   b6 17 55 89 f0 48 89 e5 84 d2 74 22 48 8d 4f 01
0x00007fb16a106361:   0f 1f 80 00 00 00 00 48 83 c1 01 0f b6 f2 0f b6
0x00007fb16a106371:   51 ff 69 c0 93 01 00 01 31 f0 84 d2 75 e9 25 ff
0x00007fb16a106381:   ff ff 7f 5d c3 66 2e 0f 1f 84 00 00 00 00 00 48
0x00007fb16a106391:   85 d2 0f 84 dd 00 00 00 85 c9 0f 84 d5 00 00 00
0x00007fb16a1063a1:   55 48 89 e5 41 55 41 54 53 48 8d 5e 01 48 83 ec
0x00007fb16a1063b1:   08 44 0f b6 06 45 84 c0 0f 84 a9 00 00 00 49 89
0x00007fb16a1063c1:   da b8 93 01 00 01 66 0f 1f 84 00 00 00 00 00 49
0x00007fb16a1063d1:   83 c2 01 44 69 c8 93 01 00 01 41 0f b6 c0 45 0f
0x00007fb16a1063e1:   b6 42 ff 44 31 c8 45 84 c0 75 e4 25 ff ff ff 7f
0x00007fb16a1063f1:   41 89 cd 48 89 d1 31 d2 41 f7 f5 49 89 f4 89 d0
0x00007fb16a106401:   8b 34 81 48 8b 07 ff 50 20 83 f8 00 7e 41 41 0f
0x00007fb16a106411:   b6 14 24 84 d2 74 1c 0f 1f 84 00 00 00 00 00 69
0x00007fb16a106421:   c0 93 01 00 01 48 83 c3 01 31 d0 0f b6 53 ff 84
0x00007fb16a106431:   d2 75 ec 25 ff ff ff 7f 31 d2 41 f7 f5 48 83 c4
0x00007fb16a106441:   08 89 d0 5b 41 5c 41 5d 5d c3 0f 1f 44 00 00 74
0x00007fb16a106451:   1d f7 d0 48 83 c4 08 89 c2 5b 89 d0 41 5c 41 5d
0x00007fb16a106461:   5d c3 0f 1f 44 00 00 b8 93 01 00 01 eb 82 ba ff
0x00007fb16a106471:   ff ff ff eb c8 83 ca ff 89 d0 c3 0f 1f 40 00 0f
0x00007fb16a106481:   b6 17 55 48 89 f8 48 89 e5 84 d2 75 15 eb 1a 38
0x00007fb16a106491:   ca 75 1c 48 83 c0 01 0f b6 10 48 83 c6 01 84 d2
0x00007fb16a1064a1:   74 07 0f b6 0e 84 c9 75 e6 5d c3 0f 1f 40 00 31
0x00007fb16a1064b1:   c0 5d c3 66 90 66 2e 0f 1f 84 00 00 00 00 00 55
0x00007fb16a1064c1:   48 85 f6 48 89 e5 74 57 0f 1f 80 00 00 00 00 0f
0x00007fb16a1064d1:   b6 06 84 c0 74 49 0f b6 d0 83 e0 07 c1 fa 03 44
0x00007fb16a1064e1:   8d 50 01 0f b6 c0 41 89 d1 48 8d 56 01 4c 8d 44
0x00007fb16a1064f1:   06 02 31 c0 0f 1f 00 0f b6 0a 48 c1 e0 08 48 83 


Stack slot to memory mapping:
stack at sp + 0 slots: 0x0 is NULL
stack at sp + 1 slots: 0x00007fb164009600 points into unknown readable memory: 40 ee 03 fc b0 7f 00 00
stack at sp + 2 slots: 0x0 is NULL
stack at sp + 3 slots: 0x00007fb163ffd110 is pointing into the stack for thread: 0x00007fb10c02f000
stack at sp + 4 slots: 0x00007fb163ffd0f0 is pointing into the stack for thread: 0x00007fb10c02f000
stack at sp + 5 slots: 0x00007fb16a1070ea: <offset 0x00000000000030ea> in /usr/lib/jvm/java-11-openjdk-amd64/lib/libjimage.so at 0x00007fb16a104000
stack at sp + 6 slots: 0x0 is NULL
stack at sp + 7 slots: 0x0 is NULL


---------------  P R O C E S S  ---------------

Threads class SMR info:
_java_thread_list=0x00007fb10c01b650, length=17, elements={
0x00007fb164051000, 0x00007fb164053000, 0x00007fb164059000, 0x00007fb16405b800,
0x00007fb16405d800, 0x00007fb16405f800, 0x00007fb164099800, 0x00007fb1640a3800,
0x00007fb1641d4800, 0x00007fb1641d6800, 0x00007fb16429b800, 0x00007fb16429d800,
0x00007fb1642a2800, 0x00007fb164016000, 0x00007fb138001000, 0x00007fb138002800,
0x00007fb10c02f000
}

Java Threads: ( => current thread )
  0x00007fb164051000 JavaThread "Reference Handler" daemon [_thread_blocked, id=872, stack(0x00007fb168a05000,0x00007fb168b06000)]
  0x00007fb164053000 JavaThread "Finalizer" daemon [_thread_blocked, id=873, stack(0x00007fb168904000,0x00007fb168a05000)]
  0x00007fb164059000 JavaThread "Signal Dispatcher" daemon [_thread_blocked, id=874, stack(0x00007fb168668000,0x00007fb168769000)]
  0x00007fb16405b800 JavaThread "C2 CompilerThread0" daemon [_thread_in_native, id=875, stack(0x00007fb168567000,0x00007fb168668000)]
  0x00007fb16405d800 JavaThread "C1 CompilerThread0" daemon [_thread_blocked, id=876, stack(0x00007fb168466000,0x00007fb168567000)]
  0x00007fb16405f800 JavaThread "Sweeper thread" daemon [_thread_blocked, id=877, stack(0x00007fb168365000,0x00007fb168466000)]
  0x00007fb164099800 JavaThread "Service Thread" daemon [_thread_blocked, id=878, stack(0x00007fb168264000,0x00007fb168365000)]
  0x00007fb1640a3800 JavaThread "Common-Cleaner" daemon [_thread_blocked, id=880, stack(0x00007fb168061000,0x00007fb168162000)]
  0x00007fb1641d4800 JavaThread "Java2D Disposer" daemon [_thread_blocked, id=931, stack(0x00007fb12403a000,0x00007fb12413b000)]
  0x00007fb1641d6800 JavaThread "AWT-XAWT" daemon [_thread_blocked, id=932, stack(0x00007fb11eefd000,0x00007fb11effe000)]
  0x00007fb16429b800 JavaThread "AWT-Shutdown" [_thread_blocked, id=935, stack(0x00007fb11ebfa000,0x00007fb11ecfb000)]
  0x00007fb16429d800 JavaThread "AWT-EventQueue-0" [_thread_blocked, id=936, stack(0x00007fb11eaf9000,0x00007fb11ebfa000)]
  0x00007fb1642a2800 JavaThread "Animation Thread" [_thread_in_native, id=937, stack(0x00007fb11e9f8000,0x00007fb11eaf9000)]
  0x00007fb164016000 JavaThread "DestroyJavaVM" [_thread_blocked, id=870, stack(0x00007fb16d3f9000,0x00007fb16d4fa000)]
  0x00007fb138001000 JavaThread "SIGHUP handler" daemon [_thread_blocked, id=963, stack(0x00007fb11edfc000,0x00007fb11eefd000)]
  0x00007fb138002800 JavaThread "SIGTERM handler" daemon [_thread_blocked, id=964, stack(0x00007fb11ecfb000,0x00007fb11edfc000)]
=>0x00007fb10c02f000 JavaThread "XToolkt-Shutdown-Thread" [_thread_in_vm, id=965, stack(0x00007fb163eff000,0x00007fb164000000)]

Other Threads:
  0x00007fb16404e000 VMThread "VM Thread" [stack: 0x00007fb168b08000,0x00007fb168c08000] [id=871]
  0x00007fb16409c000 WatcherThread [stack: 0x00007fb168164000,0x00007fb168264000] [id=879]

Threads with active compile tasks:
C2 CompilerThread0  30355 1346       4       sun.java2d.marlin.DMarlinRenderingEngine::pathToLoop (534 bytes)

VM state:not at safepoint (normal execution)

VM Mutex/Monitor currently owned by a thread: None

Heap address: 0x00000000f8000000, size: 128 MB, Compressed Oops mode: 32-bit
Narrow klass base: 0x0000000800000000, Narrow klass shift: 3
Compressed class space size: 1073741824 Address: 0x0000000840000000

Heap:
 def new generation   total 2432K, used 1296K [0x00000000f8000000, 0x00000000f82a0000, 0x00000000faaa0000)
  eden space 2176K,  47% used [0x00000000f8000000, 0x00000000f81040e8, 0x00000000f8220000)
  from space 256K, 100% used [0x00000000f8260000, 0x00000000f82a0000, 0x00000000f82a0000)
  to   space 256K,   0% used [0x00000000f8220000, 0x00000000f8220000, 0x00000000f8260000)
 tenured generation   total 5504K, used 4839K [0x00000000faaa0000, 0x00000000fb000000, 0x0000000100000000)
   the space 5504K,  87% used [0x00000000faaa0000, 0x00000000faf59ec8, 0x00000000faf5a000, 0x00000000fb000000)
 Metaspace       used 9037K, capacity 9403K, committed 9600K, reserved 1058816K
  class space    used 908K, capacity 1092K, committed 1152K, reserved 1048576K

Card table byte_map: [0x00007fb16d3b8000,0x00007fb16d3f9000] _byte_map_base: 0x00007fb16cbf8000

Polling page: 0x00007fb16d516000

Metaspace:

Usage:
  Non-class:      8.12 MB capacity,     7.94 MB ( 98%) used,   147.55 KB (  2%) free+waste,    34.94 KB ( <1%) overhead. 
      Class:      1.07 MB capacity,   908.52 KB ( 83%) used,   162.73 KB ( 15%) free+waste,    20.75 KB (  2%) overhead. 
       Both:      9.18 MB capacity,     8.83 MB ( 96%) used,   310.28 KB (  3%) free+waste,    55.69 KB ( <1%) overhead. 

Virtual space:
  Non-class space:       10.00 MB reserved,       8.25 MB ( 82%) committed 
      Class space:        1.00 GB reserved,       1.12 MB ( <1%) committed 
             Both:        1.01 GB reserved,       9.38 MB ( <1%) committed 

Chunk freelists:
   Non-Class:  125.00 KB
       Class:  28.00 KB
        Both:  153.00 KB

MaxMetaspaceSize: unlimited
CompressedClassSpaceSize: 1.00 GB

CodeHeap 'non-profiled nmethods': size=120036Kb used=547Kb max_used=547Kb free=119488Kb
 bounds [0x00007fb1543c9000, 0x00007fb154639000, 0x00007fb15b902000]
CodeHeap 'profiled nmethods': size=120032Kb used=2420Kb max_used=2420Kb free=117611Kb
 bounds [0x00007fb14ce91000, 0x00007fb14d101000, 0x00007fb1543c9000]
CodeHeap 'non-nmethods': size=5692Kb used=1237Kb max_used=1263Kb free=4454Kb
 bounds [0x00007fb14c902000, 0x00007fb14cb72000, 0x00007fb14ce91000]
 total_blobs=2030 nmethods=1391 adapters=554
 compilation: enabled
              stopped_count=0, restarted_count=0
 full_count=0

Compilation events (20 events):
Event: 26.774 Thread 0x00007fb16405d800 1418   !   3       sun.java2d.SunGraphics2D::fill (64 bytes)
Event: 26.778 Thread 0x00007fb16405d800 nmethod 1418 0x00007fb14d0e4c90 code [0x00007fb14d0e4ec0, 0x00007fb14d0e5540]
Event: 26.778 Thread 0x00007fb16405d800 1419       3       sun.java2d.pipe.PixelToParallelogramConverter::fill (76 bytes)
Event: 26.781 Thread 0x00007fb16405d800 nmethod 1419 0x00007fb14d0e5890 code [0x00007fb14d0e5ac0, 0x00007fb14d0e6410]
Event: 26.782 Thread 0x00007fb16405d800 1420       3       sun.java2d.pipe.AAShapePipe::fill (8 bytes)
Event: 26.782 Thread 0x00007fb16405d800 nmethod 1420 0x00007fb14d0e6610 code [0x00007fb14d0e67c0, 0x00007fb14d0e6900]
Event: 26.797 Thread 0x00007fb16405d800 1422   !   3       processing.core.PApplet::dequeueEvents (88 bytes)
Event: 26.798 Thread 0x00007fb16405d800 nmethod 1422 0x00007fb14d0e6990 code [0x00007fb14d0e6bc0, 0x00007fb14d0e76f0]
Event: 26.982 Thread 0x00007fb16405d800 1423       3       sun.java2d.marlin.DTransformingPathConsumer2D$PathClipFilter::clip (144 bytes)
Event: 26.985 Thread 0x00007fb16405d800 nmethod 1423 0x00007fb14d0e7a10 code [0x00007fb14d0e7c20, 0x00007fb14d0e8090]
Event: 27.385 Thread 0x00007fb16405d800 1424   !   3       java.util.concurrent.locks.AbstractQueuedSynchronizer::acquireQueued (74 bytes)
Event: 27.386 Thread 0x00007fb16405d800 nmethod 1424 0x00007fb14d0e8290 code [0x00007fb14d0e8520, 0x00007fb14d0e9040]
Event: 27.461 Thread 0x00007fb16405d800 1425       3       java.util.concurrent.locks.AbstractQueuedSynchronizer::unparkSuccessor (84 bytes)
Event: 27.468 Thread 0x00007fb16405d800 nmethod 1425 0x00007fb14d0e9590 code [0x00007fb14d0e9800, 0x00007fb14d0ea230]
Event: 27.670 Thread 0x00007fb16405d800 1426       3       java.util.concurrent.locks.AbstractQueuedSynchronizer::addWaiter (46 bytes)
Event: 27.693 Thread 0x00007fb16405d800 nmethod 1426 0x00007fb14d0ea610 code [0x00007fb14d0eaa60, 0x00007fb14d0eca30]
Event: 27.753 Thread 0x00007fb16405d800 1427       3       processing.core.PGraphics::colorCalc (206 bytes)
Event: 27.754 Thread 0x00007fb16405d800 nmethod 1427 0x00007fb14d0ed510 code [0x00007fb14d0ed720, 0x00007fb14d0edc10]
Event: 30.153 Thread 0x00007fb16405d800 1429       3       java.util.AbstractSet::<init> (5 bytes)
Event: 30.153 Thread 0x00007fb16405d800 nmethod 1429 0x00007fb14d0edc90 code [0x00007fb14d0ede40, 0x00007fb14d0ee010]

GC Heap History (14 events):
Event: 0.664 GC heap before
{Heap before GC invocations=0 (full 0):
 def new generation   total 2432K, used 2176K [0x00000000f8000000, 0x00000000f82a0000, 0x00000000faaa0000)
  eden space 2176K, 100% used [0x00000000f8000000, 0x00000000f8220000, 0x00000000f8220000)
  from space 256K,   0% used [0x00000000f8220000, 0x00000000f8220000, 0x00000000f8260000)
  to   space 256K,   0% used [0x00000000f8260000, 0x00000000f8260000, 0x00000000f82a0000)
 tenured generation   total 5504K, used 0K [0x00000000faaa0000, 0x00000000fb000000, 0x0000000100000000)
   the space 5504K,   0% used [0x00000000faaa0000, 0x00000000faaa0000, 0x00000000faaa0200, 0x00000000fb000000)
 Metaspace       used 1344K, capacity 4929K, committed 5120K, reserved 1056768K
  class space    used 109K, capacity 451K, committed 512K, reserved 1048576K
}
Event: 0.669 GC heap after
{Heap after GC invocations=1 (full 0):
 def new generation   total 2432K, used 255K [0x00000000f8000000, 0x00000000f82a0000, 0x00000000faaa0000)
  eden space 2176K,   0% used [0x00000000f8000000, 0x00000000f8000000, 0x00000000f8220000)
  from space 256K,  99% used [0x00000000f8260000, 0x00000000f829fff8, 0x00000000f82a0000)
  to   space 256K,   0% used [0x00000000f8220000, 0x00000000f8220000, 0x00000000f8260000)
 tenured generation   total 5504K, used 631K [0x00000000faaa0000, 0x00000000fb000000, 0x0000000100000000)
   the space 5504K,  11% used [0x00000000faaa0000, 0x00000000fab3dec8, 0x00000000fab3e000, 0x00000000fb000000)
 Metaspace       used 1344K, capacity 4929K, committed 5120K, reserved 1056768K
  class space    used 109K, capacity 451K, committed 512K, reserved 1048576K
}
Event: 7.801 GC heap before
{Heap before GC invocations=1 (full 0):
 def new generation   total 2432K, used 2431K [0x00000000f8000000, 0x00000000f82a0000, 0x00000000faaa0000)
  eden space 2176K, 100% used [0x00000000f8000000, 0x00000000f8220000, 0x00000000f8220000)
  from space 256K,  99% used [0x00000000f8260000, 0x00000000f829fff8, 0x00000000f82a0000)
  to   space 256K,   0% used [0x00000000f8220000, 0x00000000f8220000, 0x00000000f8260000)
 tenured generation   total 5504K, used 631K [0x00000000faaa0000, 0x00000000fb000000, 0x0000000100000000)
   the space 5504K,  11% used [0x00000000faaa0000, 0x00000000fab3dec8, 0x00000000fab3e000, 0x00000000fb000000)
 Metaspace       used 3401K, capacity 5157K, committed 5504K, reserved 1056768K
  class space    used 314K, capacity 533K, committed 640K, reserved 1048576K
}
Event: 7.812 GC heap after
{Heap after GC invocations=2 (full 0):
 def new generation   total 2432K, used 256K [0x00000000f8000000, 0x00000000f82a0000, 0x00000000faaa0000)
  eden space 2176K,   0% used [0x00000000f8000000, 0x00000000f8000000, 0x00000000f8220000)
  from space 256K, 100% used [0x00000000f8220000, 0x00000000f8260000, 0x00000000f8260000)
  to   space 256K,   0% used [0x00000000f8260000, 0x00000000f8260000, 0x00000000f82a0000)
 tenured generation   total 5504K, used 1000K [0x00000000faaa0000, 0x00000000fb000000, 0x0000000100000000)
   the space 5504K,  18% used [0x00000000faaa0000, 0x00000000fab9a0e0, 0x00000000fab9a200, 0x00000000fb000000)
 Metaspace       used 3401K, capacity 5157K, committed 5504K, reserved 1056768K
  class space    used 314K, capacity 533K, committed 640K, reserved 1048576K
}
Event: 8.385 GC heap before
{Heap before GC invocations=2 (full 0):
 def new generation   total 2432K, used 2432K [0x00000000f8000000, 0x00000000f82a0000, 0x00000000faaa0000)
  eden space 2176K, 100% used [0x00000000f8000000, 0x00000000f8220000, 0x00000000f8220000)
  from space 256K, 100% used [0x00000000f8220000, 0x00000000f8260000, 0x00000000f8260000)
  to   space 256K,   0% used [0x00000000f8260000, 0x00000000f8260000, 0x00000000f82a0000)
 tenured generation   total 5504K, used 1000K [0x00000000faaa0000, 0x00000000fb000000, 0x0000000100000000)
   the space 5504K,  18% used [0x00000000faaa0000, 0x00000000fab9a0e0, 0x00000000fab9a200, 0x00000000fb000000)
 Metaspace       used 5462K, capacity 5848K, committed 6144K, reserved 1056768K
  class space    used 538K, capacity 674K, committed 768K, reserved 1048576K
}
Event: 8.394 GC heap after
{Heap after GC invocations=3 (full 0):
 def new generation   total 2432K, used 256K [0x00000000f8000000, 0x00000000f82a0000, 0x00000000faaa0000)
  eden space 2176K,   0% used [0x00000000f8000000, 0x00000000f8000000, 0x00000000f8220000)
  from space 256K, 100% used [0x00000000f8260000, 0x00000000f82a0000, 0x00000000f82a0000)
  to   space 256K,   0% used [0x00000000f8220000, 0x00000000f8220000, 0x00000000f8260000)
 tenured generation   total 5504K, used 1386K [0x00000000faaa0000, 0x00000000fb000000, 0x0000000100000000)
   the space 5504K,  25% used [0x00000000faaa0000, 0x00000000fabfa998, 0x00000000fabfaa00, 0x00000000fb000000)
 Metaspace       used 5462K, capacity 5848K, committed 6144K, reserved 1056768K
  class space    used 538K, capacity 674K, committed 768K, reserved 1048576K
}
Event: 9.114 GC heap before
{Heap before GC invocations=3 (full 0):
 def new generation   total 2432K, used 2426K [0x00000000f8000000, 0x00000000f82a0000, 0x00000000faaa0000)
  eden space 2176K,  99% used [0x00000000f8000000, 0x00000000f821ebc8, 0x00000000f8220000)
  from space 256K, 100% used [0x00000000f8260000, 0x00000000f82a0000, 0x00000000f82a0000)
  to   space 256K,   0% used [0x00000000f8220000, 0x00000000f8220000, 0x00000000f8260000)
 tenured generation   total 5504K, used 1386K [0x00000000faaa0000, 0x00000000fb000000, 0x0000000100000000)
   the space 5504K,  25% used [0x00000000faaa0000, 0x00000000fabfa998, 0x00000000fabfaa00, 0x00000000fb000000)
 Metaspace       used 7370K, capacity 7733K, committed 7936K, reserved 1056768K
  class space    used 772K, capacity 962K, committed 1024K, reserved 1048576K
}
Event: 9.119 GC heap after
{Heap after GC invocations=4 (full 0):
 def new generation   total 2432K, used 256K [0x00000000f8000000, 0x00000000f82a0000, 0x00000000faaa0000)
  eden space 2176K,   0% used [0x00000000f8000000, 0x00000000f8000000, 0x00000000f8220000)
  from space 256K, 100% used [0x00000000f8220000, 0x00000000f8260000, 0x00000000f8260000)
  to   space 256K,   0% used [0x00000000f8260000, 0x00000000f8260000, 0x00000000f82a0000)
 tenured generation   total 5504K, used 1783K [0x00000000faaa0000, 0x00000000fb000000, 0x0000000100000000)
   the space 5504K,  32% used [0x00000000faaa0000, 0x00000000fac5dcc0, 0x00000000fac5de00, 0x00000000fb000000)
 Metaspace       used 7370K, capacity 7733K, committed 7936K, reserved 1056768K
  class space    used 772K, capacity 962K, committed 1024K, reserved 1048576K
}
Event: 9.456 GC heap before
{Heap before GC invocations=4 (full 0):
 def new generation   total 2432K, used 1508K [0x00000000f8000000, 0x00000000f82a0000, 0x00000000faaa0000)
  eden space 2176K,  57% used [0x00000000f8000000, 0x00000000f81392b8, 0x00000000f8220000)
  from space 256K, 100% used [0x00000000f8220000, 0x00000000f8260000, 0x00000000f8260000)
  to   space 256K,   0% used [0x00000000f8260000, 0x00000000f8260000, 0x00000000f82a0000)
 tenured generation   total 5504K, used 1783K [0x00000000faaa0000, 0x00000000fb000000, 0x0000000100000000)
   the space 5504K,  32% used [0x00000000faaa0000, 0x00000000fac5dcc0, 0x00000000fac5de00, 0x00000000fb000000)
 Metaspace       used 7413K, capacity 7797K, committed 7936K, reserved 1056768K
  class space    used 772K, capacity 962K, committed 1024K, reserved 1048576K
}
Event: 9.460 GC heap after
{Heap after GC invocations=5 (full 0):
 def new generation   total 2432K, used 237K [0x00000000f8000000, 0x00000000f82a0000, 0x00000000faaa0000)
  eden space 2176K,   0% used [0x00000000f8000000, 0x00000000f8000000, 0x00000000f8220000)
  from space 256K,  92% used [0x00000000f8260000, 0x00000000f829b548, 0x00000000f82a0000)
  to   space 256K,   0% used [0x00000000f8220000, 0x00000000f8220000, 0x00000000f8260000)
 tenured generation   total 5504K, used 2281K [0x00000000faaa0000, 0x00000000fb000000, 0x0000000100000000)
   the space 5504K,  41% used [0x00000000faaa0000, 0x00000000facda788, 0x00000000facda800, 0x00000000fb000000)
 Metaspace       used 7413K, capacity 7797K, committed 7936K, reserved 1056768K
  class space    used 772K, capacity 962K, committed 1024K, reserved 1048576K
}
Event: 9.572 GC heap before
{Heap before GC invocations=5 (full 0):
 def new generation   total 2432K, used 2408K [0x00000000f8000000, 0x00000000f82a0000, 0x00000000faaa0000)
  eden space 2176K,  99% used [0x00000000f8000000, 0x00000000f821ecb8, 0x00000000f8220000)
  from space 256K,  92% used [0x00000000f8260000, 0x00000000f829b548, 0x00000000f82a0000)
  to   space 256K,   0% used [0x00000000f8220000, 0x00000000f8220000, 0x00000000f8260000)
 tenured generation   total 5504K, used 2281K [0x00000000faaa0000, 0x00000000fb000000, 0x0000000100000000)
   the space 5504K,  41% used [0x00000000faaa0000, 0x00000000facda788, 0x00000000facda800, 0x00000000fb000000)
 Metaspace       used 7465K, capacity 7861K, committed 8192K, reserved 1056768K
  class space    used 780K, capacity 962K, committed 1024K, reserved 1048576K
}
Event: 9.576 GC heap after
{Heap after GC invocations=6 (full 0):
 def new generation   total 2432K, used 50K [0x00000000f8000000, 0x00000000f82a0000, 0x00000000faaa0000)
  eden space 2176K,   0% used [0x00000000f8000000, 0x00000000f8000000, 0x00000000f8220000)
  from space 256K,  19% used [0x00000000f8220000, 0x00000000f822c900, 0x00000000f8260000)
  to   space 256K,   0% used [0x00000000f8260000, 0x00000000f8260000, 0x00000000f82a0000)
 tenured generation   total 5504K, used 3399K [0x00000000faaa0000, 0x00000000fb000000, 0x0000000100000000)
   the space 5504K,  61% used [0x00000000faaa0000, 0x00000000fadf1fb0, 0x00000000fadf2000, 0x00000000fb000000)
 Metaspace       used 7465K, capacity 7861K, committed 8192K, reserved 1056768K
  class space    used 780K, capacity 962K, committed 1024K, reserved 1048576K
}
Event: 11.377 GC heap before
{Heap before GC invocations=6 (full 0):
 def new generation   total 2432K, used 2226K [0x00000000f8000000, 0x00000000f82a0000, 0x00000000faaa0000)
  eden space 2176K, 100% used [0x00000000f8000000, 0x00000000f8220000, 0x00000000f8220000)
  from space 256K,  19% used [0x00000000f8220000, 0x00000000f822c900, 0x00000000f8260000)
  to   space 256K,   0% used [0x00000000f8260000, 0x00000000f8260000, 0x00000000f82a0000)
 tenured generation   total 5504K, used 3399K [0x00000000faaa0000, 0x00000000fb000000, 0x0000000100000000)
   the space 5504K,  61% used [0x00000000faaa0000, 0x00000000fadf1fb0, 0x00000000fadf2000, 0x00000000fb000000)
 Metaspace       used 8710K, capacity 9083K, committed 9344K, reserved 1056768K
  class space    used 907K, capacity 1092K, committed 1152K, reserved 1048576K
}
Event: 11.380 GC heap after
{Heap after GC invocations=7 (full 0):
 def new generation   total 2432K, used 256K [0x00000000f8000000, 0x00000000f82a0000, 0x00000000faaa0000)
  eden space 2176K,   0% used [0x00000000f8000000, 0x00000000f8000000, 0x00000000f8220000)
  from space 256K, 100% used [0x00000000f8260000, 0x00000000f82a0000, 0x00000000f82a0000)
  to   space 256K,   0% used [0x00000000f8220000, 0x00000000f8220000, 0x00000000f8260000)
 tenured generation   total 5504K, used 4839K [0x00000000faaa0000, 0x00000000fb000000, 0x0000000100000000)
   the space 5504K,  87% used [0x00000000faaa0000, 0x00000000faf59ec8, 0x00000000faf5a000, 0x00000000fb000000)
 Metaspace       used 8710K, capacity 9083K, committed 9344K, reserved 1056768K
  class space    used 907K, capacity 1092K, committed 1152K, reserved 1048576K
}

Deoptimization events (20 events):
Event: 16.473 Thread 0x00007fb1642a2800 DEOPT PACKING pc=0x00007fb14d00644d sp=0x00007fb11eaf7200
Event: 16.473 Thread 0x00007fb1642a2800 DEOPT UNPACKING pc=0x00007fb14c927fba sp=0x00007fb11eaf6620 mode 0
Event: 16.559 Thread 0x00007fb1642a2800 DEOPT PACKING pc=0x00007fb14d00644d sp=0x00007fb11eaf7200
Event: 16.559 Thread 0x00007fb1642a2800 DEOPT UNPACKING pc=0x00007fb14c927fba sp=0x00007fb11eaf6620 mode 0
Event: 16.561 Thread 0x00007fb1642a2800 DEOPT PACKING pc=0x00007fb14d00644d sp=0x00007fb11eaf71b0
Event: 16.561 Thread 0x00007fb1642a2800 DEOPT UNPACKING pc=0x00007fb14c927fba sp=0x00007fb11eaf65d0 mode 0
Event: 16.655 Thread 0x00007fb1642a2800 DEOPT PACKING pc=0x00007fb14d00644d sp=0x00007fb11eaf71b0
Event: 16.655 Thread 0x00007fb1642a2800 DEOPT UNPACKING pc=0x00007fb14c927fba sp=0x00007fb11eaf65d0 mode 0
Event: 16.660 Thread 0x00007fb1642a2800 DEOPT PACKING pc=0x00007fb14d00644d sp=0x00007fb11eaf7140
Event: 16.661 Thread 0x00007fb1642a2800 DEOPT UNPACKING pc=0x00007fb14c927fba sp=0x00007fb11eaf6560 mode 0
Event: 16.756 Thread 0x00007fb1642a2800 DEOPT PACKING pc=0x00007fb14d006724 sp=0x00007fb11eaf7200
Event: 16.757 Thread 0x00007fb1642a2800 DEOPT UNPACKING pc=0x00007fb14c927fba sp=0x00007fb11eaf6620 mode 0
Event: 16.868 Thread 0x00007fb1642a2800 DEOPT PACKING pc=0x00007fb14d0063f8 sp=0x00007fb11eaf7140
Event: 16.868 Thread 0x00007fb1642a2800 DEOPT UNPACKING pc=0x00007fb14c927fba sp=0x00007fb11eaf6560 mode 0
Event: 16.965 Thread 0x00007fb1642a2800 DEOPT PACKING pc=0x00007fb14d006745 sp=0x00007fb11eaf7200
Event: 16.965 Thread 0x00007fb1642a2800 DEOPT UNPACKING pc=0x00007fb14c927fba sp=0x00007fb11eaf6620 mode 0
Event: 17.070 Thread 0x00007fb1642a2800 DEOPT PACKING pc=0x00007fb14d006745 sp=0x00007fb11eaf7200
Event: 17.070 Thread 0x00007fb1642a2800 DEOPT UNPACKING pc=0x00007fb14c927fba sp=0x00007fb11eaf6620 mode 0
Event: 22.571 Thread 0x00007fb1642a2800 DEOPT PACKING pc=0x00007fb14d02bf40 sp=0x00007fb11eaf6cd0
Event: 22.571 Thread 0x00007fb1642a2800 DEOPT UNPACKING pc=0x00007fb14c927fba sp=0x00007fb11eaf61e8 mode 0

Classes redefined (0 events):
No events

Internal exceptions (20 events):
Event: 0.375 Thread 0x00007fb164016000 Exception <a 'java/lang/ClassNotFoundException'{0x00000000f816e3a8}: sun/awt/resources/spi/awtProvider> (0x00000000f816e3a8) thrown at [./src/hotspot/share/classfile/systemDictionary.cpp, line 231]
Event: 0.659 Thread 0x00007fb164016000 Exception <a 'java/io/FileNotFoundException'{0x00000000f820dab0}> (0x00000000f820dab0) thrown at [./src/hotspot/share/prims/jni.cpp, line 615]
Event: 0.775 Thread 0x00007fb164016000 Exception <a 'java/lang/NoSuchMethodError'{0x00000000f804f680}: 'java.lang.Object java.lang.invoke.DirectMethodHandle$Holder.invokeStatic(java.lang.Object, java.lang.Object, java.lang.Object, java.lang.Object, java.lang.Object, java.lang.Object, java.lang.Object, java.lang.Object, java.lang.Object, java.lang.Object, java.lang.Object, java.lang.Object, java.lang.Object, java.lang.Object, java.lang.Object)'> (0x00000000f804f680) thrown at [./src/hotspot/share/interpreter/linkResolver.cpp, line 773]
Event: 0.778 Thread 0x00007fb164016000 Exception <a 'java/lang/NoSuchMethodError'{0x00000000f805d8a0}: 'java.lang.Object java.lang.invoke.DirectMethodHandle$Holder.invokeStatic(java.lang.Object, java.lang.Object, java.lang.Object, java.lang.Object, java.lang.Object, java.lang.Object, java.lang.Object, java.lang.Object, java.lang.Object, java.lang.Object, java.lang.Object, java.lang.Object, java.lang.Object, java.lang.Object, java.lang.Object, java.lang.Object)'> (0x00000000f805d8a0) thrown at [./src/hotspot/share/interpreter/linkResolver.cpp, l
Event: 0.855 Thread 0x00007fb164016000 Exception <a 'java/lang/NoSuchMethodError'{0x00000000f806b760}: 'java.lang.Object java.lang.invoke.DirectMethodHandle$Holder.invokeSpecial(java.lang.Object, java.lang.Object, int, int, java.lang.Object, java.lang.Object, java.lang.Object)'> (0x00000000f806b760) thrown at [./src/hotspot/share/interpreter/linkResolver.cpp, line 773]
Event: 0.855 Thread 0x00007fb164016000 Exception <a 'java/lang/NoSuchMethodError'{0x00000000f806ecf0}: 'java.lang.Object java.lang.invoke.DelegatingMethodHandle$Holder.reinvoke_L(java.lang.Object, int, int, java.lang.Object, java.lang.Object, java.lang.Object)'> (0x00000000f806ecf0) thrown at [./src/hotspot/share/interpreter/linkResolver.cpp, line 773]
Event: 0.856 Thread 0x00007fb164016000 Exception <a 'java/lang/NoSuchMethodError'{0x00000000f8073020}: 'java.lang.Object java.lang.invoke.DirectMethodHandle$Holder.invokeStatic(java.lang.Object, java.lang.Object, java.lang.Object, java.lang.Object, int)'> (0x00000000f8073020) thrown at [./src/hotspot/share/interpreter/linkResolver.cpp, line 773]
Event: 7.705 Thread 0x00007fb164016000 Exception <a 'java/lang/NoSuchMethodError'{0x00000000f81d2ec0}: 'java.lang.Object java.lang.invoke.DirectMethodHandle$Holder.invokeStatic(java.lang.Object, java.lang.Object, java.lang.Object, java.lang.Object, java.lang.Object, java.lang.Object, java.lang.Object, java.lang.Object, int)'> (0x00000000f81d2ec0) thrown at [./src/hotspot/share/interpreter/linkResolver.cpp, line 773]
Event: 7.714 Thread 0x00007fb164016000 Exception <a 'java/lang/NoSuchMethodError'{0x00000000f81ed428}: 'java.lang.Object java.lang.invoke.DirectMethodHandle$Holder.invokeStatic(java.lang.Object, java.lang.Object, java.lang.Object, java.lang.Object, java.lang.Object, java.lang.Object, java.lang.Object, java.lang.Object, int, int)'> (0x00000000f81ed428) thrown at [./src/hotspot/share/interpreter/linkResolver.cpp, line 773]
Event: 7.753 Thread 0x00007fb164016000 Exception <a 'java/lang/NoSuchMethodError'{0x00000000f81f9888}: 'void java.lang.invoke.DirectMethodHandle$Holder.invokeSpecial(java.lang.Object, java.lang.Object)'> (0x00000000f81f9888) thrown at [./src/hotspot/share/interpreter/linkResolver.cpp, line 773]
Event: 8.333 Thread 0x00007fb164016000 Exception <a 'java/lang/NoSuchMethodError'{0x00000000f81ed380}: 'java.lang.Object java.lang.invoke.DirectMethodHandle$Holder.invokeStatic(java.lang.Object, int, java.lang.Object, java.lang.Object, java.lang.Object, java.lang.Object)'> (0x00000000f81ed380) thrown at [./src/hotspot/share/interpreter/linkResolver.cpp, line 773]
Event: 8.354 Thread 0x00007fb164016000 Exception <a 'java/lang/NoSuchMethodError'{0x00000000f81f46a8}: 'java.lang.Object java.lang.invoke.DirectMethodHandle$Holder.invokeStatic(java.lang.Object, int, java.lang.Object, java.lang.Object, java.lang.Object)'> (0x00000000f81f46a8) thrown at [./src/hotspot/share/interpreter/linkResolver.cpp, line 773]
Event: 8.354 Thread 0x00007fb164016000 Exception <a 'java/lang/NoSuchMethodError'{0x00000000f81f81f0}: 'java.lang.Object java.lang.invoke.DirectMethodHandle$Holder.invokeSpecial(java.lang.Object, java.lang.Object, int, java.lang.Object, java.lang.Object, java.lang.Object)'> (0x00000000f81f81f0) thrown at [./src/hotspot/share/interpreter/linkResolver.cpp, line 773]
Event: 8.372 Thread 0x00007fb164016000 Exception <a 'java/lang/NoSuchMethodError'{0x00000000f82101a0}: 'java.lang.Object java.lang.invoke.DirectMethodHandle$Holder.invokeStatic(java.lang.Object, int, java.lang.Object)'> (0x00000000f82101a0) thrown at [./src/hotspot/share/interpreter/linkResolver.cpp, line 773]
Event: 8.600 Thread 0x00007fb164016000 Exception <a 'java/lang/NoSuchMethodError'{0x00000000f80eb3b0}: 'java.lang.Object java.lang.invoke.Invokers$Holder.linkToTargetMethod(java.lang.Object, int, java.lang.Object)'> (0x00000000f80eb3b0) thrown at [./src/hotspot/share/interpreter/linkResolver.cpp, line 773]
Event: 8.605 Thread 0x00007fb164016000 Exception <a 'java/lang/ClassNotFoundException'{0x00000000f80f3758}: com/sun/swing/internal/plaf/metal/resources/spi/metalProvider> (0x00000000f80f3758) thrown at [./src/hotspot/share/classfile/systemDictionary.cpp, line 231]
Event: 8.607 Thread 0x00007fb164016000 Exception <a 'java/lang/ClassNotFoundException'{0x00000000f80f7c98}: com/sun/swing/internal/plaf/basic/resources/spi/basicProvider> (0x00000000f80f7c98) thrown at [./src/hotspot/share/classfile/systemDictionary.cpp, line 231]
Event: 8.860 Thread 0x00007fb164016000 Exception <a 'java/lang/NoSuchMethodError'{0x00000000f81890b0}: 'void java.lang.invoke.DirectMethodHandle$Holder.invokeStaticInit(java.lang.Object)'> (0x00000000f81890b0) thrown at [./src/hotspot/share/interpreter/linkResolver.cpp, line 773]
Event: 8.955 Thread 0x00007fb164016000 Exception <a 'java/lang/NoSuchMethodError'{0x00000000f81c62b8}: 'java.lang.Object java.lang.invoke.DirectMethodHandle$Holder.invokeStatic(java.lang.Object, java.lang.Object, java.lang.Object, java.lang.Object, java.lang.Object, java.lang.Object, java.lang.Object, java.lang.Object, java.lang.Object, java.lang.Object, java.lang.Object, java.lang.Object, java.lang.Object, int)'> (0x00000000f81c62b8) thrown at [./src/hotspot/share/interpreter/linkResolver.cpp, line 773]
Event: 8.962 Thread 0x00007fb164016000 Exception <a 'java/lang/NoSuchMethodError'{0x00000000f81d3150}: 'java.lang.Object java.lang.invoke.DirectMethodHandle$Holder.invokeStatic(java.lang.Object, java.lang.Object, java.lang.Object, java.lang.Object, java.lang.Object, java.lang.Object, java.lang.Object, java.lang.Object, java.lang.Object, java.lang.Object, java.lang.Object, java.lang.Object, java.lang.Object, int, int)'> (0x00000000f81d3150) thrown at [./src/hotspot/share/interpreter/linkResolver.cpp, line 773]

Events (20 events):
Event: 18.106 Executing VM operation: RevokeBias done
Event: 18.152 Executing VM operation: RevokeBias
Event: 18.162 Executing VM operation: RevokeBias done
Event: 30.151 loading class jdk/internal/misc/Signal$1
Event: 30.151 loading class jdk/internal/misc/Signal$1 done
Event: 30.152 Thread 0x00007fb138001000 Thread added: 0x00007fb138001000
Event: 30.152 Protecting memory [0x00007fb11edfc000,0x00007fb11ee00000] with protection modes 0
Event: 30.152 Thread 0x00007fb138002800 Thread added: 0x00007fb138002800
Event: 30.152 Protecting memory [0x00007fb11ecfb000,0x00007fb11ecff000] with protection modes 0
Event: 30.152 Executing VM operation: RevokeBias
Event: 30.152 Executing coalesced safepoint VM operation: RevokeBias
Event: 30.152 Executing coalesced safepoint VM operation: RevokeBias done
Event: 30.152 Executing VM operation: RevokeBias done
Event: 30.153 Executing VM operation: RevokeBias
Event: 30.153 Executing VM operation: RevokeBias done
Event: 30.154 Executing VM operation: RevokeBias
Event: 30.154 Thread 0x00007fb10c02f000 Thread added: 0x00007fb10c02f000
Event: 30.157 Protecting memory [0x00007fb163eff000,0x00007fb163f03000] with protection modes 0
Event: 30.159 Executing VM operation: RevokeBias done
Event: 30.159 loading class sun/awt/X11/XSystemTrayPeer


Dynamic libraries:
f8000000-f82a0000 rw-p 00000000 00:00 0 
f82a0000-faaa0000 ---p 00000000 00:00 0 
faaa0000-fb000000 rw-p 00000000 00:00 0 
fb000000-100000000 ---p 00000000 00:00 0 
800000000-800002000 rwxp 00001000 08:01 2329427                          /usr/lib/jvm/java-11-openjdk-amd64/lib/server/classes.jsa
800002000-8003b8000 rw-p 00003000 08:01 2329427                          /usr/lib/jvm/java-11-openjdk-amd64/lib/server/classes.jsa
8003b8000-800a93000 r--p 003b9000 08:01 2329427                          /usr/lib/jvm/java-11-openjdk-amd64/lib/server/classes.jsa
800a93000-800a94000 rw-p 00a94000 08:01 2329427                          /usr/lib/jvm/java-11-openjdk-amd64/lib/server/classes.jsa
800a94000-8010a0000 r--p 00a95000 08:01 2329427                          /usr/lib/jvm/java-11-openjdk-amd64/lib/server/classes.jsa
840000000-840120000 rw-p 00000000 00:00 0 
840120000-880000000 ---p 00000000 00:00 0 
5600a694e000-5600a694f000 r-xp 00000000 08:01 2329059                    /usr/lib/jvm/java-11-openjdk-amd64/bin/java
5600a6b4f000-5600a6b50000 r--p 00001000 08:01 2329059                    /usr/lib/jvm/java-11-openjdk-amd64/bin/java
5600a6b50000-5600a6b51000 rw-p 00002000 08:01 2329059                    /usr/lib/jvm/java-11-openjdk-amd64/bin/java
5600a7f1b000-5600a7f3c000 rw-p 00000000 00:00 0                          [heap]
7fb0f8000000-7fb0f81a5000 rw-p 00000000 00:00 0 
7fb0f81a5000-7fb0fc000000 ---p 00000000 00:00 0 
7fb0fc000000-7fb0fc084000 rw-p 00000000 00:00 0 
7fb0fc084000-7fb100000000 ---p 00000000 00:00 0 
7fb100000000-7fb100021000 rw-p 00000000 00:00 0 
7fb100021000-7fb104000000 ---p 00000000 00:00 0 
7fb104000000-7fb104021000 rw-p 00000000 00:00 0 
7fb104021000-7fb108000000 ---p 00000000 00:00 0 
7fb108000000-7fb108021000 rw-p 00000000 00:00 0 
7fb108021000-7fb10c000000 ---p 00000000 00:00 0 
7fb10c000000-7fb10c053000 rw-p 00000000 00:00 0 
7fb10c053000-7fb110000000 ---p 00000000 00:00 0 
7fb110000000-7fb110021000 rw-p 00000000 00:00 0 
7fb110021000-7fb114000000 ---p 00000000 00:00 0 
7fb114000000-7fb114021000 rw-p 00000000 00:00 0 
7fb114021000-7fb118000000 ---p 00000000 00:00 0 
7fb118000000-7fb118021000 rw-p 00000000 00:00 0 
7fb118021000-7fb11c000000 ---p 00000000 00:00 0 
7fb11e435000-7fb11e743000 rw-p 00000000 00:00 0 
7fb11e743000-7fb11e903000 ---p 00000000 00:00 0 
7fb11e903000-7fb11e9f8000 rw-s 00000000 00:01 61                         /SYSV00000000 (deleted)
7fb11e9f8000-7fb11e9fc000 ---p 00000000 00:00 0 
7fb11e9fc000-7fb11eaf9000 rw-p 00000000 00:00 0 
7fb11eaf9000-7fb11eafd000 ---p 00000000 00:00 0 
7fb11eafd000-7fb11ebfa000 rw-p 00000000 00:00 0 
7fb11ebfa000-7fb11ebfe000 ---p 00000000 00:00 0 
7fb11ebfe000-7fb11ecfb000 rw-p 00000000 00:00 0 
7fb11ecfb000-7fb11ecff000 ---p 00000000 00:00 0 
7fb11ecff000-7fb11edfc000 rw-p 00000000 00:00 0 
7fb11edfc000-7fb11ee00000 ---p 00000000 00:00 0 
7fb11ee00000-7fb11eefd000 rw-p 00000000 00:00 0 
7fb11eefd000-7fb11ef01000 ---p 00000000 00:00 0 
7fb11ef01000-7fb11effe000 rw-p 00000000 00:00 0 
7fb11effe000-7fb11efff000 ---p 00000000 00:00 0 
7fb11efff000-7fb11f7ff000 rw-p 00000000 00:00 0 
7fb11f7ff000-7fb11f800000 ---p 00000000 00:00 0 
7fb11f800000-7fb120000000 rw-p 00000000 00:00 0 
7fb120000000-7fb120021000 rw-p 00000000 00:00 0 
7fb120021000-7fb124000000 ---p 00000000 00:00 0 
7fb12403a000-7fb12403e000 ---p 00000000 00:00 0 
7fb12403e000-7fb12413b000 rw-p 00000000 00:00 0 
7fb12413b000-7fb124140000 r-xp 00000000 08:01 1299792                    /usr/lib/x86_64-linux-gnu/libXfixes.so.3.1.0
7fb124140000-7fb12433f000 ---p 00005000 08:01 1299792                    /usr/lib/x86_64-linux-gnu/libXfixes.so.3.1.0
7fb12433f000-7fb124340000 r--p 00004000 08:01 1299792                    /usr/lib/x86_64-linux-gnu/libXfixes.so.3.1.0
7fb124340000-7fb124341000 rw-p 00005000 08:01 1299792                    /usr/lib/x86_64-linux-gnu/libXfixes.so.3.1.0
7fb124341000-7fb12434a000 r-xp 00000000 08:01 1299784                    /usr/lib/x86_64-linux-gnu/libXcursor.so.1.0.2
7fb12434a000-7fb124549000 ---p 00009000 08:01 1299784                    /usr/lib/x86_64-linux-gnu/libXcursor.so.1.0.2
7fb124549000-7fb12454a000 r--p 00008000 08:01 1299784                    /usr/lib/x86_64-linux-gnu/libXcursor.so.1.0.2
7fb12454a000-7fb12454b000 rw-p 00009000 08:01 1299784                    /usr/lib/x86_64-linux-gnu/libXcursor.so.1.0.2
7fb12454b000-7fb124557000 r-xp 00000000 08:01 1299538                    /usr/lib/x86_64-linux-gnu/gio/modules/libdconfsettings.so
7fb124557000-7fb124756000 ---p 0000c000 08:01 1299538                    /usr/lib/x86_64-linux-gnu/gio/modules/libdconfsettings.so
7fb124756000-7fb124757000 r--p 0000b000 08:01 1299538                    /usr/lib/x86_64-linux-gnu/gio/modules/libdconfsettings.so
7fb124757000-7fb124758000 rw-p 0000c000 08:01 1299538                    /usr/lib/x86_64-linux-gnu/gio/modules/libdconfsettings.so
7fb124758000-7fb12475e000 r-xp 00000000 08:01 779637                     /lib/x86_64-linux-gnu/libuuid.so.1.3.0
7fb12475e000-7fb12495d000 ---p 00006000 08:01 779637                     /lib/x86_64-linux-gnu/libuuid.so.1.3.0
7fb12495d000-7fb12495e000 r--p 00005000 08:01 779637                     /lib/x86_64-linux-gnu/libuuid.so.1.3.0
7fb12495e000-7fb12495f000 rw-p 00006000 08:01 779637                     /lib/x86_64-linux-gnu/libuuid.so.1.3.0
7fb12495f000-7fb1249a6000 r-xp 00000000 08:01 779542                     /lib/x86_64-linux-gnu/libblkid.so.1.1.0
7fb1249a6000-7fb124ba6000 ---p 00047000 08:01 779542                     /lib/x86_64-linux-gnu/libblkid.so.1.1.0
7fb124ba6000-7fb124baa000 r--p 00047000 08:01 779542                     /lib/x86_64-linux-gnu/libblkid.so.1.1.0
7fb124baa000-7fb124bab000 rw-p 0004b000 08:01 779542                     /lib/x86_64-linux-gnu/libblkid.so.1.1.0
7fb124bab000-7fb124bac000 rw-p 00000000 00:00 0 
7fb124bac000-7fb124c1c000 r-xp 00000000 08:01 779609                     /lib/x86_64-linux-gnu/libpcre.so.3.13.3
7fb124c1c000-7fb124e1c000 ---p 00070000 08:01 779609                     /lib/x86_64-linux-gnu/libpcre.so.3.13.3
7fb124e1c000-7fb124e1d000 r--p 00070000 08:01 779609                     /lib/x86_64-linux-gnu/libpcre.so.3.13.3
7fb124e1d000-7fb124e1e000 rw-p 00071000 08:01 779609                     /lib/x86_64-linux-gnu/libpcre.so.3.13.3
7fb124e1e000-7fb124e25000 r-xp 00000000 08:01 780324                     /usr/lib/x86_64-linux-gnu/libffi.so.6.0.4
7fb124e25000-7fb125024000 ---p 00007000 08:01 780324                     /usr/lib/x86_64-linux-gnu/libffi.so.6.0.4
7fb125024000-7fb125025000 r--p 00006000 08:01 780324                     /usr/lib/x86_64-linux-gnu/libffi.so.6.0.4
7fb125025000-7fb125026000 rw-p 00007000 08:01 780324                     /usr/lib/x86_64-linux-gnu/libffi.so.6.0.4
7fb125026000-7fb125077000 r-xp 00000000 08:01 779578                     /lib/x86_64-linux-gnu/libmount.so.1.1.0
7fb125077000-7fb125276000 ---p 00051000 08:01 779578                     /lib/x86_64-linux-gnu/libmount.so.1.1.0
7fb125276000-7fb125278000 r--p 00050000 08:01 779578                     /lib/x86_64-linux-gnu/libmount.so.1.1.0
7fb125278000-7fb125279000 rw-p 00052000 08:01 779578                     /lib/x86_64-linux-gnu/libmount.so.1.1.0
7fb125279000-7fb12527a000 rw-p 00000000 00:00 0 
7fb12527a000-7fb125291000 r-xp 00000000 08:01 779614                     /lib/x86_64-linux-gnu/libresolv-2.27.so
7fb125291000-7fb125491000 ---p 00017000 08:01 779614                     /lib/x86_64-linux-gnu/libresolv-2.27.so
7fb125491000-7fb125492000 r--p 00017000 08:01 779614                     /lib/x86_64-linux-gnu/libresolv-2.27.so
7fb125492000-7fb125493000 rw-p 00018000 08:01 779614                     /lib/x86_64-linux-gnu/libresolv-2.27.so
7fb125493000-7fb125495000 rw-p 00000000 00:00 0 
7fb125495000-7fb1254ba000 r-xp 00000000 08:01 779620                     /lib/x86_64-linux-gnu/libselinux.so.1
7fb1254ba000-7fb1256b9000 ---p 00025000 08:01 779620                     /lib/x86_64-linux-gnu/libselinux.so.1
7fb1256b9000-7fb1256ba000 r--p 00024000 08:01 779620                     /lib/x86_64-linux-gnu/libselinux.so.1
7fb1256ba000-7fb1256bb000 rw-p 00025000 08:01 779620                     /lib/x86_64-linux-gnu/libselinux.so.1
7fb1256bb000-7fb1256bd000 rw-p 00000000 00:00 0 
7fb1256bd000-7fb1257d1000 r-xp 00000000 08:01 1300168                    /usr/lib/x86_64-linux-gnu/libglib-2.0.so.0.5600.4
7fb1257d1000-7fb1259d1000 ---p 00114000 08:01 1300168                    /usr/lib/x86_64-linux-gnu/libglib-2.0.so.0.5600.4
7fb1259d1000-7fb1259d2000 r--p 00114000 08:01 1300168                    /usr/lib/x86_64-linux-gnu/libglib-2.0.so.0.5600.4
7fb1259d2000-7fb1259d3000 rw-p 00115000 08:01 1300168                    /usr/lib/x86_64-linux-gnu/libglib-2.0.so.0.5600.4
7fb1259d3000-7fb1259d4000 rw-p 00000000 00:00 0 
7fb1259d4000-7fb1259d7000 r-xp 00000000 08:01 1300174                    /usr/lib/x86_64-linux-gnu/libgmodule-2.0.so.0.5600.4
7fb1259d7000-7fb125bd6000 ---p 00003000 08:01 1300174                    /usr/lib/x86_64-linux-gnu/libgmodule-2.0.so.0.5600.4
7fb125bd6000-7fb125bd7000 r--p 00002000 08:01 1300174                    /usr/lib/x86_64-linux-gnu/libgmodule-2.0.so.0.5600.4
7fb125bd7000-7fb125bd8000 rw-p 00003000 08:01 1300174                    /usr/lib/x86_64-linux-gnu/libgmodule-2.0.so.0.5600.4
7fb125bd8000-7fb125c2a000 r-xp 00000000 08:01 1300178                    /usr/lib/x86_64-linux-gnu/libgobject-2.0.so.0.5600.4
7fb125c2a000-7fb125e2a000 ---p 00052000 08:01 1300178                    /usr/lib/x86_64-linux-gnu/libgobject-2.0.so.0.5600.4
7fb125e2a000-7fb125e2b000 r--p 00052000 08:01 1300178                    /usr/lib/x86_64-linux-gnu/libgobject-2.0.so.0.5600.4
7fb125e2b000-7fb125e2c000 rw-p 00053000 08:01 1300178                    /usr/lib/x86_64-linux-gnu/libgobject-2.0.so.0.5600.4
7fb125e2c000-7fb125fc1000 r-xp 00000000 08:01 1300160                    /usr/lib/x86_64-linux-gnu/libgio-2.0.so.0.5600.4
7fb125fc1000-7fb1261c1000 ---p 00195000 08:01 1300160                    /usr/lib/x86_64-linux-gnu/libgio-2.0.so.0.5600.4
7fb1261c1000-7fb1261c8000 r--p 00195000 08:01 1300160                    /usr/lib/x86_64-linux-gnu/libgio-2.0.so.0.5600.4
7fb1261c8000-7fb1261c9000 rw-p 0019c000 08:01 1300160                    /usr/lib/x86_64-linux-gnu/libgio-2.0.so.0.5600.4
7fb1261c9000-7fb1261cb000 rw-p 00000000 00:00 0 
7fb1261cb000-7fb1261d5000 r-xp 00000000 08:01 1299808                    /usr/lib/x86_64-linux-gnu/libXrandr.so.2.2.0
7fb1261d5000-7fb1263d4000 ---p 0000a000 08:01 1299808                    /usr/lib/x86_64-linux-gnu/libXrandr.so.2.2.0
7fb1263d4000-7fb1263d5000 r--p 00009000 08:01 1299808                    /usr/lib/x86_64-linux-gnu/libXrandr.so.2.2.0
7fb1263d5000-7fb1263d6000 rw-p 0000a000 08:01 1299808                    /usr/lib/x86_64-linux-gnu/libXrandr.so.2.2.0
7fb1263d6000-7fb126407000 r-xp 00000000 08:01 1300467                    /usr/lib/x86_64-linux-gnu/libpng16.so.16.34.0
7fb126407000-7fb126606000 ---p 00031000 08:01 1300467                    /usr/lib/x86_64-linux-gnu/libpng16.so.16.34.0
7fb126606000-7fb126607000 r--p 00030000 08:01 1300467                    /usr/lib/x86_64-linux-gnu/libpng16.so.16.34.0
7fb126607000-7fb126608000 rw-p 00031000 08:01 1300467                    /usr/lib/x86_64-linux-gnu/libpng16.so.16.34.0
7fb126608000-7fb1266b5000 r-xp 00000000 08:01 1300141                    /usr/lib/x86_64-linux-gnu/libfreetype.so.6.15.0
7fb1266b5000-7fb1268b4000 ---p 000ad000 08:01 1300141                    /usr/lib/x86_64-linux-gnu/libfreetype.so.6.15.0
7fb1268b4000-7fb1268bb000 r--p 000ac000 08:01 1300141                    /usr/lib/x86_64-linux-gnu/libfreetype.so.6.15.0
7fb1268bb000-7fb1268bc000 rw-p 000b3000 08:01 1300141                    /usr/lib/x86_64-linux-gnu/libfreetype.so.6.15.0
7fb1268bc000-7fb1269f0000 r-xp 00000000 08:01 2329388                    /usr/lib/jvm/java-11-openjdk-amd64/lib/libfontmanager.so
7fb1269f0000-7fb126bf0000 ---p 00134000 08:01 2329388                    /usr/lib/jvm/java-11-openjdk-amd64/lib/libfontmanager.so
7fb126bf0000-7fb126bf1000 r--p 00134000 08:01 2329388                    /usr/lib/jvm/java-11-openjdk-amd64/lib/libfontmanager.so
7fb126bf1000-7fb126bf2000 rw-p 00135000 08:01 2329388                    /usr/lib/jvm/java-11-openjdk-amd64/lib/libfontmanager.so
7fb126bf2000-7fb126bf5000 rw-p 00000000 00:00 0 
7fb126bf5000-7fb126c08000 r-xp 00000000 08:01 1033846                    /lib/x86_64-linux-gnu/libbsd.so.0.8.7
7fb126c08000-7fb126e07000 ---p 00013000 08:01 1033846                    /lib/x86_64-linux-gnu/libbsd.so.0.8.7
7fb126e07000-7fb126e08000 r--p 00012000 08:01 1033846                    /lib/x86_64-linux-gnu/libbsd.so.0.8.7
7fb126e08000-7fb126e09000 rw-p 00013000 08:01 1033846                    /lib/x86_64-linux-gnu/libbsd.so.0.8.7
7fb126e09000-7fb126e0a000 rw-p 00000000 00:00 0 
7fb126e0a000-7fb126e0f000 r-xp 00000000 08:01 1299788                    /usr/lib/x86_64-linux-gnu/libXdmcp.so.6.0.0
7fb126e0f000-7fb12700e000 ---p 00005000 08:01 1299788                    /usr/lib/x86_64-linux-gnu/libXdmcp.so.6.0.0
7fb12700e000-7fb12700f000 r--p 00004000 08:01 1299788                    /usr/lib/x86_64-linux-gnu/libXdmcp.so.6.0.0
7fb12700f000-7fb127010000 rw-p 00005000 08:01 1299788                    /usr/lib/x86_64-linux-gnu/libXdmcp.so.6.0.0
7fb127010000-7fb127012000 r-xp 00000000 08:01 1299777                    /usr/lib/x86_64-linux-gnu/libXau.so.6.0.0
7fb127012000-7fb127212000 ---p 00002000 08:01 1299777                    /usr/lib/x86_64-linux-gnu/libXau.so.6.0.0
7fb127212000-7fb127213000 r--p 00002000 08:01 1299777                    /usr/lib/x86_64-linux-gnu/libXau.so.6.0.0
7fb127213000-7fb127214000 rw-p 00003000 08:01 1299777                    /usr/lib/x86_64-linux-gnu/libXau.so.6.0.0
7fb127214000-7fb12723a000 r-xp 00000000 08:01 1300670                    /usr/lib/x86_64-linux-gnu/libxcb.so.1.1.0
7fb12723a000-7fb12743a000 ---p 00026000 08:01 1300670                    /usr/lib/x86_64-linux-gnu/libxcb.so.1.1.0
7fb12743a000-7fb12743b000 r--p 00026000 08:01 1300670                    /usr/lib/x86_64-linux-gnu/libxcb.so.1.1.0
7fb12743b000-7fb12743c000 rw-p 00027000 08:01 1300670                    /usr/lib/x86_64-linux-gnu/libxcb.so.1.1.0
7fb12743c000-7fb12744b000 r-xp 00000000 08:01 1299798                    /usr/lib/x86_64-linux-gnu/libXi.so.6.1.0
7fb12744b000-7fb12764a000 ---p 0000f000 08:01 1299798                    /usr/lib/x86_64-linux-gnu/libXi.so.6.1.0
7fb12764a000-7fb12764b000 r--p 0000e000 08:01 1299798                    /usr/lib/x86_64-linux-gnu/libXi.so.6.1.0
7fb12764b000-7fb12764c000 rw-p 0000f000 08:01 1299798                    /usr/lib/x86_64-linux-gnu/libXi.so.6.1.0
7fb12764c000-7fb127651000 r-xp 00000000 08:01 1299816                    /usr/lib/x86_64-linux-gnu/libXtst.so.6.1.0
7fb127651000-7fb127850000 ---p 00005000 08:01 1299816                    /usr/lib/x86_64-linux-gnu/libXtst.so.6.1.0
7fb127850000-7fb127851000 r--p 00004000 08:01 1299816                    /usr/lib/x86_64-linux-gnu/libXtst.so.6.1.0
7fb127851000-7fb127852000 rw-p 00005000 08:01 1299816                    /usr/lib/x86_64-linux-gnu/libXtst.so.6.1.0
7fb127852000-7fb127985000 r-xp 00000000 08:01 1299775                    /usr/lib/x86_64-linux-gnu/libX11.so.6.3.0
7fb127985000-7fb127b85000 ---p 00133000 08:01 1299775                    /usr/lib/x86_64-linux-gnu/libX11.so.6.3.0
7fb127b85000-7fb127b86000 r--p 00133000 08:01 1299775                    /usr/lib/x86_64-linux-gnu/libX11.so.6.3.0
7fb127b86000-7fb127b8a000 rw-p 00134000 08:01 1299775                    /usr/lib/x86_64-linux-gnu/libX11.so.6.3.0
7fb127b8a000-7fb127b9b000 r-xp 00000000 08:01 1299790                    /usr/lib/x86_64-linux-gnu/libXext.so.6.4.0
7fb127b9b000-7fb127d9a000 ---p 00011000 08:01 1299790                    /usr/lib/x86_64-linux-gnu/libXext.so.6.4.0
7fb127d9a000-7fb127d9b000 r--p 00010000 08:01 1299790                    /usr/lib/x86_64-linux-gnu/libXext.so.6.4.0
7fb127d9b000-7fb127d9c000 rw-p 00011000 08:01 1299790                    /usr/lib/x86_64-linux-gnu/libXext.so.6.4.0
7fb127d9c000-7fb127dfb000 r-xp 00000000 08:01 2329385                    /usr/lib/jvm/java-11-openjdk-amd64/lib/libawt_xawt.so
7fb127dfb000-7fb127ffb000 ---p 0005f000 08:01 2329385                    /usr/lib/jvm/java-11-openjdk-amd64/lib/libawt_xawt.so
7fb127ffb000-7fb127ffc000 r--p 0005f000 08:01 2329385                    /usr/lib/jvm/java-11-openjdk-amd64/lib/libawt_xawt.so
7fb127ffc000-7fb127ffe000 rw-p 00060000 08:01 2329385                    /usr/lib/jvm/java-11-openjdk-amd64/lib/libawt_xawt.so
7fb127ffe000-7fb128000000 rw-p 00000000 00:00 0 
7fb128000000-7fb128021000 rw-p 00000000 00:00 0 
7fb128021000-7fb12c000000 ---p 00000000 00:00 0 
7fb12c000000-7fb12c021000 rw-p 00000000 00:00 0 
7fb12c021000-7fb130000000 ---p 00000000 00:00 0 
7fb130000000-7fb1303cc000 rw-p 00000000 00:00 0 
7fb1303cc000-7fb134000000 ---p 00000000 00:00 0 
7fb134000000-7fb134021000 rw-p 00000000 00:00 0 
7fb134021000-7fb138000000 ---p 00000000 00:00 0 
7fb138000000-7fb138021000 rw-p 00000000 00:00 0 
7fb138021000-7fb13c000000 ---p 00000000 00:00 0 
7fb13c000000-7fb13cb38000 rw-p 00000000 00:00 0 
7fb13cb38000-7fb140000000 ---p 00000000 00:00 0 
7fb140000000-7fb140021000 rw-p 00000000 00:00 0 
7fb140021000-7fb144000000 ---p 00000000 00:00 0 
7fb144000000-7fb144021000 rw-p 00000000 00:00 0 
7fb144021000-7fb148000000 ---p 00000000 00:00 0 
7fb148000000-7fb148021000 rw-p 00000000 00:00 0 
7fb148021000-7fb14c000000 ---p 00000000 00:00 0 
7fb14c001000-7fb14c00a000 r-xp 00000000 08:01 1299810                    /usr/lib/x86_64-linux-gnu/libXrender.so.1.3.0
7fb14c00a000-7fb14c209000 ---p 00009000 08:01 1299810                    /usr/lib/x86_64-linux-gnu/libXrender.so.1.3.0
7fb14c209000-7fb14c20a000 r--p 00008000 08:01 1299810                    /usr/lib/x86_64-linux-gnu/libXrender.so.1.3.0
7fb14c20a000-7fb14c20b000 rw-p 00009000 08:01 1299810                    /usr/lib/x86_64-linux-gnu/libXrender.so.1.3.0
7fb14c20b000-7fb14c2a9000 r-xp 00000000 08:01 2329383                    /usr/lib/jvm/java-11-openjdk-amd64/lib/libawt.so
7fb14c2a9000-7fb14c4a9000 ---p 0009e000 08:01 2329383                    /usr/lib/jvm/java-11-openjdk-amd64/lib/libawt.so
7fb14c4a9000-7fb14c4aa000 r--p 0009e000 08:01 2329383                    /usr/lib/jvm/java-11-openjdk-amd64/lib/libawt.so
7fb14c4aa000-7fb14c4b5000 rw-p 0009f000 08:01 2329383                    /usr/lib/jvm/java-11-openjdk-amd64/lib/libawt.so
7fb14c4b5000-7fb14c4da000 rw-p 00000000 00:00 0 
7fb14c4da000-7fb14c4f0000 r-xp 00000000 08:01 2329406                    /usr/lib/jvm/java-11-openjdk-amd64/lib/libnet.so
7fb14c4f0000-7fb14c6ef000 ---p 00016000 08:01 2329406                    /usr/lib/jvm/java-11-openjdk-amd64/lib/libnet.so
7fb14c6ef000-7fb14c6f0000 r--p 00015000 08:01 2329406                    /usr/lib/jvm/java-11-openjdk-amd64/lib/libnet.so
7fb14c6f0000-7fb14c6f1000 rw-p 00016000 08:01 2329406                    /usr/lib/jvm/java-11-openjdk-amd64/lib/libnet.so
7fb14c6f1000-7fb14c701000 r-xp 00000000 08:01 2329407                    /usr/lib/jvm/java-11-openjdk-amd64/lib/libnio.so
7fb14c701000-7fb14c900000 ---p 00010000 08:01 2329407                    /usr/lib/jvm/java-11-openjdk-amd64/lib/libnio.so
7fb14c900000-7fb14c901000 r--p 0000f000 08:01 2329407                    /usr/lib/jvm/java-11-openjdk-amd64/lib/libnio.so
7fb14c901000-7fb14c902000 rw-p 00010000 08:01 2329407                    /usr/lib/jvm/java-11-openjdk-amd64/lib/libnio.so
7fb14c902000-7fb14cb72000 rwxp 00000000 00:00 0 
7fb14cb72000-7fb14ce91000 ---p 00000000 00:00 0 
7fb14ce91000-7fb14d101000 rwxp 00000000 00:00 0 
7fb14d101000-7fb1543c9000 ---p 00000000 00:00 0 
7fb1543c9000-7fb154639000 rwxp 00000000 00:00 0 
7fb154639000-7fb15b902000 ---p 00000000 00:00 0 
7fb15c000000-7fb15c021000 rw-p 00000000 00:00 0 
7fb15c021000-7fb160000000 ---p 00000000 00:00 0 
7fb163eff000-7fb163f03000 ---p 00000000 00:00 0 
7fb163f03000-7fb164000000 rw-p 00000000 00:00 0 
7fb164000000-7fb16432c000 rw-p 00000000 00:00 0 
7fb16432c000-7fb168000000 ---p 00000000 00:00 0 
7fb168058000-7fb168061000 r--p 00000000 08:01 1549875                    /usr/share/glib-2.0/schemas/gschemas.compiled
7fb168061000-7fb168065000 ---p 00000000 00:00 0 
7fb168065000-7fb168162000 rw-p 00000000 00:00 0 
7fb168162000-7fb168163000 ---p 00000000 00:00 0 
7fb168163000-7fb168264000 rw-p 00000000 00:00 0 
7fb168264000-7fb168268000 ---p 00000000 00:00 0 
7fb168268000-7fb168365000 rw-p 00000000 00:00 0 
7fb168365000-7fb168369000 ---p 00000000 00:00 0 
7fb168369000-7fb168466000 rw-p 00000000 00:00 0 
7fb168466000-7fb16846a000 ---p 00000000 00:00 0 
7fb16846a000-7fb168567000 rw-p 00000000 00:00 0 
7fb168567000-7fb16856b000 ---p 00000000 00:00 0 
7fb16856b000-7fb168668000 rw-p 00000000 00:00 0 
7fb168668000-7fb16866c000 ---p 00000000 00:00 0 
7fb16866c000-7fb168769000 rw-p 00000000 00:00 0 
7fb168769000-7fb168904000 r--p 00000000 08:01 1295820                    /usr/lib/locale/locale-archive
7fb168904000-7fb168908000 ---p 00000000 00:00 0 
7fb168908000-7fb168a05000 rw-p 00000000 00:00 0 
7fb168a05000-7fb168a09000 ---p 00000000 00:00 0 
7fb168a09000-7fb168b06000 rw-p 00000000 00:00 0 
7fb168b06000-7fb168b07000 ---p 00000000 00:00 0 
7fb168b07000-7fb1694e4000 rw-p 00000000 00:00 0 
7fb1694e4000-7fb1694e9000 rw-p 00000000 00:00 0 
7fb1694e9000-7fb1695cf000 ---p 00000000 00:00 0 
7fb1695cf000-7fb1695d4000 rw-p 00000000 00:00 0 
7fb1695d4000-7fb1696ba000 ---p 00000000 00:00 0 
7fb1696ba000-7fb1696c1000 r-xp 00000000 08:01 2329416                    /usr/lib/jvm/java-11-openjdk-amd64/lib/libzip.so
7fb1696c1000-7fb1698c0000 ---p 00007000 08:01 2329416                    /usr/lib/jvm/java-11-openjdk-amd64/lib/libzip.so
7fb1698c0000-7fb1698c1000 r--p 00006000 08:01 2329416                    /usr/lib/jvm/java-11-openjdk-amd64/lib/libzip.so
7fb1698c1000-7fb1698c2000 rw-p 00007000 08:01 2329416                    /usr/lib/jvm/java-11-openjdk-amd64/lib/libzip.so
7fb1698c2000-7fb1698cd000 r-xp 00000000 08:01 779593                     /lib/x86_64-linux-gnu/libnss_files-2.27.so
7fb1698cd000-7fb169acc000 ---p 0000b000 08:01 779593                     /lib/x86_64-linux-gnu/libnss_files-2.27.so
7fb169acc000-7fb169acd000 r--p 0000a000 08:01 779593                     /lib/x86_64-linux-gnu/libnss_files-2.27.so
7fb169acd000-7fb169ace000 rw-p 0000b000 08:01 779593                     /lib/x86_64-linux-gnu/libnss_files-2.27.so
7fb169ace000-7fb169ad4000 rw-p 00000000 00:00 0 
7fb169ad4000-7fb169aeb000 r-xp 00000000 08:01 779575                     /lib/x86_64-linux-gnu/libnsl-2.27.so
7fb169aeb000-7fb169cea000 ---p 00017000 08:01 779575                     /lib/x86_64-linux-gnu/libnsl-2.27.so
7fb169cea000-7fb169ceb000 r--p 00016000 08:01 779575                     /lib/x86_64-linux-gnu/libnsl-2.27.so
7fb169ceb000-7fb169cec000 rw-p 00017000 08:01 779575                     /lib/x86_64-linux-gnu/libnsl-2.27.so
7fb169cec000-7fb169cee000 rw-p 00000000 00:00 0 
7fb169cee000-7fb169cf9000 r-xp 00000000 08:01 779597                     /lib/x86_64-linux-gnu/libnss_nis-2.27.so
7fb169cf9000-7fb169ef8000 ---p 0000b000 08:01 779597                     /lib/x86_64-linux-gnu/libnss_nis-2.27.so
7fb169ef8000-7fb169ef9000 r--p 0000a000 08:01 779597                     /lib/x86_64-linux-gnu/libnss_nis-2.27.so
7fb169ef9000-7fb169efa000 rw-p 0000b000 08:01 779597                     /lib/x86_64-linux-gnu/libnss_nis-2.27.so
7fb169efa000-7fb169f02000 r-xp 00000000 08:01 779589                     /lib/x86_64-linux-gnu/libnss_compat-2.27.so
7fb169f02000-7fb16a102000 ---p 00008000 08:01 779589                     /lib/x86_64-linux-gnu/libnss_compat-2.27.so
7fb16a102000-7fb16a103000 r--p 00008000 08:01 779589                     /lib/x86_64-linux-gnu/libnss_compat-2.27.so
7fb16a103000-7fb16a104000 rw-p 00009000 08:01 779589                     /lib/x86_64-linux-gnu/libnss_compat-2.27.so
7fb16a104000-7fb16a109000 r-xp 00000000 08:01 2329398                    /usr/lib/jvm/java-11-openjdk-amd64/lib/libjimage.so
7fb16a109000-7fb16a308000 ---p 00005000 08:01 2329398                    /usr/lib/jvm/java-11-openjdk-amd64/lib/libjimage.so
7fb16a308000-7fb16a309000 r--p 00004000 08:01 2329398                    /usr/lib/jvm/java-11-openjdk-amd64/lib/libjimage.so
7fb16a309000-7fb16a30a000 rw-p 00005000 08:01 2329398                    /usr/lib/jvm/java-11-openjdk-amd64/lib/libjimage.so
7fb16a30a000-7fb16a333000 r-xp 00000000 08:01 2329394                    /usr/lib/jvm/java-11-openjdk-amd64/lib/libjava.so
7fb16a333000-7fb16a533000 ---p 00029000 08:01 2329394                    /usr/lib/jvm/java-11-openjdk-amd64/lib/libjava.so
7fb16a533000-7fb16a534000 r--p 00029000 08:01 2329394                    /usr/lib/jvm/java-11-openjdk-amd64/lib/libjava.so
7fb16a534000-7fb16a535000 rw-p 0002a000 08:01 2329394                    /usr/lib/jvm/java-11-openjdk-amd64/lib/libjava.so
7fb16a535000-7fb16a536000 rw-p 00000000 00:00 0 
7fb16a536000-7fb16a543000 r-xp 00000000 08:01 2329415                    /usr/lib/jvm/java-11-openjdk-amd64/lib/libverify.so
7fb16a543000-7fb16a742000 ---p 0000d000 08:01 2329415                    /usr/lib/jvm/java-11-openjdk-amd64/lib/libverify.so
7fb16a742000-7fb16a744000 r--p 0000c000 08:01 2329415                    /usr/lib/jvm/java-11-openjdk-amd64/lib/libverify.so
7fb16a744000-7fb16a745000 rw-p 0000e000 08:01 2329415                    /usr/lib/jvm/java-11-openjdk-amd64/lib/libverify.so
7fb16a745000-7fb16a74c000 r-xp 00000000 08:01 779616                     /lib/x86_64-linux-gnu/librt-2.27.so
7fb16a74c000-7fb16a94b000 ---p 00007000 08:01 779616                     /lib/x86_64-linux-gnu/librt-2.27.so
7fb16a94b000-7fb16a94c000 r--p 00006000 08:01 779616                     /lib/x86_64-linux-gnu/librt-2.27.so
7fb16a94c000-7fb16a94d000 rw-p 00007000 08:01 779616                     /lib/x86_64-linux-gnu/librt-2.27.so
7fb16a94d000-7fb16a964000 r-xp 00000000 08:01 779566                     /lib/x86_64-linux-gnu/libgcc_s.so.1
7fb16a964000-7fb16ab63000 ---p 00017000 08:01 779566                     /lib/x86_64-linux-gnu/libgcc_s.so.1
7fb16ab63000-7fb16ab64000 r--p 00016000 08:01 779566                     /lib/x86_64-linux-gnu/libgcc_s.so.1
7fb16ab64000-7fb16ab65000 rw-p 00017000 08:01 779566                     /lib/x86_64-linux-gnu/libgcc_s.so.1
7fb16ab65000-7fb16ad02000 r-xp 00000000 08:01 779574                     /lib/x86_64-linux-gnu/libm-2.27.so
7fb16ad02000-7fb16af01000 ---p 0019d000 08:01 779574                     /lib/x86_64-linux-gnu/libm-2.27.so
7fb16af01000-7fb16af02000 r--p 0019c000 08:01 779574                     /lib/x86_64-linux-gnu/libm-2.27.so
7fb16af02000-7fb16af03000 rw-p 0019d000 08:01 779574                     /lib/x86_64-linux-gnu/libm-2.27.so
7fb16af03000-7fb16b07c000 r-xp 00000000 08:01 780356                     /usr/lib/x86_64-linux-gnu/libstdc++.so.6.0.25
7fb16b07c000-7fb16b27c000 ---p 00179000 08:01 780356                     /usr/lib/x86_64-linux-gnu/libstdc++.so.6.0.25
7fb16b27c000-7fb16b286000 r--p 00179000 08:01 780356                     /usr/lib/x86_64-linux-gnu/libstdc++.so.6.0.25
7fb16b286000-7fb16b288000 rw-p 00183000 08:01 780356                     /usr/lib/x86_64-linux-gnu/libstdc++.so.6.0.25
7fb16b288000-7fb16b28c000 rw-p 00000000 00:00 0 
7fb16b28c000-7fb16c36a000 r-xp 00000000 08:01 2329429                    /usr/lib/jvm/java-11-openjdk-amd64/lib/server/libjvm.so
7fb16c36a000-7fb16c569000 ---p 010de000 08:01 2329429                    /usr/lib/jvm/java-11-openjdk-amd64/lib/server/libjvm.so
7fb16c569000-7fb16c626000 r--p 010dd000 08:01 2329429                    /usr/lib/jvm/java-11-openjdk-amd64/lib/server/libjvm.so
7fb16c626000-7fb16c65f000 rw-p 0119a000 08:01 2329429                    /usr/lib/jvm/java-11-openjdk-amd64/lib/server/libjvm.so
7fb16c65f000-7fb16c6b6000 rw-p 00000000 00:00 0 
7fb16c6b6000-7fb16c6d0000 r-xp 00000000 08:01 779612                     /lib/x86_64-linux-gnu/libpthread-2.27.so
7fb16c6d0000-7fb16c8cf000 ---p 0001a000 08:01 779612                     /lib/x86_64-linux-gnu/libpthread-2.27.so
7fb16c8cf000-7fb16c8d0000 r--p 00019000 08:01 779612                     /lib/x86_64-linux-gnu/libpthread-2.27.so
7fb16c8d0000-7fb16c8d1000 rw-p 0001a000 08:01 779612                     /lib/x86_64-linux-gnu/libpthread-2.27.so
7fb16c8d1000-7fb16c8d5000 rw-p 00000000 00:00 0 
7fb16c8d5000-7fb16c8d8000 r-xp 00000000 08:01 779558                     /lib/x86_64-linux-gnu/libdl-2.27.so
7fb16c8d8000-7fb16cad7000 ---p 00003000 08:01 779558                     /lib/x86_64-linux-gnu/libdl-2.27.so
7fb16cad7000-7fb16cad8000 r--p 00002000 08:01 779558                     /lib/x86_64-linux-gnu/libdl-2.27.so
7fb16cad8000-7fb16cad9000 rw-p 00003000 08:01 779558                     /lib/x86_64-linux-gnu/libdl-2.27.so
7fb16cad9000-7fb16caf5000 r-xp 00000000 08:01 779639                     /lib/x86_64-linux-gnu/libz.so.1.2.11
7fb16caf5000-7fb16ccf4000 ---p 0001c000 08:01 779639                     /lib/x86_64-linux-gnu/libz.so.1.2.11
7fb16ccf4000-7fb16ccf5000 r--p 0001b000 08:01 779639                     /lib/x86_64-linux-gnu/libz.so.1.2.11
7fb16ccf5000-7fb16ccf6000 rw-p 0001c000 08:01 779639                     /lib/x86_64-linux-gnu/libz.so.1.2.11
7fb16ccf6000-7fb16cedd000 r-xp 00000000 08:01 779546                     /lib/x86_64-linux-gnu/libc-2.27.so
7fb16cedd000-7fb16d0dd000 ---p 001e7000 08:01 779546                     /lib/x86_64-linux-gnu/libc-2.27.so
7fb16d0dd000-7fb16d0e1000 r--p 001e7000 08:01 779546                     /lib/x86_64-linux-gnu/libc-2.27.so
7fb16d0e1000-7fb16d0e3000 rw-p 001eb000 08:01 779546                     /lib/x86_64-linux-gnu/libc-2.27.so
7fb16d0e3000-7fb16d0e7000 rw-p 00000000 00:00 0 
7fb16d0e7000-7fb16d0f7000 r-xp 00000000 08:01 2329376                    /usr/lib/jvm/java-11-openjdk-amd64/lib/jli/libjli.so
7fb16d0f7000-7fb16d2f6000 ---p 00010000 08:01 2329376                    /usr/lib/jvm/java-11-openjdk-amd64/lib/jli/libjli.so
7fb16d2f6000-7fb16d2f7000 r--p 0000f000 08:01 2329376                    /usr/lib/jvm/java-11-openjdk-amd64/lib/jli/libjli.so
7fb16d2f7000-7fb16d2f8000 rw-p 00010000 08:01 2329376                    /usr/lib/jvm/java-11-openjdk-amd64/lib/jli/libjli.so
7fb16d2f8000-7fb16d31f000 r-xp 00000000 08:01 779528                     /lib/x86_64-linux-gnu/ld-2.27.so
7fb16d323000-7fb16d390000 rw-p 00000000 00:00 0 
7fb16d390000-7fb16d3b8000 ---p 00000000 00:00 0 
7fb16d3b8000-7fb16d3ba000 rw-p 00000000 00:00 0 
7fb16d3ba000-7fb16d3cd000 ---p 00000000 00:00 0 
7fb16d3cd000-7fb16d3d0000 rw-p 00000000 00:00 0 
7fb16d3d0000-7fb16d3f8000 ---p 00000000 00:00 0 
7fb16d3f8000-7fb16d3f9000 rw-p 00000000 00:00 0 
7fb16d3f9000-7fb16d3fd000 ---p 00000000 00:00 0 
7fb16d3fd000-7fb16d4ff000 rw-p 00000000 00:00 0 
7fb16d4ff000-7fb16d500000 r--s 00000000 08:01 4938173                    /home/runner/.cache/dconf/user
7fb16d500000-7fb16d505000 rw-p 00000000 00:00 0 
7fb16d505000-7fb16d50c000 ---p 00000000 00:00 0 
7fb16d50c000-7fb16d50e000 r--s 00007000 08:01 3106345                    /usr/share/java/java-atk-wrapper.jar
7fb16d50e000-7fb16d516000 rw-s 00000000 08:01 8557910                    /tmp/hsperfdata_runner/869
7fb16d516000-7fb16d517000 ---p 00000000 00:00 0 
7fb16d517000-7fb16d518000 r--p 00000000 00:00 0 
7fb16d518000-7fb16d519000 r--p 00000000 08:01 2080369                    /usr/local/lib/repl.so
7fb16d519000-7fb16d51a000 r-xp 00001000 08:01 2080369                    /usr/local/lib/repl.so
7fb16d51a000-7fb16d51b000 r--p 00002000 08:01 2080369                    /usr/local/lib/repl.so
7fb16d51b000-7fb16d51c000 r--p 00002000 08:01 2080369                    /usr/local/lib/repl.so
7fb16d51c000-7fb16d51d000 rw-p 00003000 08:01 2080369                    /usr/local/lib/repl.so
7fb16d51d000-7fb16d51f000 rw-p 00000000 00:00 0 
7fb16d51f000-7fb16d520000 r--p 00027000 08:01 779528                     /lib/x86_64-linux-gnu/ld-2.27.so
7fb16d520000-7fb16d521000 rw-p 00028000 08:01 779528                     /lib/x86_64-linux-gnu/ld-2.27.so
7fb16d521000-7fb16d522000 rw-p 00000000 00:00 0 
7ffe04f4e000-7ffe04f6f000 rw-p 00000000 00:00 0                          [stack]
7ffe04fb9000-7ffe04fbc000 r--p 00000000 00:00 0                          [vvar]
7ffe04fbc000-7ffe04fbd000 r-xp 00000000 00:00 0                          [vdso]
ffffffffff600000-ffffffffff601000 r-xp 00000000 00:00 0                  [vsyscall]


VM Arguments:
java_command: Sketch
java_class_path (initial): /home/runner/programming-summative-2/lib/core.jar:/home/runner/programming-summative-2/build/
Launcher Type: SUN_STANDARD

[Global flags]
     intx CICompilerCount                          = 2                                         {product} {ergonomic}
   size_t InitialHeapSize                          = 8388608                                   {product} {ergonomic}
   size_t MaxHeapSize                              = 134217728                                 {product} {ergonomic}
   size_t MaxNewSize                               = 44695552                                  {product} {ergonomic}
   size_t MinHeapDeltaBytes                        = 196608                                    {product} {ergonomic}
   size_t NewSize                                  = 2752512                                   {product} {ergonomic}
    uintx NonNMethodCodeHeapSize                   = 5825164                                {pd product} {ergonomic}
    uintx NonProfiledCodeHeapSize                  = 122916538                              {pd product} {ergonomic}
   size_t OldSize                                  = 5636096                                   {product} {ergonomic}
    uintx ProfiledCodeHeapSize                     = 122916538                              {pd product} {ergonomic}
    uintx ReservedCodeCacheSize                    = 251658240                              {pd product} {ergonomic}
     bool SegmentedCodeCache                       = true                                      {product} {ergonomic}
     bool UseCompressedClassPointers               = true                                 {lp64_product} {ergonomic}
     bool UseCompressedOops                        = true                                 {lp64_product} {ergonomic}
     bool UseSerialGC                              = true                                      {product} {ergonomic}

Logging:
Log output configuration:
 #0: stdout all=warning uptime,level,tags
 #1: stderr all=off uptime,level,tags

Environment Variables:
CLASSPATH=/home/runner/programming-summative-2/lib/core.jar:/home/runner/programming-summative-2/build/
PATH=/home/runner/.apt/usr/bin:/usr/local/go/bin:/opt/virtualenvs/python3/bin:/usr/GNUstep/System/Tools:/usr/GNUstep/Local/Tools:/usr/local/sbin:/usr/local/bin:/usr/sbin:/usr/bin:/sbin:/bin
LD_LIBRARY_PATH=/home/runner/.apt/usr/lib/x86_64-linux-gnu:/home/runner/.apt/usr/lib/i386-linux-gnu:/home/runner/.apt/usr/lib:
LD_PRELOAD=/usr/local/lib/repl.so
DISPLAY=MAGIC
LANG=en_US.UTF-8
LC_ALL=en_US.UTF-8

Signal Handlers:
SIGSEGV: [libjvm.so+0xdf9610], sa_mask[0]=11111111011111111101111111111110, sa_flags=SA_RESTART|SA_SIGINFO
SIGBUS: [libjvm.so+0xdf9610], sa_mask[0]=11111111011111111101111111111110, sa_flags=SA_RESTART|SA_SIGINFO
SIGFPE: [libjvm.so+0xdf9610], sa_mask[0]=11111111011111111101111111111110, sa_flags=SA_RESTART|SA_SIGINFO
SIGPIPE: SIG_IGN, sa_mask[0]=00000000000010000000000000000000, sa_flags=SA_RESTART
SIGXFSZ: [libjvm.so+0xbcc360], sa_mask[0]=11111111011111111101111111111110, sa_flags=SA_RESTART|SA_SIGINFO
SIGILL: [libjvm.so+0xdf9610], sa_mask[0]=11111111011111111101111111111110, sa_flags=SA_RESTART|SA_SIGINFO
SIGUSR2: [libjvm.so+0xbcc200], sa_mask[0]=00000000000000000000000000000000, sa_flags=SA_RESTART|SA_SIGINFO
SIGHUP: [libjvm.so+0xbcc560], sa_mask[0]=11111111011111111101111111111110, sa_flags=SA_RESTART|SA_SIGINFO
SIGINT: [libjvm.so+0xbcc560], sa_mask[0]=11111111011111111101111111111110, sa_flags=SA_RESTART|SA_SIGINFO
SIGTERM: [libjvm.so+0xbcc560], sa_mask[0]=11111111011111111101111111111110, sa_flags=SA_RESTART|SA_SIGINFO
SIGQUIT: [libjvm.so+0xbcc560], sa_mask[0]=11111111011111111101111111111110, sa_flags=SA_RESTART|SA_SIGINFO


---------------  S Y S T E M  ---------------

OS:DISTRIB_ID=Ubuntu
DISTRIB_RELEASE=18.04
DISTRIB_CODENAME=bionic
DISTRIB_DESCRIPTION="Ubuntu 18.04.5 LTS"
uname:Linux 5.4.0-1019-gcp #19-Ubuntu SMP Tue Jun 23 15:46:40 UTC 2020 x86_64
OS uptime: 0 days 20:07 hours
libc:glibc 2.27 NPTL 2.27 
rlimit (soft/hard): STACK 8192k/infinity , CORE infinity/infinity , NPROC infinity/infinity , NOFILE 512/512 , AS infinity/infinity , CPU infinity/infinity , DATA infinity/infinity , FSIZE infinity/infinity , MEMLOCK 64k/64k
load average:7.27 6.25 4.91

/proc/meminfo:
MemTotal:       26694660 kB
MemFree:          464980 kB
MemAvailable:   16193484 kB
Buffers:          249924 kB
Cached:         12816060 kB
SwapCached:            0 kB
Active:         16492188 kB
Inactive:        5262128 kB
Active(anon):    6918688 kB
Inactive(anon):    17368 kB
Active(file):    9573500 kB
Inactive(file):  5244760 kB
Unevictable:       51908 kB
Mlocked:           51908 kB
SwapTotal:             0 kB
SwapFree:              0 kB
Dirty:              5200 kB
Writeback:             0 kB
AnonPages:       8740268 kB
Mapped:           928108 kB
Shmem:             29560 kB
KReclaimable:    1327820 kB
Slab:            3613132 kB
SReclaimable:    1327820 kB
SUnreclaim:      2285312 kB
KernelStack:      379664 kB
PageTables:       151056 kB
NFS_Unstable:          0 kB
Bounce:                0 kB
WritebackTmp:          0 kB
CommitLimit:    13347328 kB
Committed_AS:   86426600 kB
VmallocTotal:   34359738367 kB
VmallocUsed:      400792 kB
VmallocChunk:          0 kB
Percpu:            46112 kB
HardwareCorrupted:     0 kB
AnonHugePages:    292864 kB
ShmemHugePages:        0 kB
ShmemPmdMapped:        0 kB
FileHugePages:         0 kB
FilePmdMapped:         0 kB
CmaTotal:              0 kB
CmaFree:               0 kB
HugePages_Total:       0
HugePages_Free:        0
HugePages_Rsvd:        0
HugePages_Surp:        0
Hugepagesize:       2048 kB
Hugetlb:               0 kB
DirectMap4k:     6903016 kB
DirectMap2M:    20359168 kB
DirectMap1G:     2097152 kB

/sys/kernel/mm/transparent_hugepage/enabled:
always [madvise] never

/sys/kernel/mm/transparent_hugepage/defrag (defrag/compaction efforts parameter):
always defer defer+madvise [madvise] never


/proc/sys/kernel/threads-max (system-wide limit on the number of threads):
208489


/proc/sys/vm/max_map_count (maximum number of memory map areas a process may have):
65530


/proc/sys/kernel/pid_max (system-wide limit on number of process identifiers):
4194304



container (cgroup) information:
container_type: cgroupv1
cpu_cpuset_cpus: 0-3
cpu_memory_nodes: 0
active_processor_count: 1
cpu_quota: 50000
cpu_period: 100000
cpu_shares: 512
memory_limit_in_bytes: 536870912
memory_and_swap_limit_in_bytes: -2
memory_soft_limit_in_bytes: -1
memory_usage_in_bytes: 527822848
memory_max_usage_in_bytes: 536870912

KVM virtualization detected
Steal ticks since vm start: 0
Steal ticks percentage since vm start:  0.000

CPU:total 4 (initial active 1) (2 cores per cpu, 2 threads per core) family 6 model 63 stepping 0, cmov, cx8, fxsr, mmx, sse, sse2, sse3, ssse3, sse4.1, sse4.2, popcnt, avx, avx2, aes, clmul, erms, lzcnt, ht, tsc, tscinvbit, bmi1, bmi2, fma
CPU Model and flags from /proc/cpuinfo:
model name	: Intel(R) Xeon(R) CPU @ 2.30GHz
flags		: fpu vme de pse tsc msr pae mce cx8 apic sep mtrr pge mca cmov pat pse36 clflush mmx fxsr sse sse2 ss ht syscall nx pdpe1gb rdtscp lm constant_tsc rep_good nopl xtopology nonstop_tsc cpuid tsc_known_freq pni pclmulqdq ssse3 fma cx16 pcid sse4_1 sse4_2 x2apic movbe popcnt aes xsave avx f16c rdrand hypervisor lahf_lm abm invpcid_single pti ssbd ibrs ibpb stibp fsgsbase tsc_adjust bmi1 avx2 smep bmi2 erms invpcid xsaveopt arat md_clear arch_capabilities

Memory: 4k page, physical 524288k(8836k free), swap 0k(0k free)

vm_info: OpenJDK 64-Bit Server VM (11.0.8+10-post-Ubuntu-0ubuntu118.04.1) for linux-amd64 JRE (11.0.8+10-post-Ubuntu-0ubuntu118.04.1), built on Jul 15 2020 20:45:24 by "unknown" with gcc 7.5.0

END.
